[1.155s] DEBUG:colcon:Command line arguments: ['/usr/bin/colcon', 'build']
[1.155s] DEBUG:colcon:Parsed command line arguments: Namespace(log_base=None, log_level=None, verb_name='build', build_base='build', install_base='install', merge_install=False, symlink_install=False, test_result_base=None, continue_on_error=False, executor='parallel', parallel_workers=16, event_handlers=None, ignore_user_meta=False, metas=['./colcon.meta'], base_paths=['.'], packages_ignore=None, packages_ignore_regex=None, paths=None, packages_up_to=None, packages_up_to_regex=None, packages_above=None, packages_above_and_dependencies=None, packages_above_depth=None, packages_select_by_dep=None, packages_skip_by_dep=None, packages_skip_up_to=None, packages_select_build_failed=False, packages_skip_build_finished=False, packages_select_test_failures=False, packages_skip_test_passed=False, packages_select=None, packages_skip=None, packages_select_regex=None, packages_skip_regex=None, packages_start=None, packages_end=None, allow_overriding=[], cmake_args=None, cmake_target=None, cmake_target_skip_unavailable=False, cmake_clean_cache=False, cmake_clean_first=False, cmake_force_configure=False, ament_cmake_args=None, catkin_cmake_args=None, catkin_skip_building_tests=False, verb_parser=<colcon_defaults.argument_parser.defaults.DefaultArgumentsDecorator object at 0x7b016fd33010>, verb_extension=<colcon_core.verb.build.BuildVerb object at 0x7b016fe74430>, main=<bound method BuildVerb.main of <colcon_core.verb.build.BuildVerb object at 0x7b016fe74430>>)
[1.861s] Level 1:colcon.colcon_core.package_discovery:discover_packages(colcon_meta) check parameters
[1.862s] Level 1:colcon.colcon_core.package_discovery:discover_packages(recursive) check parameters
[1.862s] Level 1:colcon.colcon_core.package_discovery:discover_packages(ignore) check parameters
[1.862s] Level 1:colcon.colcon_core.package_discovery:discover_packages(path) check parameters
[1.862s] Level 1:colcon.colcon_core.package_discovery:discover_packages(colcon_meta) discover
[1.862s] Level 1:colcon.colcon_core.package_discovery:discover_packages(recursive) discover
[1.862s] INFO:colcon.colcon_core.package_discovery:Crawling recursively for packages in '/home/naitou/ros2_ws/src/mypkg'
[1.863s] Level 1:colcon.colcon_core.package_identification:_identify(.) by extensions ['ignore', 'ignore_ament_install']
[1.863s] Level 1:colcon.colcon_core.package_identification:_identify(.) by extension 'ignore'
[1.863s] Level 1:colcon.colcon_core.package_identification:_identify(.) by extension 'ignore_ament_install'
[1.863s] Level 1:colcon.colcon_core.package_identification:_identify(.) by extensions ['colcon_pkg']
[1.864s] Level 1:colcon.colcon_core.package_identification:_identify(.) by extension 'colcon_pkg'
[1.864s] Level 1:colcon.colcon_core.package_identification:_identify(.) by extensions ['colcon_meta']
[1.864s] Level 1:colcon.colcon_core.package_identification:_identify(.) by extension 'colcon_meta'
[1.864s] Level 1:colcon.colcon_core.package_identification:_identify(.) by extensions ['ros']
[1.864s] Level 1:colcon.colcon_core.package_identification:_identify(.) by extension 'ros'
[1.906s] DEBUG:colcon.colcon_core.package_identification:Package '.' with type 'ros.ament_python' and name 'mypkg'
[1.906s] Level 1:colcon.colcon_core.package_discovery:discover_packages(recursive) using defaults
[1.906s] Level 1:colcon.colcon_core.package_discovery:discover_packages(ignore) discover
[1.906s] Level 1:colcon.colcon_core.package_discovery:discover_packages(ignore) using defaults
[1.906s] Level 1:colcon.colcon_core.package_discovery:discover_packages(path) discover
[1.906s] Level 1:colcon.colcon_core.package_discovery:discover_packages(path) using defaults
[1.989s] Level 1:colcon.colcon_core.package_discovery:discover_packages(prefix_path) check parameters
[1.989s] Level 1:colcon.colcon_core.package_discovery:discover_packages(prefix_path) discover
[2.002s] DEBUG:colcon.colcon_installed_package_information.package_discovery:Found 0 installed packages in /home/naitou/ros2_ws/install
[2.009s] DEBUG:colcon.colcon_installed_package_information.package_discovery:Found 271 installed packages in /opt/ros/humble
[2.013s] Level 1:colcon.colcon_core.package_discovery:discover_packages(prefix_path) using defaults
[2.254s] Level 5:colcon.colcon_core.verb:set package 'mypkg' build argument 'cmake_args' from command line to 'None'
[2.254s] Level 5:colcon.colcon_core.verb:set package 'mypkg' build argument 'cmake_target' from command line to 'None'
[2.254s] Level 5:colcon.colcon_core.verb:set package 'mypkg' build argument 'cmake_target_skip_unavailable' from command line to 'False'
[2.255s] Level 5:colcon.colcon_core.verb:set package 'mypkg' build argument 'cmake_clean_cache' from command line to 'False'
[2.255s] Level 5:colcon.colcon_core.verb:set package 'mypkg' build argument 'cmake_clean_first' from command line to 'False'
[2.255s] Level 5:colcon.colcon_core.verb:set package 'mypkg' build argument 'cmake_force_configure' from command line to 'False'
[2.255s] Level 5:colcon.colcon_core.verb:set package 'mypkg' build argument 'ament_cmake_args' from command line to 'None'
[2.255s] Level 5:colcon.colcon_core.verb:set package 'mypkg' build argument 'catkin_cmake_args' from command line to 'None'
[2.255s] Level 5:colcon.colcon_core.verb:set package 'mypkg' build argument 'catkin_skip_building_tests' from command line to 'False'
[2.255s] DEBUG:colcon.colcon_core.verb:Building package 'mypkg' with the following arguments: {'ament_cmake_args': None, 'build_base': '/home/naitou/ros2_ws/src/mypkg/build/mypkg', 'catkin_cmake_args': None, 'catkin_skip_building_tests': False, 'cmake_args': None, 'cmake_clean_cache': False, 'cmake_clean_first': False, 'cmake_force_configure': False, 'cmake_target': None, 'cmake_target_skip_unavailable': False, 'install_base': '/home/naitou/ros2_ws/src/mypkg/install/mypkg', 'merge_install': False, 'path': '/home/naitou/ros2_ws/src/mypkg', 'symlink_install': False, 'test_result_base': None}
[2.255s] INFO:colcon.colcon_core.executor:Executing jobs using 'parallel' executor
[2.258s] DEBUG:colcon.colcon_parallel_executor.executor.parallel:run_until_complete
[2.258s] INFO:colcon.colcon_ros.task.ament_python.build:Building ROS package in '/home/naitou/ros2_ws/src/mypkg' with build type 'ament_python'
[2.259s] Level 1:colcon.colcon_core.shell:create_environment_hook('mypkg', 'ament_prefix_path')
[2.275s] INFO:colcon.colcon_core.plugin_system:Skipping extension 'colcon_core.shell.bat': Not used on non-Windows systems
[2.275s] INFO:colcon.colcon_core.shell:Creating environment hook '/home/naitou/ros2_ws/src/mypkg/install/mypkg/share/mypkg/hook/ament_prefix_path.ps1'
[2.282s] INFO:colcon.colcon_core.shell:Creating environment descriptor '/home/naitou/ros2_ws/src/mypkg/install/mypkg/share/mypkg/hook/ament_prefix_path.dsv'
[2.284s] INFO:colcon.colcon_core.shell:Creating environment hook '/home/naitou/ros2_ws/src/mypkg/install/mypkg/share/mypkg/hook/ament_prefix_path.sh'
[2.286s] INFO:colcon.colcon_core.shell:Skip shell extension 'powershell' for command environment: Not usable outside of PowerShell
[2.286s] DEBUG:colcon.colcon_core.shell:Skip shell extension 'dsv' for command environment
[3.022s] INFO:colcon.colcon_core.task.python.build:Building Python package in '/home/naitou/ros2_ws/src/mypkg'
[3.023s] INFO:colcon.colcon_core.shell:Skip shell extension 'powershell' for command environment: Not usable outside of PowerShell
[3.023s] DEBUG:colcon.colcon_core.shell:Skip shell extension 'dsv' for command environment
[4.330s] DEBUG:colcon.colcon_core.event_handler.log_command:Invoking command in '/home/naitou/ros2_ws/src/mypkg': CONDA_PROMPT_MODIFIER=(base) PYTHONPATH=/home/naitou/ros2_ws/src/mypkg/build/mypkg/prefix_override:/usr/lib/python3/dist-packages/colcon_core/task/python/colcon_distutils_commands:/home/naitou/ros2_ws/src/mypkg/install/mypkg/lib/python3.10/site-packages:${PYTHONPATH} /usr/bin/python3 -W ignore:setup.py install is deprecated -W ignore:easy_install command is deprecated setup.py egg_info --egg-base build/mypkg build --build-base /home/naitou/ros2_ws/src/mypkg/build/mypkg/build install --record /home/naitou/ros2_ws/src/mypkg/build/mypkg/install.log --single-version-externally-managed install_data
[5.001s] DEBUG:colcon.colcon_core.event_handler.log_command:Invoked command in '/home/naitou/ros2_ws/src/mypkg' returned '0': CONDA_PROMPT_MODIFIER=(base) PYTHONPATH=/home/naitou/ros2_ws/src/mypkg/build/mypkg/prefix_override:/usr/lib/python3/dist-packages/colcon_core/task/python/colcon_distutils_commands:/home/naitou/ros2_ws/src/mypkg/install/mypkg/lib/python3.10/site-packages:${PYTHONPATH} /usr/bin/python3 -W ignore:setup.py install is deprecated -W ignore:easy_install command is deprecated setup.py egg_info --egg-base build/mypkg build --build-base /home/naitou/ros2_ws/src/mypkg/build/mypkg/build install --record /home/naitou/ros2_ws/src/mypkg/build/mypkg/install.log --single-version-externally-managed install_data
[5.021s] Level 1:colcon.colcon_core.environment:checking '/home/naitou/ros2_ws/src/mypkg/install/mypkg' for CMake module files
[5.022s] Level 1:colcon.colcon_core.environment:checking '/home/naitou/ros2_ws/src/mypkg/install/mypkg' for CMake config files
[5.023s] Level 1:colcon.colcon_core.environment:checking '/home/naitou/ros2_ws/src/mypkg/install/mypkg/lib'
[5.023s] Level 1:colcon.colcon_core.environment:checking '/home/naitou/ros2_ws/src/mypkg/install/mypkg/bin'
[5.023s] Level 1:colcon.colcon_core.environment:checking '/home/naitou/ros2_ws/src/mypkg/install/mypkg/lib/pkgconfig/mypkg.pc'
[5.024s] Level 1:colcon.colcon_core.environment:checking '/home/naitou/ros2_ws/src/mypkg/install/mypkg/lib/python3.10/site-packages'
[5.024s] Level 1:colcon.colcon_core.shell:create_environment_hook('mypkg', 'pythonpath')
[5.025s] INFO:colcon.colcon_core.shell:Creating environment hook '/home/naitou/ros2_ws/src/mypkg/install/mypkg/share/mypkg/hook/pythonpath.ps1'
[5.026s] INFO:colcon.colcon_core.shell:Creating environment descriptor '/home/naitou/ros2_ws/src/mypkg/install/mypkg/share/mypkg/hook/pythonpath.dsv'
[5.027s] INFO:colcon.colcon_core.shell:Creating environment hook '/home/naitou/ros2_ws/src/mypkg/install/mypkg/share/mypkg/hook/pythonpath.sh'
[5.029s] Level 1:colcon.colcon_core.environment:checking '/home/naitou/ros2_ws/src/mypkg/install/mypkg/bin'
[5.029s] Level 1:colcon.colcon_core.environment:create_environment_scripts_only(mypkg)
[5.030s] INFO:colcon.colcon_core.shell:Creating package script '/home/naitou/ros2_ws/src/mypkg/install/mypkg/share/mypkg/package.ps1'
[5.032s] INFO:colcon.colcon_core.shell:Creating package descriptor '/home/naitou/ros2_ws/src/mypkg/install/mypkg/share/mypkg/package.dsv'
[5.036s] INFO:colcon.colcon_core.shell:Creating package script '/home/naitou/ros2_ws/src/mypkg/install/mypkg/share/mypkg/package.sh'
[5.040s] INFO:colcon.colcon_core.shell:Creating package script '/home/naitou/ros2_ws/src/mypkg/install/mypkg/share/mypkg/package.bash'
[5.043s] INFO:colcon.colcon_core.shell:Creating package script '/home/naitou/ros2_ws/src/mypkg/install/mypkg/share/mypkg/package.zsh'
[5.046s] Level 1:colcon.colcon_core.environment:create_file_with_runtime_dependencies(/home/naitou/ros2_ws/src/mypkg/install/mypkg/share/colcon-core/packages/mypkg)
[5.049s] DEBUG:colcon.colcon_parallel_executor.executor.parallel:closing loop
[5.050s] DEBUG:colcon.colcon_parallel_executor.executor.parallel:loop closed
[5.051s] DEBUG:colcon.colcon_parallel_executor.executor.parallel:run_until_complete finished with '0'
[5.051s] DEBUG:colcon.colcon_core.event_reactor:joining thread
[5.158s] INFO:colcon.colcon_core.plugin_system:Skipping extension 'colcon_notification.desktop_notification.notify_send': Could not find 'notify-send'
[5.159s] INFO:colcon.colcon_core.plugin_system:Skipping extension 'colcon_notification.desktop_notification.terminal_notifier': Not used on non-Darwin systems
[5.159s] INFO:colcon.colcon_core.plugin_system:Skipping extension 'colcon_notification.desktop_notification.win32': Not used on non-Windows systems
[5.159s] INFO:colcon.colcon_notification.desktop_notification:Sending desktop notification using 'notify2'
[5.165s] DEBUG:colcon.colcon_notification.desktop_notification.notify2:Failed to initialize notify2: org.freedesktop.DBus.Error.ServiceUnknown: The name org.freedesktop.Notifications was not provided by any .service files
[5.166s] DEBUG:colcon.colcon_core.event_reactor:joined thread
[5.166s] INFO:colcon.colcon_core.shell:Creating prefix script '/home/naitou/ros2_ws/src/mypkg/install/local_setup.ps1'
[5.170s] INFO:colcon.colcon_core.shell:Creating prefix util module '/home/naitou/ros2_ws/src/mypkg/install/_local_setup_util_ps1.py'
[5.173s] INFO:colcon.colcon_core.shell:Creating prefix chain script '/home/naitou/ros2_ws/src/mypkg/install/setup.ps1'
[5.177s] INFO:colcon.colcon_core.shell:Creating prefix script '/home/naitou/ros2_ws/src/mypkg/install/local_setup.sh'
[5.179s] INFO:colcon.colcon_core.shell:Creating prefix util module '/home/naitou/ros2_ws/src/mypkg/install/_local_setup_util_sh.py'
[5.180s] INFO:colcon.colcon_core.shell:Creating prefix chain script '/home/naitou/ros2_ws/src/mypkg/install/setup.sh'
[5.182s] INFO:colcon.colcon_core.shell:Creating prefix script '/home/naitou/ros2_ws/src/mypkg/install/local_setup.bash'
[5.185s] INFO:colcon.colcon_core.shell:Creating prefix chain script '/home/naitou/ros2_ws/src/mypkg/install/setup.bash'
[5.188s] INFO:colcon.colcon_core.shell:Creating prefix script '/home/naitou/ros2_ws/src/mypkg/install/local_setup.zsh'
[5.190s] INFO:colcon.colcon_core.shell:Creating prefix chain script '/home/naitou/ros2_ws/src/mypkg/install/setup.zsh'
