[2.027s] Invoking command in '/home/naitou/ros2_ws/src/mypkg': CONDA_PROMPT_MODIFIER=(base) PYTHONPATH=/home/naitou/ros2_ws/build/mypkg/prefix_override:/usr/lib/python3/dist-packages/colcon_core/task/python/colcon_distutils_commands:/home/naitou/ros2_ws/install/mypkg/lib/python3.10/site-packages:${PYTHONPATH} /usr/bin/python3 -W ignore:setup.py install is deprecated -W ignore:easy_install command is deprecated setup.py egg_info --egg-base ../../build/mypkg build --build-base /home/naitou/ros2_ws/build/mypkg/build install --record /home/naitou/ros2_ws/build/mypkg/install.log --single-version-externally-managed install_data
[2.531s] running egg_info
[2.532s] writing ../../build/mypkg/mypkg.egg-info/PKG-INFO
[2.533s] writing dependency_links to ../../build/mypkg/mypkg.egg-info/dependency_links.txt
[2.533s] writing entry points to ../../build/mypkg/mypkg.egg-info/entry_points.txt
[2.534s] writing requirements to ../../build/mypkg/mypkg.egg-info/requires.txt
[2.535s] writing top-level names to ../../build/mypkg/mypkg.egg-info/top_level.txt
[2.543s] reading manifest file '../../build/mypkg/mypkg.egg-info/SOURCES.txt'
[2.546s] writing manifest file '../../build/mypkg/mypkg.egg-info/SOURCES.txt'
[2.547s] running build
[2.547s] running build_py
[2.547s] copying mypkg/listener.py -> /home/naitou/ros2_ws/build/mypkg/build/lib/mypkg
[2.548s] running install
[2.549s] running install_lib
[2.552s] copying /home/naitou/ros2_ws/build/mypkg/build/lib/mypkg/listener.py -> /home/naitou/ros2_ws/install/mypkg/lib/python3.10/site-packages/mypkg
[2.554s] byte-compiling /home/naitou/ros2_ws/install/mypkg/lib/python3.10/site-packages/mypkg/listener.py to listener.cpython-310.pyc
[2.556s] running install_data
[2.556s] running install_egg_info
[2.561s] removing '/home/naitou/ros2_ws/install/mypkg/lib/python3.10/site-packages/mypkg-0.0.0-py3.10.egg-info' (and everything under it)
[2.562s] Copying ../../build/mypkg/mypkg.egg-info to /home/naitou/ros2_ws/install/mypkg/lib/python3.10/site-packages/mypkg-0.0.0-py3.10.egg-info
[2.567s] running install_scripts
[2.610s] Installing listener script to /home/naitou/ros2_ws/install/mypkg/lib/mypkg
[2.611s] Installing talker script to /home/naitou/ros2_ws/install/mypkg/lib/mypkg
[2.612s] writing list of installed files to '/home/naitou/ros2_ws/build/mypkg/install.log'
[2.663s] Invoked command in '/home/naitou/ros2_ws/src/mypkg' returned '0': CONDA_PROMPT_MODIFIER=(base) PYTHONPATH=/home/naitou/ros2_ws/build/mypkg/prefix_override:/usr/lib/python3/dist-packages/colcon_core/task/python/colcon_distutils_commands:/home/naitou/ros2_ws/install/mypkg/lib/python3.10/site-packages:${PYTHONPATH} /usr/bin/python3 -W ignore:setup.py install is deprecated -W ignore:easy_install command is deprecated setup.py egg_info --egg-base ../../build/mypkg build --build-base /home/naitou/ros2_ws/build/mypkg/build install --record /home/naitou/ros2_ws/build/mypkg/install.log --single-version-externally-managed install_data
