[0.699s] DEBUG:colcon:Command line arguments: ['/usr/bin/colcon', 'build']
[0.699s] DEBUG:colcon:Parsed command line arguments: Namespace(log_base=None, log_level=None, verb_name='build', build_base='build', install_base='install', merge_install=False, symlink_install=False, test_result_base=None, continue_on_error=False, executor='parallel', parallel_workers=16, event_handlers=None, ignore_user_meta=False, metas=['./colcon.meta'], base_paths=['.'], packages_ignore=None, packages_ignore_regex=None, paths=None, packages_up_to=None, packages_up_to_regex=None, packages_above=None, packages_above_and_dependencies=None, packages_above_depth=None, packages_select_by_dep=None, packages_skip_by_dep=None, packages_skip_up_to=None, packages_select_build_failed=False, packages_skip_build_finished=False, packages_select_test_failures=False, packages_skip_test_passed=False, packages_select=None, packages_skip=None, packages_select_regex=None, packages_skip_regex=None, packages_start=None, packages_end=None, allow_overriding=[], cmake_args=None, cmake_target=None, cmake_target_skip_unavailable=False, cmake_clean_cache=False, cmake_clean_first=False, cmake_force_configure=False, ament_cmake_args=None, catkin_cmake_args=None, catkin_skip_building_tests=False, verb_parser=<colcon_defaults.argument_parser.defaults.DefaultArgumentsDecorator object at 0x7e4cca2231c0>, verb_extension=<colcon_core.verb.build.BuildVerb object at 0x7e4cca3645e0>, main=<bound method BuildVerb.main of <colcon_core.verb.build.BuildVerb object at 0x7e4cca3645e0>>)
[1.432s] Level 1:colcon.colcon_core.package_discovery:discover_packages(colcon_meta) check parameters
[1.433s] Level 1:colcon.colcon_core.package_discovery:discover_packages(recursive) check parameters
[1.433s] Level 1:colcon.colcon_core.package_discovery:discover_packages(ignore) check parameters
[1.433s] Level 1:colcon.colcon_core.package_discovery:discover_packages(path) check parameters
[1.433s] Level 1:colcon.colcon_core.package_discovery:discover_packages(colcon_meta) discover
[1.433s] Level 1:colcon.colcon_core.package_discovery:discover_packages(recursive) discover
[1.433s] INFO:colcon.colcon_core.package_discovery:Crawling recursively for packages in '/home/naitou/ros2_ws'
[1.433s] Level 1:colcon.colcon_core.package_identification:_identify(.) by extensions ['ignore', 'ignore_ament_install']
[1.433s] Level 1:colcon.colcon_core.package_identification:_identify(.) by extension 'ignore'
[1.433s] Level 1:colcon.colcon_core.package_identification:_identify(.) by extension 'ignore_ament_install'
[1.433s] Level 1:colcon.colcon_core.package_identification:_identify(.) by extensions ['colcon_pkg']
[1.434s] Level 1:colcon.colcon_core.package_identification:_identify(.) by extension 'colcon_pkg'
[1.434s] Level 1:colcon.colcon_core.package_identification:_identify(.) by extensions ['colcon_meta']
[1.434s] Level 1:colcon.colcon_core.package_identification:_identify(.) by extension 'colcon_meta'
[1.434s] Level 1:colcon.colcon_core.package_identification:_identify(.) by extensions ['ros']
[1.434s] Level 1:colcon.colcon_core.package_identification:_identify(.) by extension 'ros'
[1.471s] Level 1:colcon.colcon_core.package_identification:_identify(.) by extensions ['cmake', 'python']
[1.471s] Level 1:colcon.colcon_core.package_identification:_identify(.) by extension 'cmake'
[1.471s] Level 1:colcon.colcon_core.package_identification:_identify(.) by extension 'python'
[1.471s] Level 1:colcon.colcon_core.package_identification:_identify(.) by extensions ['python_setup_py']
[1.471s] Level 1:colcon.colcon_core.package_identification:_identify(.) by extension 'python_setup_py'
[1.471s] Level 1:colcon.colcon_core.package_identification:_identify(build) by extensions ['ignore', 'ignore_ament_install']
[1.471s] Level 1:colcon.colcon_core.package_identification:_identify(build) by extension 'ignore'
[1.471s] Level 1:colcon.colcon_core.package_identification:_identify(build) ignored
[1.472s] Level 1:colcon.colcon_core.package_identification:_identify(install) by extensions ['ignore', 'ignore_ament_install']
[1.472s] Level 1:colcon.colcon_core.package_identification:_identify(install) by extension 'ignore'
[1.472s] Level 1:colcon.colcon_core.package_identification:_identify(install) ignored
[1.472s] Level 1:colcon.colcon_core.package_identification:_identify(log) by extensions ['ignore', 'ignore_ament_install']
[1.473s] Level 1:colcon.colcon_core.package_identification:_identify(log) by extension 'ignore'
[1.473s] Level 1:colcon.colcon_core.package_identification:_identify(log) ignored
[1.474s] Level 1:colcon.colcon_core.package_identification:_identify(src) by extensions ['ignore', 'ignore_ament_install']
[1.474s] Level 1:colcon.colcon_core.package_identification:_identify(src) by extension 'ignore'
[1.474s] Level 1:colcon.colcon_core.package_identification:_identify(src) by extension 'ignore_ament_install'
[1.474s] Level 1:colcon.colcon_core.package_identification:_identify(src) by extensions ['colcon_pkg']
[1.474s] Level 1:colcon.colcon_core.package_identification:_identify(src) by extension 'colcon_pkg'
[1.474s] Level 1:colcon.colcon_core.package_identification:_identify(src) by extensions ['colcon_meta']
[1.474s] Level 1:colcon.colcon_core.package_identification:_identify(src) by extension 'colcon_meta'
[1.474s] Level 1:colcon.colcon_core.package_identification:_identify(src) by extensions ['ros']
[1.474s] Level 1:colcon.colcon_core.package_identification:_identify(src) by extension 'ros'
[1.477s] DEBUG:colcon.colcon_core.package_identification:Failed to parse potential ROS package manifest in'src': Error(s) in package 'src/package.xml':
The manifest contains invalid XML:
no element found: line 1, column 0
[1.477s] Level 1:colcon.colcon_core.package_identification:_identify(src) by extensions ['cmake', 'python']
[1.477s] Level 1:colcon.colcon_core.package_identification:_identify(src) by extension 'cmake'
[1.477s] Level 1:colcon.colcon_core.package_identification:_identify(src) by extension 'python'
[1.478s] Level 1:colcon.colcon_core.package_identification:_identify(src) by extensions ['python_setup_py']
[1.478s] Level 1:colcon.colcon_core.package_identification:_identify(src) by extension 'python_setup_py'
[1.479s] Level 1:colcon.colcon_core.package_identification:_identify(src/mypkg) by extensions ['ignore', 'ignore_ament_install']
[1.479s] Level 1:colcon.colcon_core.package_identification:_identify(src/mypkg) by extension 'ignore'
[1.479s] Level 1:colcon.colcon_core.package_identification:_identify(src/mypkg) by extension 'ignore_ament_install'
[1.479s] Level 1:colcon.colcon_core.package_identification:_identify(src/mypkg) by extensions ['colcon_pkg']
[1.479s] Level 1:colcon.colcon_core.package_identification:_identify(src/mypkg) by extension 'colcon_pkg'
[1.479s] Level 1:colcon.colcon_core.package_identification:_identify(src/mypkg) by extensions ['colcon_meta']
[1.480s] Level 1:colcon.colcon_core.package_identification:_identify(src/mypkg) by extension 'colcon_meta'
[1.480s] Level 1:colcon.colcon_core.package_identification:_identify(src/mypkg) by extensions ['ros']
[1.480s] Level 1:colcon.colcon_core.package_identification:_identify(src/mypkg) by extension 'ros'
[1.486s] DEBUG:colcon.colcon_core.package_identification:Package 'src/mypkg' with type 'ros.ament_python' and name 'mypkg'
[1.486s] Level 1:colcon.colcon_core.package_identification:_identify(src/person_msgs) by extensions ['ignore', 'ignore_ament_install']
[1.487s] Level 1:colcon.colcon_core.package_identification:_identify(src/person_msgs) by extension 'ignore'
[1.487s] Level 1:colcon.colcon_core.package_identification:_identify(src/person_msgs) by extension 'ignore_ament_install'
[1.487s] Level 1:colcon.colcon_core.package_identification:_identify(src/person_msgs) by extensions ['colcon_pkg']
[1.487s] Level 1:colcon.colcon_core.package_identification:_identify(src/person_msgs) by extension 'colcon_pkg'
[1.487s] Level 1:colcon.colcon_core.package_identification:_identify(src/person_msgs) by extensions ['colcon_meta']
[1.487s] Level 1:colcon.colcon_core.package_identification:_identify(src/person_msgs) by extension 'colcon_meta'
[1.487s] Level 1:colcon.colcon_core.package_identification:_identify(src/person_msgs) by extensions ['ros']
[1.487s] Level 1:colcon.colcon_core.package_identification:_identify(src/person_msgs) by extension 'ros'
[1.489s] DEBUG:colcon.colcon_core.package_identification:Package 'src/person_msgs' with type 'ros.ament_cmake' and name 'person_msgs'
[1.489s] Level 1:colcon.colcon_core.package_discovery:discover_packages(recursive) using defaults
[1.489s] Level 1:colcon.colcon_core.package_discovery:discover_packages(ignore) discover
[1.489s] Level 1:colcon.colcon_core.package_discovery:discover_packages(ignore) using defaults
[1.489s] Level 1:colcon.colcon_core.package_discovery:discover_packages(path) discover
[1.489s] Level 1:colcon.colcon_core.package_discovery:discover_packages(path) using defaults
[1.564s] Level 1:colcon.colcon_core.package_discovery:discover_packages(prefix_path) check parameters
[1.564s] Level 1:colcon.colcon_core.package_discovery:discover_packages(prefix_path) discover
[1.569s] WARNING:colcon.colcon_ros.prefix_path.ament:The path '/home/naitou/ros2_ws/install/mypkg' in the environment variable AMENT_PREFIX_PATH doesn't exist
[1.572s] DEBUG:colcon.colcon_installed_package_information.package_discovery:Found 0 installed packages in /home/naitou/ros2_ws/install
[1.577s] DEBUG:colcon.colcon_installed_package_information.package_discovery:Found 271 installed packages in /opt/ros/humble
[1.581s] Level 1:colcon.colcon_core.package_discovery:discover_packages(prefix_path) using defaults
[1.815s] Level 5:colcon.colcon_core.verb:set package 'mypkg' build argument 'cmake_args' from command line to 'None'
[1.815s] Level 5:colcon.colcon_core.verb:set package 'mypkg' build argument 'cmake_target' from command line to 'None'
[1.815s] Level 5:colcon.colcon_core.verb:set package 'mypkg' build argument 'cmake_target_skip_unavailable' from command line to 'False'
[1.815s] Level 5:colcon.colcon_core.verb:set package 'mypkg' build argument 'cmake_clean_cache' from command line to 'False'
[1.815s] Level 5:colcon.colcon_core.verb:set package 'mypkg' build argument 'cmake_clean_first' from command line to 'False'
[1.815s] Level 5:colcon.colcon_core.verb:set package 'mypkg' build argument 'cmake_force_configure' from command line to 'False'
[1.815s] Level 5:colcon.colcon_core.verb:set package 'mypkg' build argument 'ament_cmake_args' from command line to 'None'
[1.815s] Level 5:colcon.colcon_core.verb:set package 'mypkg' build argument 'catkin_cmake_args' from command line to 'None'
[1.815s] Level 5:colcon.colcon_core.verb:set package 'mypkg' build argument 'catkin_skip_building_tests' from command line to 'False'
[1.815s] DEBUG:colcon.colcon_core.verb:Building package 'mypkg' with the following arguments: {'ament_cmake_args': None, 'build_base': '/home/naitou/ros2_ws/build/mypkg', 'catkin_cmake_args': None, 'catkin_skip_building_tests': False, 'cmake_args': None, 'cmake_clean_cache': False, 'cmake_clean_first': False, 'cmake_force_configure': False, 'cmake_target': None, 'cmake_target_skip_unavailable': False, 'install_base': '/home/naitou/ros2_ws/install/mypkg', 'merge_install': False, 'path': '/home/naitou/ros2_ws/src/mypkg', 'symlink_install': False, 'test_result_base': None}
[1.816s] Level 5:colcon.colcon_core.verb:set package 'person_msgs' build argument 'cmake_args' from command line to 'None'
[1.816s] Level 5:colcon.colcon_core.verb:set package 'person_msgs' build argument 'cmake_target' from command line to 'None'
[1.816s] Level 5:colcon.colcon_core.verb:set package 'person_msgs' build argument 'cmake_target_skip_unavailable' from command line to 'False'
[1.816s] Level 5:colcon.colcon_core.verb:set package 'person_msgs' build argument 'cmake_clean_cache' from command line to 'False'
[1.816s] Level 5:colcon.colcon_core.verb:set package 'person_msgs' build argument 'cmake_clean_first' from command line to 'False'
[1.816s] Level 5:colcon.colcon_core.verb:set package 'person_msgs' build argument 'cmake_force_configure' from command line to 'False'
[1.816s] Level 5:colcon.colcon_core.verb:set package 'person_msgs' build argument 'ament_cmake_args' from command line to 'None'
[1.816s] Level 5:colcon.colcon_core.verb:set package 'person_msgs' build argument 'catkin_cmake_args' from command line to 'None'
[1.816s] Level 5:colcon.colcon_core.verb:set package 'person_msgs' build argument 'catkin_skip_building_tests' from command line to 'False'
[1.816s] DEBUG:colcon.colcon_core.verb:Building package 'person_msgs' with the following arguments: {'ament_cmake_args': None, 'build_base': '/home/naitou/ros2_ws/build/person_msgs', 'catkin_cmake_args': None, 'catkin_skip_building_tests': False, 'cmake_args': None, 'cmake_clean_cache': False, 'cmake_clean_first': False, 'cmake_force_configure': False, 'cmake_target': None, 'cmake_target_skip_unavailable': False, 'install_base': '/home/naitou/ros2_ws/install/person_msgs', 'merge_install': False, 'path': '/home/naitou/ros2_ws/src/person_msgs', 'symlink_install': False, 'test_result_base': None}
[1.817s] INFO:colcon.colcon_core.executor:Executing jobs using 'parallel' executor
[1.819s] DEBUG:colcon.colcon_parallel_executor.executor.parallel:run_until_complete
[1.820s] INFO:colcon.colcon_ros.task.ament_python.build:Building ROS package in '/home/naitou/ros2_ws/src/mypkg' with build type 'ament_python'
[1.820s] Level 1:colcon.colcon_core.shell:create_environment_hook('mypkg', 'ament_prefix_path')
[1.832s] INFO:colcon.colcon_core.plugin_system:Skipping extension 'colcon_core.shell.bat': Not used on non-Windows systems
[1.833s] INFO:colcon.colcon_core.shell:Creating environment hook '/home/naitou/ros2_ws/install/mypkg/share/mypkg/hook/ament_prefix_path.ps1'
[1.840s] INFO:colcon.colcon_core.shell:Creating environment descriptor '/home/naitou/ros2_ws/install/mypkg/share/mypkg/hook/ament_prefix_path.dsv'
[1.842s] INFO:colcon.colcon_core.shell:Creating environment hook '/home/naitou/ros2_ws/install/mypkg/share/mypkg/hook/ament_prefix_path.sh'
[1.843s] INFO:colcon.colcon_core.shell:Skip shell extension 'powershell' for command environment: Not usable outside of PowerShell
[1.844s] DEBUG:colcon.colcon_core.shell:Skip shell extension 'dsv' for command environment
[1.853s] INFO:colcon.colcon_ros.task.ament_cmake.build:Building ROS package in '/home/naitou/ros2_ws/src/person_msgs' with build type 'ament_cmake'
[1.853s] INFO:colcon.colcon_cmake.task.cmake.build:Building CMake package in '/home/naitou/ros2_ws/src/person_msgs'
[1.854s] INFO:colcon.colcon_core.shell:Skip shell extension 'powershell' for command environment: Not usable outside of PowerShell
[1.854s] DEBUG:colcon.colcon_core.shell:Skip shell extension 'dsv' for command environment
[2.401s] INFO:colcon.colcon_core.task.python.build:Building Python package in '/home/naitou/ros2_ws/src/mypkg'
[2.402s] INFO:colcon.colcon_core.shell:Skip shell extension 'powershell' for command environment: Not usable outside of PowerShell
[2.402s] DEBUG:colcon.colcon_core.shell:Skip shell extension 'dsv' for command environment
[2.420s] DEBUG:colcon.colcon_core.event_handler.log_command:Invoking command in '/home/naitou/ros2_ws/build/person_msgs': CMAKE_PREFIX_PATH=/home/naitou/ros2_ws/install/mypkg:/opt/ros/humble /usr/bin/cmake /home/naitou/ros2_ws/src/person_msgs -DCMAKE_INSTALL_PREFIX=/home/naitou/ros2_ws/install/person_msgs
[3.694s] DEBUG:colcon.colcon_core.event_handler.log_command:Invoking command in '/home/naitou/ros2_ws/src/mypkg': PYTHONPATH=/home/naitou/ros2_ws/build/mypkg/prefix_override:/usr/lib/python3/dist-packages/colcon_core/task/python/colcon_distutils_commands:/home/naitou/ros2_ws/install/mypkg/lib/python3.10/site-packages:${PYTHONPATH} /usr/bin/python3 -W ignore:setup.py install is deprecated -W ignore:easy_install command is deprecated setup.py egg_info --egg-base ../../build/mypkg build --build-base /home/naitou/ros2_ws/build/mypkg/build install --record /home/naitou/ros2_ws/build/mypkg/install.log --single-version-externally-managed install_data
[4.387s] DEBUG:colcon.colcon_core.event_handler.log_command:Invoked command in '/home/naitou/ros2_ws/src/mypkg' returned '0': PYTHONPATH=/home/naitou/ros2_ws/build/mypkg/prefix_override:/usr/lib/python3/dist-packages/colcon_core/task/python/colcon_distutils_commands:/home/naitou/ros2_ws/install/mypkg/lib/python3.10/site-packages:${PYTHONPATH} /usr/bin/python3 -W ignore:setup.py install is deprecated -W ignore:easy_install command is deprecated setup.py egg_info --egg-base ../../build/mypkg build --build-base /home/naitou/ros2_ws/build/mypkg/build install --record /home/naitou/ros2_ws/build/mypkg/install.log --single-version-externally-managed install_data
[4.402s] Level 1:colcon.colcon_core.environment:checking '/home/naitou/ros2_ws/install/mypkg' for CMake module files
[4.403s] Level 1:colcon.colcon_core.environment:checking '/home/naitou/ros2_ws/install/mypkg' for CMake config files
[4.405s] Level 1:colcon.colcon_core.environment:checking '/home/naitou/ros2_ws/install/mypkg/lib'
[4.405s] Level 1:colcon.colcon_core.environment:checking '/home/naitou/ros2_ws/install/mypkg/bin'
[4.406s] Level 1:colcon.colcon_core.environment:checking '/home/naitou/ros2_ws/install/mypkg/lib/pkgconfig/mypkg.pc'
[4.406s] Level 1:colcon.colcon_core.environment:checking '/home/naitou/ros2_ws/install/mypkg/lib/python3.10/site-packages'
[4.406s] Level 1:colcon.colcon_core.shell:create_environment_hook('mypkg', 'pythonpath')
[4.407s] INFO:colcon.colcon_core.shell:Creating environment hook '/home/naitou/ros2_ws/install/mypkg/share/mypkg/hook/pythonpath.ps1'
[4.408s] INFO:colcon.colcon_core.shell:Creating environment descriptor '/home/naitou/ros2_ws/install/mypkg/share/mypkg/hook/pythonpath.dsv'
[4.409s] INFO:colcon.colcon_core.shell:Creating environment hook '/home/naitou/ros2_ws/install/mypkg/share/mypkg/hook/pythonpath.sh'
[4.410s] Level 1:colcon.colcon_core.environment:checking '/home/naitou/ros2_ws/install/mypkg/bin'
[4.410s] Level 1:colcon.colcon_core.environment:create_environment_scripts_only(mypkg)
[4.411s] INFO:colcon.colcon_core.shell:Creating package script '/home/naitou/ros2_ws/install/mypkg/share/mypkg/package.ps1'
[4.413s] INFO:colcon.colcon_core.shell:Creating package descriptor '/home/naitou/ros2_ws/install/mypkg/share/mypkg/package.dsv'
[4.415s] INFO:colcon.colcon_core.shell:Creating package script '/home/naitou/ros2_ws/install/mypkg/share/mypkg/package.sh'
[4.418s] INFO:colcon.colcon_core.shell:Creating package script '/home/naitou/ros2_ws/install/mypkg/share/mypkg/package.bash'
[4.420s] INFO:colcon.colcon_core.shell:Creating package script '/home/naitou/ros2_ws/install/mypkg/share/mypkg/package.zsh'
[4.422s] Level 1:colcon.colcon_core.environment:create_file_with_runtime_dependencies(/home/naitou/ros2_ws/install/mypkg/share/colcon-core/packages/mypkg)
[10.912s] DEBUG:colcon.colcon_core.event_handler.log_command:Invoked command in '/home/naitou/ros2_ws/build/person_msgs' returned '0': CMAKE_PREFIX_PATH=/home/naitou/ros2_ws/install/mypkg:/opt/ros/humble /usr/bin/cmake /home/naitou/ros2_ws/src/person_msgs -DCMAKE_INSTALL_PREFIX=/home/naitou/ros2_ws/install/person_msgs
[10.917s] DEBUG:colcon.colcon_core.event_handler.log_command:Invoking command in '/home/naitou/ros2_ws/build/person_msgs': CMAKE_PREFIX_PATH=/home/naitou/ros2_ws/install/mypkg:/opt/ros/humble /usr/bin/cmake --build /home/naitou/ros2_ws/build/person_msgs -- -j16 -l16
[16.192s] DEBUG:colcon.colcon_core.event_handler.log_command:Invoked command in '/home/naitou/ros2_ws/build/person_msgs' returned '0': CMAKE_PREFIX_PATH=/home/naitou/ros2_ws/install/mypkg:/opt/ros/humble /usr/bin/cmake --build /home/naitou/ros2_ws/build/person_msgs -- -j16 -l16
[16.220s] DEBUG:colcon.colcon_core.event_handler.log_command:Invoking command in '/home/naitou/ros2_ws/build/person_msgs': CMAKE_PREFIX_PATH=/home/naitou/ros2_ws/install/mypkg:/opt/ros/humble /usr/bin/cmake --install /home/naitou/ros2_ws/build/person_msgs
[16.434s] Level 1:colcon.colcon_core.environment:create_environment_scripts_only(person_msgs)
[16.434s] Level 1:colcon.colcon_core.environment:checking '/home/naitou/ros2_ws/install/person_msgs' for CMake module files
[16.437s] DEBUG:colcon.colcon_core.event_handler.log_command:Invoked command in '/home/naitou/ros2_ws/build/person_msgs' returned '0': CMAKE_PREFIX_PATH=/home/naitou/ros2_ws/install/mypkg:/opt/ros/humble /usr/bin/cmake --install /home/naitou/ros2_ws/build/person_msgs
[16.438s] Level 1:colcon.colcon_core.environment:checking '/home/naitou/ros2_ws/install/person_msgs' for CMake config files
[16.439s] Level 1:colcon.colcon_core.shell:create_environment_hook('person_msgs', 'cmake_prefix_path')
[16.440s] INFO:colcon.colcon_core.shell:Creating environment hook '/home/naitou/ros2_ws/install/person_msgs/share/person_msgs/hook/cmake_prefix_path.ps1'
[16.442s] INFO:colcon.colcon_core.shell:Creating environment descriptor '/home/naitou/ros2_ws/install/person_msgs/share/person_msgs/hook/cmake_prefix_path.dsv'
[16.442s] INFO:colcon.colcon_core.shell:Creating environment hook '/home/naitou/ros2_ws/install/person_msgs/share/person_msgs/hook/cmake_prefix_path.sh'
[16.443s] Level 1:colcon.colcon_core.environment:checking '/home/naitou/ros2_ws/install/person_msgs/lib'
[16.443s] Level 1:colcon.colcon_core.shell:create_environment_hook('person_msgs', 'ld_library_path_lib')
[16.444s] INFO:colcon.colcon_core.shell:Creating environment hook '/home/naitou/ros2_ws/install/person_msgs/share/person_msgs/hook/ld_library_path_lib.ps1'
[16.445s] INFO:colcon.colcon_core.shell:Creating environment descriptor '/home/naitou/ros2_ws/install/person_msgs/share/person_msgs/hook/ld_library_path_lib.dsv'
[16.445s] INFO:colcon.colcon_core.shell:Creating environment hook '/home/naitou/ros2_ws/install/person_msgs/share/person_msgs/hook/ld_library_path_lib.sh'
[16.446s] Level 1:colcon.colcon_core.environment:checking '/home/naitou/ros2_ws/install/person_msgs/bin'
[16.446s] Level 1:colcon.colcon_core.environment:checking '/home/naitou/ros2_ws/install/person_msgs/lib/pkgconfig/person_msgs.pc'
[16.447s] Level 1:colcon.colcon_core.environment:checking '/home/naitou/ros2_ws/install/person_msgs/lib/python3.10/site-packages'
[16.448s] Level 1:colcon.colcon_core.environment:checking '/home/naitou/ros2_ws/install/person_msgs/bin'
[16.449s] INFO:colcon.colcon_core.shell:Creating package script '/home/naitou/ros2_ws/install/person_msgs/share/person_msgs/package.ps1'
[16.450s] INFO:colcon.colcon_core.shell:Creating package descriptor '/home/naitou/ros2_ws/install/person_msgs/share/person_msgs/package.dsv'
[16.451s] INFO:colcon.colcon_core.shell:Creating package script '/home/naitou/ros2_ws/install/person_msgs/share/person_msgs/package.sh'
[16.451s] INFO:colcon.colcon_core.shell:Creating package script '/home/naitou/ros2_ws/install/person_msgs/share/person_msgs/package.bash'
[16.452s] INFO:colcon.colcon_core.shell:Creating package script '/home/naitou/ros2_ws/install/person_msgs/share/person_msgs/package.zsh'
[16.453s] Level 1:colcon.colcon_core.environment:create_file_with_runtime_dependencies(/home/naitou/ros2_ws/install/person_msgs/share/colcon-core/packages/person_msgs)
[16.456s] Level 1:colcon.colcon_core.environment:create_environment_scripts_only(person_msgs)
[16.457s] Level 1:colcon.colcon_core.environment:checking '/home/naitou/ros2_ws/install/person_msgs' for CMake module files
[16.458s] Level 1:colcon.colcon_core.environment:checking '/home/naitou/ros2_ws/install/person_msgs' for CMake config files
[16.458s] Level 1:colcon.colcon_core.shell:create_environment_hook('person_msgs', 'cmake_prefix_path')
[16.459s] INFO:colcon.colcon_core.shell:Creating environment hook '/home/naitou/ros2_ws/install/person_msgs/share/person_msgs/hook/cmake_prefix_path.ps1'
[16.460s] INFO:colcon.colcon_core.shell:Creating environment descriptor '/home/naitou/ros2_ws/install/person_msgs/share/person_msgs/hook/cmake_prefix_path.dsv'
[16.461s] INFO:colcon.colcon_core.shell:Creating environment hook '/home/naitou/ros2_ws/install/person_msgs/share/person_msgs/hook/cmake_prefix_path.sh'
[16.462s] Level 1:colcon.colcon_core.environment:checking '/home/naitou/ros2_ws/install/person_msgs/lib'
[16.462s] Level 1:colcon.colcon_core.shell:create_environment_hook('person_msgs', 'ld_library_path_lib')
[16.463s] INFO:colcon.colcon_core.shell:Creating environment hook '/home/naitou/ros2_ws/install/person_msgs/share/person_msgs/hook/ld_library_path_lib.ps1'
[16.464s] INFO:colcon.colcon_core.shell:Creating environment descriptor '/home/naitou/ros2_ws/install/person_msgs/share/person_msgs/hook/ld_library_path_lib.dsv'
[16.465s] INFO:colcon.colcon_core.shell:Creating environment hook '/home/naitou/ros2_ws/install/person_msgs/share/person_msgs/hook/ld_library_path_lib.sh'
[16.465s] Level 1:colcon.colcon_core.environment:checking '/home/naitou/ros2_ws/install/person_msgs/bin'
[16.466s] Level 1:colcon.colcon_core.environment:checking '/home/naitou/ros2_ws/install/person_msgs/lib/pkgconfig/person_msgs.pc'
[16.466s] Level 1:colcon.colcon_core.environment:checking '/home/naitou/ros2_ws/install/person_msgs/lib/python3.10/site-packages'
[16.467s] Level 1:colcon.colcon_core.environment:checking '/home/naitou/ros2_ws/install/person_msgs/bin'
[16.467s] INFO:colcon.colcon_core.shell:Creating package script '/home/naitou/ros2_ws/install/person_msgs/share/person_msgs/package.ps1'
[16.468s] INFO:colcon.colcon_core.shell:Creating package descriptor '/home/naitou/ros2_ws/install/person_msgs/share/person_msgs/package.dsv'
[16.469s] INFO:colcon.colcon_core.shell:Creating package script '/home/naitou/ros2_ws/install/person_msgs/share/person_msgs/package.sh'
[16.470s] INFO:colcon.colcon_core.shell:Creating package script '/home/naitou/ros2_ws/install/person_msgs/share/person_msgs/package.bash'
[16.471s] INFO:colcon.colcon_core.shell:Creating package script '/home/naitou/ros2_ws/install/person_msgs/share/person_msgs/package.zsh'
[16.473s] Level 1:colcon.colcon_core.environment:create_file_with_runtime_dependencies(/home/naitou/ros2_ws/install/person_msgs/share/colcon-core/packages/person_msgs)
[16.473s] DEBUG:colcon.colcon_parallel_executor.executor.parallel:closing loop
[16.475s] DEBUG:colcon.colcon_parallel_executor.executor.parallel:loop closed
[16.475s] DEBUG:colcon.colcon_parallel_executor.executor.parallel:run_until_complete finished with '0'
[16.476s] DEBUG:colcon.colcon_core.event_reactor:joining thread
[16.594s] INFO:colcon.colcon_core.plugin_system:Skipping extension 'colcon_notification.desktop_notification.notify_send': Could not find 'notify-send'
[16.594s] INFO:colcon.colcon_core.plugin_system:Skipping extension 'colcon_notification.desktop_notification.terminal_notifier': Not used on non-Darwin systems
[16.594s] INFO:colcon.colcon_core.plugin_system:Skipping extension 'colcon_notification.desktop_notification.win32': Not used on non-Windows systems
[16.594s] INFO:colcon.colcon_notification.desktop_notification:Sending desktop notification using 'notify2'
[16.598s] DEBUG:colcon.colcon_notification.desktop_notification.notify2:Failed to initialize notify2: org.freedesktop.DBus.Error.ServiceUnknown: The name org.freedesktop.Notifications was not provided by any .service files
[16.599s] DEBUG:colcon.colcon_core.event_reactor:joined thread
[16.599s] INFO:colcon.colcon_core.shell:Creating prefix script '/home/naitou/ros2_ws/install/local_setup.ps1'
[16.602s] INFO:colcon.colcon_core.shell:Creating prefix util module '/home/naitou/ros2_ws/install/_local_setup_util_ps1.py'
[16.605s] INFO:colcon.colcon_core.shell:Creating prefix chain script '/home/naitou/ros2_ws/install/setup.ps1'
[16.608s] INFO:colcon.colcon_core.shell:Creating prefix script '/home/naitou/ros2_ws/install/local_setup.sh'
[16.609s] INFO:colcon.colcon_core.shell:Creating prefix util module '/home/naitou/ros2_ws/install/_local_setup_util_sh.py'
[16.612s] INFO:colcon.colcon_core.shell:Creating prefix chain script '/home/naitou/ros2_ws/install/setup.sh'
[16.614s] INFO:colcon.colcon_core.shell:Creating prefix script '/home/naitou/ros2_ws/install/local_setup.bash'
[16.616s] INFO:colcon.colcon_core.shell:Creating prefix chain script '/home/naitou/ros2_ws/install/setup.bash'
[16.618s] INFO:colcon.colcon_core.shell:Creating prefix script '/home/naitou/ros2_ws/install/local_setup.zsh'
[16.620s] INFO:colcon.colcon_core.shell:Creating prefix chain script '/home/naitou/ros2_ws/install/setup.zsh'
