[1.872s] Invoking command in '/home/naitou/ros2_ws/src/mypkg': PYTHONPATH=/home/naitou/ros2_ws/build/mypkg/prefix_override:/usr/lib/python3/dist-packages/colcon_core/task/python/colcon_distutils_commands:/home/naitou/ros2_ws/install/mypkg/lib/python3.10/site-packages:${PYTHONPATH} /usr/bin/python3 -W ignore:setup.py install is deprecated -W ignore:easy_install command is deprecated setup.py egg_info --egg-base ../../build/mypkg build --build-base /home/naitou/ros2_ws/build/mypkg/build install --record /home/naitou/ros2_ws/build/mypkg/install.log --single-version-externally-managed install_data
[2.421s] running egg_info
[2.423s] creating ../../build/mypkg/mypkg.egg-info
[2.425s] writing ../../build/mypkg/mypkg.egg-info/PKG-INFO
[2.426s] writing dependency_links to ../../build/mypkg/mypkg.egg-info/dependency_links.txt
[2.426s] writing entry points to ../../build/mypkg/mypkg.egg-info/entry_points.txt
[2.427s] writing requirements to ../../build/mypkg/mypkg.egg-info/requires.txt
[2.427s] writing top-level names to ../../build/mypkg/mypkg.egg-info/top_level.txt
[2.428s] writing manifest file '../../build/mypkg/mypkg.egg-info/SOURCES.txt'
[2.439s] reading manifest file '../../build/mypkg/mypkg.egg-info/SOURCES.txt'
[2.440s] writing manifest file '../../build/mypkg/mypkg.egg-info/SOURCES.txt'
[2.441s] running build
[2.441s] running build_py
[2.442s] creating /home/naitou/ros2_ws/build/mypkg/build
[2.443s] creating /home/naitou/ros2_ws/build/mypkg/build/lib
[2.444s] creating /home/naitou/ros2_ws/build/mypkg/build/lib/mypkg
[2.445s] copying mypkg/__init__.py -> /home/naitou/ros2_ws/build/mypkg/build/lib/mypkg
[2.446s] copying mypkg/talker.py -> /home/naitou/ros2_ws/build/mypkg/build/lib/mypkg
[2.447s] copying mypkg/listener.py -> /home/naitou/ros2_ws/build/mypkg/build/lib/mypkg
[2.447s] running install
[2.448s] running install_lib
[2.450s] creating /home/naitou/ros2_ws/install/mypkg/lib/python3.10/site-packages/mypkg
[2.451s] copying /home/naitou/ros2_ws/build/mypkg/build/lib/mypkg/__init__.py -> /home/naitou/ros2_ws/install/mypkg/lib/python3.10/site-packages/mypkg
[2.452s] copying /home/naitou/ros2_ws/build/mypkg/build/lib/mypkg/talker.py -> /home/naitou/ros2_ws/install/mypkg/lib/python3.10/site-packages/mypkg
[2.452s] copying /home/naitou/ros2_ws/build/mypkg/build/lib/mypkg/listener.py -> /home/naitou/ros2_ws/install/mypkg/lib/python3.10/site-packages/mypkg
[2.454s] byte-compiling /home/naitou/ros2_ws/install/mypkg/lib/python3.10/site-packages/mypkg/__init__.py to __init__.cpython-310.pyc
[2.455s] byte-compiling /home/naitou/ros2_ws/install/mypkg/lib/python3.10/site-packages/mypkg/talker.py to talker.cpython-310.pyc
[2.456s] byte-compiling /home/naitou/ros2_ws/install/mypkg/lib/python3.10/site-packages/mypkg/listener.py to listener.cpython-310.pyc
[2.457s] running install_data
[2.457s] creating /home/naitou/ros2_ws/install/mypkg/share/ament_index
[2.458s] creating /home/naitou/ros2_ws/install/mypkg/share/ament_index/resource_index
[2.459s] creating /home/naitou/ros2_ws/install/mypkg/share/ament_index/resource_index/packages
[2.461s] copying resource/mypkg -> /home/naitou/ros2_ws/install/mypkg/share/ament_index/resource_index/packages
[2.461s] copying package.xml -> /home/naitou/ros2_ws/install/mypkg/share/mypkg
[2.461s] running install_egg_info
[2.466s] Copying ../../build/mypkg/mypkg.egg-info to /home/naitou/ros2_ws/install/mypkg/lib/python3.10/site-packages/mypkg-0.0.0-py3.10.egg-info
[2.469s] running install_scripts
[2.512s] Installing listener script to /home/naitou/ros2_ws/install/mypkg/lib/mypkg
[2.514s] Installing talker script to /home/naitou/ros2_ws/install/mypkg/lib/mypkg
[2.514s] writing list of installed files to '/home/naitou/ros2_ws/build/mypkg/install.log'
[2.564s] Invoked command in '/home/naitou/ros2_ws/src/mypkg' returned '0': PYTHONPATH=/home/naitou/ros2_ws/build/mypkg/prefix_override:/usr/lib/python3/dist-packages/colcon_core/task/python/colcon_distutils_commands:/home/naitou/ros2_ws/install/mypkg/lib/python3.10/site-packages:${PYTHONPATH} /usr/bin/python3 -W ignore:setup.py install is deprecated -W ignore:easy_install command is deprecated setup.py egg_info --egg-base ../../build/mypkg build --build-base /home/naitou/ros2_ws/build/mypkg/build install --record /home/naitou/ros2_ws/build/mypkg/install.log --single-version-externally-managed install_data
