[0.662s] Invoking command in '/home/naitou/ros2_ws/build/person_msgs': CMAKE_PREFIX_PATH=${CMAKE_PREFIX_PATH}:/home/naitou/ros2_ws/install/mypkg:/opt/ros/humble CONDA_PROMPT_MODIFIER=(base) /usr/bin/cmake --build /home/naitou/ros2_ws/build/person_msgs -- -j16 -l16
[1.300s] [  3%] Built target person_msgs__cpp
[1.352s] [  3%] Built target ament_cmake_python_copy_person_msgs
[1.357s] [ 12%] Built target person_msgs__rosidl_generator_c
[1.433s] [ 22%] Built target person_msgs__rosidl_typesupport_cpp
[1.434s] [ 32%] Built target person_msgs__rosidl_typesupport_introspection_cpp
[1.437s] [ 41%] Built target person_msgs__rosidl_typesupport_fastrtps_cpp
[1.465s] [ 61%] Built target person_msgs__rosidl_typesupport_fastrtps_c
[1.465s] [ 67%] Built target person_msgs__rosidl_typesupport_c
[1.466s] [ 70%] Built target person_msgs__rosidl_typesupport_introspection_c
[1.532s] [ 70%] Built target person_msgs
[1.612s] [ 74%] Built target person_msgs__py
[1.721s] [ 80%] Built target person_msgs__rosidl_generator_py
[1.802s] [ 87%] Built target person_msgs__rosidl_typesupport_introspection_c__pyext
[1.803s] [ 93%] Built target person_msgs__rosidl_typesupport_c__pyext
[1.806s] [100%] Built target person_msgs__rosidl_typesupport_fastrtps_c__pyext
[2.023s] running egg_info
[2.025s] writing person_msgs.egg-info/PKG-INFO
[2.026s] writing dependency_links to person_msgs.egg-info/dependency_links.txt
[2.027s] writing top-level names to person_msgs.egg-info/top_level.txt
[2.034s] reading manifest file 'person_msgs.egg-info/SOURCES.txt'
[2.036s] writing manifest file 'person_msgs.egg-info/SOURCES.txt'
[2.108s] [100%] Built target ament_cmake_python_build_person_msgs_egg
[2.144s] Invoked command in '/home/naitou/ros2_ws/build/person_msgs' returned '0': CMAKE_PREFIX_PATH=${CMAKE_PREFIX_PATH}:/home/naitou/ros2_ws/install/mypkg:/opt/ros/humble CONDA_PROMPT_MODIFIER=(base) /usr/bin/cmake --build /home/naitou/ros2_ws/build/person_msgs -- -j16 -l16
[2.176s] Invoking command in '/home/naitou/ros2_ws/build/person_msgs': CMAKE_PREFIX_PATH=${CMAKE_PREFIX_PATH}:/home/naitou/ros2_ws/install/mypkg:/opt/ros/humble CONDA_PROMPT_MODIFIER=(base) /usr/bin/cmake --install /home/naitou/ros2_ws/build/person_msgs
[2.200s] -- Install configuration: ""
[2.202s] -- Up-to-date: /home/naitou/ros2_ws/install/person_msgs/share/ament_index/resource_index/rosidl_interfaces/person_msgs
[2.204s] -- Up-to-date: /home/naitou/ros2_ws/install/person_msgs/include/person_msgs/person_msgs
[2.204s] -- Up-to-date: /home/naitou/ros2_ws/install/person_msgs/include/person_msgs/person_msgs/msg
[2.205s] -- Up-to-date: /home/naitou/ros2_ws/install/person_msgs/include/person_msgs/person_msgs/msg/detail
[2.206s] -- Up-to-date: /home/naitou/ros2_ws/install/person_msgs/include/person_msgs/person_msgs/msg/detail/person__functions.h
[2.206s] -- Up-to-date: /home/naitou/ros2_ws/install/person_msgs/include/person_msgs/person_msgs/msg/detail/person__struct.h
[2.207s] -- Up-to-date: /home/naitou/ros2_ws/install/person_msgs/include/person_msgs/person_msgs/msg/detail/person__type_support.h
[2.207s] -- Up-to-date: /home/naitou/ros2_ws/install/person_msgs/include/person_msgs/person_msgs/msg/detail/person__functions.c
[2.208s] -- Up-to-date: /home/naitou/ros2_ws/install/person_msgs/include/person_msgs/person_msgs/msg/person.h
[2.208s] -- Up-to-date: /home/naitou/ros2_ws/install/person_msgs/include/person_msgs/person_msgs/msg/rosidl_generator_c__visibility_control.h
[2.209s] -- Up-to-date: /home/naitou/ros2_ws/install/person_msgs/share/person_msgs/environment/library_path.sh
[2.210s] -- Up-to-date: /home/naitou/ros2_ws/install/person_msgs/share/person_msgs/environment/library_path.dsv
[2.212s] -- Up-to-date: /home/naitou/ros2_ws/install/person_msgs/lib/libperson_msgs__rosidl_generator_c.so
[2.213s] -- Up-to-date: /home/naitou/ros2_ws/install/person_msgs/include/person_msgs/person_msgs
[2.213s] -- Up-to-date: /home/naitou/ros2_ws/install/person_msgs/include/person_msgs/person_msgs/msg
[2.214s] -- Up-to-date: /home/naitou/ros2_ws/install/person_msgs/include/person_msgs/person_msgs/msg/detail
[2.214s] -- Up-to-date: /home/naitou/ros2_ws/install/person_msgs/include/person_msgs/person_msgs/msg/detail/person__rosidl_typesupport_fastrtps_c.h
[2.214s] -- Up-to-date: /home/naitou/ros2_ws/install/person_msgs/include/person_msgs/person_msgs/msg/rosidl_typesupport_fastrtps_c__visibility_control.h
[2.216s] -- Up-to-date: /home/naitou/ros2_ws/install/person_msgs/lib/libperson_msgs__rosidl_typesupport_fastrtps_c.so
[2.217s] -- Up-to-date: /home/naitou/ros2_ws/install/person_msgs/include/person_msgs/person_msgs
[2.217s] -- Up-to-date: /home/naitou/ros2_ws/install/person_msgs/include/person_msgs/person_msgs/msg
[2.217s] -- Up-to-date: /home/naitou/ros2_ws/install/person_msgs/include/person_msgs/person_msgs/msg/detail
[2.218s] -- Up-to-date: /home/naitou/ros2_ws/install/person_msgs/include/person_msgs/person_msgs/msg/detail/person__type_support.c
[2.218s] -- Up-to-date: /home/naitou/ros2_ws/install/person_msgs/include/person_msgs/person_msgs/msg/detail/person__rosidl_typesupport_introspection_c.h
[2.218s] -- Up-to-date: /home/naitou/ros2_ws/install/person_msgs/include/person_msgs/person_msgs/msg/rosidl_typesupport_introspection_c__visibility_control.h
[2.220s] -- Up-to-date: /home/naitou/ros2_ws/install/person_msgs/lib/libperson_msgs__rosidl_typesupport_introspection_c.so
[2.221s] -- Up-to-date: /home/naitou/ros2_ws/install/person_msgs/lib/libperson_msgs__rosidl_typesupport_c.so
[2.221s] -- Up-to-date: /home/naitou/ros2_ws/install/person_msgs/include/person_msgs/person_msgs
[2.222s] -- Up-to-date: /home/naitou/ros2_ws/install/person_msgs/include/person_msgs/person_msgs/msg
[2.223s] -- Up-to-date: /home/naitou/ros2_ws/install/person_msgs/include/person_msgs/person_msgs/msg/detail
[2.224s] -- Up-to-date: /home/naitou/ros2_ws/install/person_msgs/include/person_msgs/person_msgs/msg/detail/person__traits.hpp
[2.225s] -- Up-to-date: /home/naitou/ros2_ws/install/person_msgs/include/person_msgs/person_msgs/msg/detail/person__type_support.hpp
[2.225s] -- Up-to-date: /home/naitou/ros2_ws/install/person_msgs/include/person_msgs/person_msgs/msg/detail/person__builder.hpp
[2.225s] -- Up-to-date: /home/naitou/ros2_ws/install/person_msgs/include/person_msgs/person_msgs/msg/detail/person__struct.hpp
[2.225s] -- Up-to-date: /home/naitou/ros2_ws/install/person_msgs/include/person_msgs/person_msgs/msg/person.hpp
[2.225s] -- Up-to-date: /home/naitou/ros2_ws/install/person_msgs/include/person_msgs/person_msgs/msg/rosidl_generator_cpp__visibility_control.hpp
[2.225s] -- Up-to-date: /home/naitou/ros2_ws/install/person_msgs/include/person_msgs/person_msgs
[2.225s] -- Up-to-date: /home/naitou/ros2_ws/install/person_msgs/include/person_msgs/person_msgs/msg
[2.225s] -- Up-to-date: /home/naitou/ros2_ws/install/person_msgs/include/person_msgs/person_msgs/msg/detail
[2.226s] -- Up-to-date: /home/naitou/ros2_ws/install/person_msgs/include/person_msgs/person_msgs/msg/detail/person__rosidl_typesupport_fastrtps_cpp.hpp
[2.226s] -- Up-to-date: /home/naitou/ros2_ws/install/person_msgs/include/person_msgs/person_msgs/msg/detail/dds_fastrtps
[2.226s] -- Up-to-date: /home/naitou/ros2_ws/install/person_msgs/include/person_msgs/person_msgs/msg/rosidl_typesupport_fastrtps_cpp__visibility_control.h
[2.227s] -- Up-to-date: /home/naitou/ros2_ws/install/person_msgs/lib/libperson_msgs__rosidl_typesupport_fastrtps_cpp.so
[2.228s] -- Up-to-date: /home/naitou/ros2_ws/install/person_msgs/include/person_msgs/person_msgs
[2.228s] -- Up-to-date: /home/naitou/ros2_ws/install/person_msgs/include/person_msgs/person_msgs/msg
[2.228s] -- Up-to-date: /home/naitou/ros2_ws/install/person_msgs/include/person_msgs/person_msgs/msg/detail
[2.229s] -- Up-to-date: /home/naitou/ros2_ws/install/person_msgs/include/person_msgs/person_msgs/msg/detail/person__type_support.cpp
[2.229s] -- Up-to-date: /home/naitou/ros2_ws/install/person_msgs/include/person_msgs/person_msgs/msg/detail/person__rosidl_typesupport_introspection_cpp.hpp
[2.230s] -- Up-to-date: /home/naitou/ros2_ws/install/person_msgs/lib/libperson_msgs__rosidl_typesupport_introspection_cpp.so
[2.232s] -- Up-to-date: /home/naitou/ros2_ws/install/person_msgs/lib/libperson_msgs__rosidl_typesupport_cpp.so
[2.232s] -- Up-to-date: /home/naitou/ros2_ws/install/person_msgs/share/person_msgs/environment/pythonpath.sh
[2.232s] -- Up-to-date: /home/naitou/ros2_ws/install/person_msgs/share/person_msgs/environment/pythonpath.dsv
[2.233s] -- Up-to-date: /home/naitou/ros2_ws/install/person_msgs/local/lib/python3.10/dist-packages/person_msgs-0.0.0-py3.10.egg-info
[2.233s] -- Installing: /home/naitou/ros2_ws/install/person_msgs/local/lib/python3.10/dist-packages/person_msgs-0.0.0-py3.10.egg-info/PKG-INFO
[2.235s] -- Installing: /home/naitou/ros2_ws/install/person_msgs/local/lib/python3.10/dist-packages/person_msgs-0.0.0-py3.10.egg-info/dependency_links.txt
[2.235s] -- Installing: /home/naitou/ros2_ws/install/person_msgs/local/lib/python3.10/dist-packages/person_msgs-0.0.0-py3.10.egg-info/SOURCES.txt
[2.236s] -- Installing: /home/naitou/ros2_ws/install/person_msgs/local/lib/python3.10/dist-packages/person_msgs-0.0.0-py3.10.egg-info/top_level.txt
[2.237s] -- Up-to-date: /home/naitou/ros2_ws/install/person_msgs/local/lib/python3.10/dist-packages/person_msgs
[2.237s] -- Up-to-date: /home/naitou/ros2_ws/install/person_msgs/local/lib/python3.10/dist-packages/person_msgs/_person_msgs_s.ep.rosidl_typesupport_fastrtps_c.c
[2.238s] -- Up-to-date: /home/naitou/ros2_ws/install/person_msgs/local/lib/python3.10/dist-packages/person_msgs/person_msgs_s__rosidl_typesupport_introspection_c.cpython-310-x86_64-linux-gnu.so
[2.238s] -- Up-to-date: /home/naitou/ros2_ws/install/person_msgs/local/lib/python3.10/dist-packages/person_msgs/_person_msgs_s.ep.rosidl_typesupport_c.c
[2.239s] -- Up-to-date: /home/naitou/ros2_ws/install/person_msgs/local/lib/python3.10/dist-packages/person_msgs/__init__.py
[2.239s] -- Up-to-date: /home/naitou/ros2_ws/install/person_msgs/local/lib/python3.10/dist-packages/person_msgs/_person_msgs_s.ep.rosidl_typesupport_introspection_c.c
[2.240s] -- Up-to-date: /home/naitou/ros2_ws/install/person_msgs/local/lib/python3.10/dist-packages/person_msgs/person_msgs_s__rosidl_typesupport_fastrtps_c.cpython-310-x86_64-linux-gnu.so
[2.240s] -- Up-to-date: /home/naitou/ros2_ws/install/person_msgs/local/lib/python3.10/dist-packages/person_msgs/person_msgs_s__rosidl_typesupport_c.cpython-310-x86_64-linux-gnu.so
[2.241s] -- Up-to-date: /home/naitou/ros2_ws/install/person_msgs/local/lib/python3.10/dist-packages/person_msgs/msg
[2.241s] -- Up-to-date: /home/naitou/ros2_ws/install/person_msgs/local/lib/python3.10/dist-packages/person_msgs/msg/_person_s.c
[2.242s] -- Up-to-date: /home/naitou/ros2_ws/install/person_msgs/local/lib/python3.10/dist-packages/person_msgs/msg/__init__.py
[2.242s] -- Up-to-date: /home/naitou/ros2_ws/install/person_msgs/local/lib/python3.10/dist-packages/person_msgs/msg/_person.py
[2.242s] -- Up-to-date: /home/naitou/ros2_ws/install/person_msgs/local/lib/python3.10/dist-packages/person_msgs/libperson_msgs__rosidl_generator_py.so
[2.321s] Listing '/home/naitou/ros2_ws/install/person_msgs/local/lib/python3.10/dist-packages/person_msgs'...
[2.321s] Listing '/home/naitou/ros2_ws/install/person_msgs/local/lib/python3.10/dist-packages/person_msgs/msg'...
[2.332s] -- Up-to-date: /home/naitou/ros2_ws/install/person_msgs/local/lib/python3.10/dist-packages/person_msgs/person_msgs_s__rosidl_typesupport_fastrtps_c.cpython-310-x86_64-linux-gnu.so
[2.334s] -- Up-to-date: /home/naitou/ros2_ws/install/person_msgs/local/lib/python3.10/dist-packages/person_msgs/person_msgs_s__rosidl_typesupport_introspection_c.cpython-310-x86_64-linux-gnu.so
[2.337s] -- Up-to-date: /home/naitou/ros2_ws/install/person_msgs/local/lib/python3.10/dist-packages/person_msgs/person_msgs_s__rosidl_typesupport_c.cpython-310-x86_64-linux-gnu.so
[2.339s] -- Up-to-date: /home/naitou/ros2_ws/install/person_msgs/lib/libperson_msgs__rosidl_generator_py.so
[2.341s] -- Up-to-date: /home/naitou/ros2_ws/install/person_msgs/share/person_msgs/msg/Person.idl
[2.342s] -- Up-to-date: /home/naitou/ros2_ws/install/person_msgs/share/person_msgs/msg/Person.msg
[2.342s] -- Up-to-date: /home/naitou/ros2_ws/install/person_msgs/share/ament_index/resource_index/package_run_dependencies/person_msgs
[2.343s] -- Up-to-date: /home/naitou/ros2_ws/install/person_msgs/share/ament_index/resource_index/parent_prefix_path/person_msgs
[2.344s] -- Up-to-date: /home/naitou/ros2_ws/install/person_msgs/share/person_msgs/environment/ament_prefix_path.sh
[2.344s] -- Up-to-date: /home/naitou/ros2_ws/install/person_msgs/share/person_msgs/environment/ament_prefix_path.dsv
[2.344s] -- Up-to-date: /home/naitou/ros2_ws/install/person_msgs/share/person_msgs/environment/path.sh
[2.344s] -- Up-to-date: /home/naitou/ros2_ws/install/person_msgs/share/person_msgs/environment/path.dsv
[2.345s] -- Up-to-date: /home/naitou/ros2_ws/install/person_msgs/share/person_msgs/local_setup.bash
[2.345s] -- Up-to-date: /home/naitou/ros2_ws/install/person_msgs/share/person_msgs/local_setup.sh
[2.345s] -- Up-to-date: /home/naitou/ros2_ws/install/person_msgs/share/person_msgs/local_setup.zsh
[2.345s] -- Up-to-date: /home/naitou/ros2_ws/install/person_msgs/share/person_msgs/local_setup.dsv
[2.346s] -- Installing: /home/naitou/ros2_ws/install/person_msgs/share/person_msgs/package.dsv
[2.348s] -- Up-to-date: /home/naitou/ros2_ws/install/person_msgs/share/ament_index/resource_index/packages/person_msgs
[2.353s] -- Up-to-date: /home/naitou/ros2_ws/install/person_msgs/share/person_msgs/cmake/export_person_msgs__rosidl_generator_cExport.cmake
[2.354s] -- Up-to-date: /home/naitou/ros2_ws/install/person_msgs/share/person_msgs/cmake/export_person_msgs__rosidl_generator_cExport-noconfig.cmake
[2.355s] -- Up-to-date: /home/naitou/ros2_ws/install/person_msgs/share/person_msgs/cmake/export_person_msgs__rosidl_typesupport_fastrtps_cExport.cmake
[2.356s] -- Up-to-date: /home/naitou/ros2_ws/install/person_msgs/share/person_msgs/cmake/export_person_msgs__rosidl_typesupport_fastrtps_cExport-noconfig.cmake
[2.358s] -- Up-to-date: /home/naitou/ros2_ws/install/person_msgs/share/person_msgs/cmake/person_msgs__rosidl_typesupport_introspection_cExport.cmake
[2.358s] -- Up-to-date: /home/naitou/ros2_ws/install/person_msgs/share/person_msgs/cmake/person_msgs__rosidl_typesupport_introspection_cExport-noconfig.cmake
[2.360s] -- Up-to-date: /home/naitou/ros2_ws/install/person_msgs/share/person_msgs/cmake/person_msgs__rosidl_typesupport_cExport.cmake
[2.360s] -- Up-to-date: /home/naitou/ros2_ws/install/person_msgs/share/person_msgs/cmake/person_msgs__rosidl_typesupport_cExport-noconfig.cmake
[2.361s] -- Up-to-date: /home/naitou/ros2_ws/install/person_msgs/share/person_msgs/cmake/export_person_msgs__rosidl_generator_cppExport.cmake
[2.363s] -- Up-to-date: /home/naitou/ros2_ws/install/person_msgs/share/person_msgs/cmake/export_person_msgs__rosidl_typesupport_fastrtps_cppExport.cmake
[2.364s] -- Up-to-date: /home/naitou/ros2_ws/install/person_msgs/share/person_msgs/cmake/export_person_msgs__rosidl_typesupport_fastrtps_cppExport-noconfig.cmake
[2.366s] -- Up-to-date: /home/naitou/ros2_ws/install/person_msgs/share/person_msgs/cmake/person_msgs__rosidl_typesupport_introspection_cppExport.cmake
[2.366s] -- Up-to-date: /home/naitou/ros2_ws/install/person_msgs/share/person_msgs/cmake/person_msgs__rosidl_typesupport_introspection_cppExport-noconfig.cmake
[2.367s] -- Up-to-date: /home/naitou/ros2_ws/install/person_msgs/share/person_msgs/cmake/person_msgs__rosidl_typesupport_cppExport.cmake
[2.368s] -- Up-to-date: /home/naitou/ros2_ws/install/person_msgs/share/person_msgs/cmake/person_msgs__rosidl_typesupport_cppExport-noconfig.cmake
[2.370s] -- Up-to-date: /home/naitou/ros2_ws/install/person_msgs/share/person_msgs/cmake/export_person_msgs__rosidl_generator_pyExport.cmake
[2.370s] -- Up-to-date: /home/naitou/ros2_ws/install/person_msgs/share/person_msgs/cmake/export_person_msgs__rosidl_generator_pyExport-noconfig.cmake
[2.370s] -- Up-to-date: /home/naitou/ros2_ws/install/person_msgs/share/person_msgs/cmake/rosidl_cmake-extras.cmake
[2.370s] -- Up-to-date: /home/naitou/ros2_ws/install/person_msgs/share/person_msgs/cmake/ament_cmake_export_include_directories-extras.cmake
[2.371s] -- Up-to-date: /home/naitou/ros2_ws/install/person_msgs/share/person_msgs/cmake/ament_cmake_export_libraries-extras.cmake
[2.372s] -- Up-to-date: /home/naitou/ros2_ws/install/person_msgs/share/person_msgs/cmake/ament_cmake_export_targets-extras.cmake
[2.372s] -- Up-to-date: /home/naitou/ros2_ws/install/person_msgs/share/person_msgs/cmake/rosidl_cmake_export_typesupport_targets-extras.cmake
[2.372s] -- Up-to-date: /home/naitou/ros2_ws/install/person_msgs/share/person_msgs/cmake/ament_cmake_export_dependencies-extras.cmake
[2.373s] -- Up-to-date: /home/naitou/ros2_ws/install/person_msgs/share/person_msgs/cmake/rosidl_cmake_export_typesupport_libraries-extras.cmake
[2.373s] -- Up-to-date: /home/naitou/ros2_ws/install/person_msgs/share/person_msgs/cmake/person_msgsConfig.cmake
[2.373s] -- Up-to-date: /home/naitou/ros2_ws/install/person_msgs/share/person_msgs/cmake/person_msgsConfig-version.cmake
[2.373s] -- Up-to-date: /home/naitou/ros2_ws/install/person_msgs/share/person_msgs/package.xml
[2.383s] Invoked command in '/home/naitou/ros2_ws/build/person_msgs' returned '0': CMAKE_PREFIX_PATH=${CMAKE_PREFIX_PATH}:/home/naitou/ros2_ws/install/mypkg:/opt/ros/humble CONDA_PROMPT_MODIFIER=(base) /usr/bin/cmake --install /home/naitou/ros2_ws/build/person_msgs
