[0.670s] Invoking command in '/home/naitou/ros2_ws/build/person_msgs': CMAKE_PREFIX_PATH=${CMAKE_PREFIX_PATH}:/home/naitou/ros2_ws/install/mypkg:/opt/ros/humble CONDA_PROMPT_MODIFIER=(base) /usr/bin/cmake --build /home/naitou/ros2_ws/build/person_msgs -- -j16 -l16
[1.016s] [  3%] Built target person_msgs__cpp
[1.032s] [ 12%] Built target person_msgs__rosidl_generator_c
[1.074s] [ 12%] Built target ament_cmake_python_copy_person_msgs
[1.122s] [ 32%] Built target person_msgs__rosidl_typesupport_cpp
[1.125s] [ 35%] Built target person_msgs__rosidl_typesupport_introspection_cpp
[1.127s] [ 51%] Built target person_msgs__rosidl_typesupport_fastrtps_cpp
[1.132s] [ 58%] Built target person_msgs__rosidl_typesupport_c
[1.133s] [ 64%] Built target person_msgs__rosidl_typesupport_introspection_c
[1.133s] [ 70%] Built target person_msgs__rosidl_typesupport_fastrtps_c
[1.197s] [ 70%] Built target person_msgs
[1.262s] [ 74%] Built target person_msgs__py
[1.353s] [ 80%] Built target person_msgs__rosidl_generator_py
[1.432s] [ 87%] Built target person_msgs__rosidl_typesupport_introspection_c__pyext
[1.437s] [ 93%] Built target person_msgs__rosidl_typesupport_fastrtps_c__pyext
[1.438s] [100%] Built target person_msgs__rosidl_typesupport_c__pyext
[1.691s] running egg_info
[1.693s] writing person_msgs.egg-info/PKG-INFO
[1.694s] writing dependency_links to person_msgs.egg-info/dependency_links.txt
[1.695s] writing top-level names to person_msgs.egg-info/top_level.txt
[1.702s] reading manifest file 'person_msgs.egg-info/SOURCES.txt'
[1.704s] writing manifest file 'person_msgs.egg-info/SOURCES.txt'
[1.774s] [100%] Built target ament_cmake_python_build_person_msgs_egg
[1.814s] Invoked command in '/home/naitou/ros2_ws/build/person_msgs' returned '0': CMAKE_PREFIX_PATH=${CMAKE_PREFIX_PATH}:/home/naitou/ros2_ws/install/mypkg:/opt/ros/humble CONDA_PROMPT_MODIFIER=(base) /usr/bin/cmake --build /home/naitou/ros2_ws/build/person_msgs -- -j16 -l16
[1.851s] Invoking command in '/home/naitou/ros2_ws/build/person_msgs': CMAKE_PREFIX_PATH=${CMAKE_PREFIX_PATH}:/home/naitou/ros2_ws/install/mypkg:/opt/ros/humble CONDA_PROMPT_MODIFIER=(base) /usr/bin/cmake --install /home/naitou/ros2_ws/build/person_msgs
[1.877s] -- Install configuration: ""
[1.878s] -- Up-to-date: /home/naitou/ros2_ws/install/person_msgs/share/ament_index/resource_index/rosidl_interfaces/person_msgs
[1.879s] -- Up-to-date: /home/naitou/ros2_ws/install/person_msgs/include/person_msgs/person_msgs
[1.880s] -- Up-to-date: /home/naitou/ros2_ws/install/person_msgs/include/person_msgs/person_msgs/msg
[1.881s] -- Up-to-date: /home/naitou/ros2_ws/install/person_msgs/include/person_msgs/person_msgs/msg/detail
[1.882s] -- Up-to-date: /home/naitou/ros2_ws/install/person_msgs/include/person_msgs/person_msgs/msg/detail/person__functions.h
[1.882s] -- Up-to-date: /home/naitou/ros2_ws/install/person_msgs/include/person_msgs/person_msgs/msg/detail/person__struct.h
[1.883s] -- Up-to-date: /home/naitou/ros2_ws/install/person_msgs/include/person_msgs/person_msgs/msg/detail/person__type_support.h
[1.883s] -- Up-to-date: /home/naitou/ros2_ws/install/person_msgs/include/person_msgs/person_msgs/msg/detail/person__functions.c
[1.883s] -- Up-to-date: /home/naitou/ros2_ws/install/person_msgs/include/person_msgs/person_msgs/msg/person.h
[1.883s] -- Up-to-date: /home/naitou/ros2_ws/install/person_msgs/include/person_msgs/person_msgs/msg/rosidl_generator_c__visibility_control.h
[1.884s] -- Up-to-date: /home/naitou/ros2_ws/install/person_msgs/share/person_msgs/environment/library_path.sh
[1.884s] -- Up-to-date: /home/naitou/ros2_ws/install/person_msgs/share/person_msgs/environment/library_path.dsv
[1.887s] -- Up-to-date: /home/naitou/ros2_ws/install/person_msgs/lib/libperson_msgs__rosidl_generator_c.so
[1.888s] -- Up-to-date: /home/naitou/ros2_ws/install/person_msgs/include/person_msgs/person_msgs
[1.889s] -- Up-to-date: /home/naitou/ros2_ws/install/person_msgs/include/person_msgs/person_msgs/msg
[1.890s] -- Up-to-date: /home/naitou/ros2_ws/install/person_msgs/include/person_msgs/person_msgs/msg/detail
[1.891s] -- Up-to-date: /home/naitou/ros2_ws/install/person_msgs/include/person_msgs/person_msgs/msg/detail/person__rosidl_typesupport_fastrtps_c.h
[1.891s] -- Up-to-date: /home/naitou/ros2_ws/install/person_msgs/include/person_msgs/person_msgs/msg/rosidl_typesupport_fastrtps_c__visibility_control.h
[1.894s] -- Up-to-date: /home/naitou/ros2_ws/install/person_msgs/lib/libperson_msgs__rosidl_typesupport_fastrtps_c.so
[1.895s] -- Up-to-date: /home/naitou/ros2_ws/install/person_msgs/include/person_msgs/person_msgs
[1.896s] -- Up-to-date: /home/naitou/ros2_ws/install/person_msgs/include/person_msgs/person_msgs/msg
[1.896s] -- Up-to-date: /home/naitou/ros2_ws/install/person_msgs/include/person_msgs/person_msgs/msg/detail
[1.897s] -- Up-to-date: /home/naitou/ros2_ws/install/person_msgs/include/person_msgs/person_msgs/msg/detail/person__type_support.c
[1.898s] -- Up-to-date: /home/naitou/ros2_ws/install/person_msgs/include/person_msgs/person_msgs/msg/detail/person__rosidl_typesupport_introspection_c.h
[1.898s] -- Up-to-date: /home/naitou/ros2_ws/install/person_msgs/include/person_msgs/person_msgs/msg/rosidl_typesupport_introspection_c__visibility_control.h
[1.900s] -- Up-to-date: /home/naitou/ros2_ws/install/person_msgs/lib/libperson_msgs__rosidl_typesupport_introspection_c.so
[1.901s] -- Up-to-date: /home/naitou/ros2_ws/install/person_msgs/lib/libperson_msgs__rosidl_typesupport_c.so
[1.902s] -- Up-to-date: /home/naitou/ros2_ws/install/person_msgs/include/person_msgs/person_msgs
[1.903s] -- Up-to-date: /home/naitou/ros2_ws/install/person_msgs/include/person_msgs/person_msgs/msg
[1.904s] -- Up-to-date: /home/naitou/ros2_ws/install/person_msgs/include/person_msgs/person_msgs/msg/detail
[1.905s] -- Up-to-date: /home/naitou/ros2_ws/install/person_msgs/include/person_msgs/person_msgs/msg/detail/person__traits.hpp
[1.906s] -- Up-to-date: /home/naitou/ros2_ws/install/person_msgs/include/person_msgs/person_msgs/msg/detail/person__type_support.hpp
[1.906s] -- Up-to-date: /home/naitou/ros2_ws/install/person_msgs/include/person_msgs/person_msgs/msg/detail/person__builder.hpp
[1.906s] -- Up-to-date: /home/naitou/ros2_ws/install/person_msgs/include/person_msgs/person_msgs/msg/detail/person__struct.hpp
[1.907s] -- Up-to-date: /home/naitou/ros2_ws/install/person_msgs/include/person_msgs/person_msgs/msg/person.hpp
[1.907s] -- Up-to-date: /home/naitou/ros2_ws/install/person_msgs/include/person_msgs/person_msgs/msg/rosidl_generator_cpp__visibility_control.hpp
[1.908s] -- Up-to-date: /home/naitou/ros2_ws/install/person_msgs/include/person_msgs/person_msgs
[1.908s] -- Up-to-date: /home/naitou/ros2_ws/install/person_msgs/include/person_msgs/person_msgs/msg
[1.909s] -- Up-to-date: /home/naitou/ros2_ws/install/person_msgs/include/person_msgs/person_msgs/msg/detail
[1.910s] -- Up-to-date: /home/naitou/ros2_ws/install/person_msgs/include/person_msgs/person_msgs/msg/detail/person__rosidl_typesupport_fastrtps_cpp.hpp
[1.910s] -- Up-to-date: /home/naitou/ros2_ws/install/person_msgs/include/person_msgs/person_msgs/msg/detail/dds_fastrtps
[1.911s] -- Up-to-date: /home/naitou/ros2_ws/install/person_msgs/include/person_msgs/person_msgs/msg/rosidl_typesupport_fastrtps_cpp__visibility_control.h
[1.913s] -- Up-to-date: /home/naitou/ros2_ws/install/person_msgs/lib/libperson_msgs__rosidl_typesupport_fastrtps_cpp.so
[1.914s] -- Up-to-date: /home/naitou/ros2_ws/install/person_msgs/include/person_msgs/person_msgs
[1.914s] -- Up-to-date: /home/naitou/ros2_ws/install/person_msgs/include/person_msgs/person_msgs/msg
[1.915s] -- Up-to-date: /home/naitou/ros2_ws/install/person_msgs/include/person_msgs/person_msgs/msg/detail
[1.915s] -- Up-to-date: /home/naitou/ros2_ws/install/person_msgs/include/person_msgs/person_msgs/msg/detail/person__type_support.cpp
[1.916s] -- Up-to-date: /home/naitou/ros2_ws/install/person_msgs/include/person_msgs/person_msgs/msg/detail/person__rosidl_typesupport_introspection_cpp.hpp
[1.917s] -- Up-to-date: /home/naitou/ros2_ws/install/person_msgs/lib/libperson_msgs__rosidl_typesupport_introspection_cpp.so
[1.919s] -- Up-to-date: /home/naitou/ros2_ws/install/person_msgs/lib/libperson_msgs__rosidl_typesupport_cpp.so
[1.920s] -- Up-to-date: /home/naitou/ros2_ws/install/person_msgs/share/person_msgs/environment/pythonpath.sh
[1.921s] -- Up-to-date: /home/naitou/ros2_ws/install/person_msgs/share/person_msgs/environment/pythonpath.dsv
[1.921s] -- Up-to-date: /home/naitou/ros2_ws/install/person_msgs/local/lib/python3.10/dist-packages/person_msgs-0.0.0-py3.10.egg-info
[1.922s] -- Installing: /home/naitou/ros2_ws/install/person_msgs/local/lib/python3.10/dist-packages/person_msgs-0.0.0-py3.10.egg-info/PKG-INFO
[1.922s] -- Installing: /home/naitou/ros2_ws/install/person_msgs/local/lib/python3.10/dist-packages/person_msgs-0.0.0-py3.10.egg-info/dependency_links.txt
[1.923s] -- Installing: /home/naitou/ros2_ws/install/person_msgs/local/lib/python3.10/dist-packages/person_msgs-0.0.0-py3.10.egg-info/SOURCES.txt
[1.924s] -- Installing: /home/naitou/ros2_ws/install/person_msgs/local/lib/python3.10/dist-packages/person_msgs-0.0.0-py3.10.egg-info/top_level.txt
[1.925s] -- Up-to-date: /home/naitou/ros2_ws/install/person_msgs/local/lib/python3.10/dist-packages/person_msgs
[1.925s] -- Up-to-date: /home/naitou/ros2_ws/install/person_msgs/local/lib/python3.10/dist-packages/person_msgs/_person_msgs_s.ep.rosidl_typesupport_fastrtps_c.c
[1.926s] -- Up-to-date: /home/naitou/ros2_ws/install/person_msgs/local/lib/python3.10/dist-packages/person_msgs/person_msgs_s__rosidl_typesupport_introspection_c.cpython-310-x86_64-linux-gnu.so
[1.927s] -- Up-to-date: /home/naitou/ros2_ws/install/person_msgs/local/lib/python3.10/dist-packages/person_msgs/_person_msgs_s.ep.rosidl_typesupport_c.c
[1.927s] -- Up-to-date: /home/naitou/ros2_ws/install/person_msgs/local/lib/python3.10/dist-packages/person_msgs/__init__.py
[1.928s] -- Up-to-date: /home/naitou/ros2_ws/install/person_msgs/local/lib/python3.10/dist-packages/person_msgs/_person_msgs_s.ep.rosidl_typesupport_introspection_c.c
[1.929s] -- Up-to-date: /home/naitou/ros2_ws/install/person_msgs/local/lib/python3.10/dist-packages/person_msgs/person_msgs_s__rosidl_typesupport_fastrtps_c.cpython-310-x86_64-linux-gnu.so
[1.929s] -- Up-to-date: /home/naitou/ros2_ws/install/person_msgs/local/lib/python3.10/dist-packages/person_msgs/person_msgs_s__rosidl_typesupport_c.cpython-310-x86_64-linux-gnu.so
[1.929s] -- Up-to-date: /home/naitou/ros2_ws/install/person_msgs/local/lib/python3.10/dist-packages/person_msgs/msg
[1.930s] -- Up-to-date: /home/naitou/ros2_ws/install/person_msgs/local/lib/python3.10/dist-packages/person_msgs/msg/_person_s.c
[1.930s] -- Up-to-date: /home/naitou/ros2_ws/install/person_msgs/local/lib/python3.10/dist-packages/person_msgs/msg/__init__.py
[1.930s] -- Up-to-date: /home/naitou/ros2_ws/install/person_msgs/local/lib/python3.10/dist-packages/person_msgs/msg/_person.py
[1.930s] -- Up-to-date: /home/naitou/ros2_ws/install/person_msgs/local/lib/python3.10/dist-packages/person_msgs/libperson_msgs__rosidl_generator_py.so
[2.015s] Listing '/home/naitou/ros2_ws/install/person_msgs/local/lib/python3.10/dist-packages/person_msgs'...
[2.015s] Listing '/home/naitou/ros2_ws/install/person_msgs/local/lib/python3.10/dist-packages/person_msgs/msg'...
[2.028s] -- Up-to-date: /home/naitou/ros2_ws/install/person_msgs/local/lib/python3.10/dist-packages/person_msgs/person_msgs_s__rosidl_typesupport_fastrtps_c.cpython-310-x86_64-linux-gnu.so
[2.029s] -- Up-to-date: /home/naitou/ros2_ws/install/person_msgs/local/lib/python3.10/dist-packages/person_msgs/person_msgs_s__rosidl_typesupport_introspection_c.cpython-310-x86_64-linux-gnu.so
[2.032s] -- Up-to-date: /home/naitou/ros2_ws/install/person_msgs/local/lib/python3.10/dist-packages/person_msgs/person_msgs_s__rosidl_typesupport_c.cpython-310-x86_64-linux-gnu.so
[2.034s] -- Up-to-date: /home/naitou/ros2_ws/install/person_msgs/lib/libperson_msgs__rosidl_generator_py.so
[2.035s] -- Up-to-date: /home/naitou/ros2_ws/install/person_msgs/share/person_msgs/msg/Person.idl
[2.036s] -- Up-to-date: /home/naitou/ros2_ws/install/person_msgs/share/person_msgs/msg/Person.msg
[2.037s] -- Up-to-date: /home/naitou/ros2_ws/install/person_msgs/share/ament_index/resource_index/package_run_dependencies/person_msgs
[2.037s] -- Up-to-date: /home/naitou/ros2_ws/install/person_msgs/share/ament_index/resource_index/parent_prefix_path/person_msgs
[2.037s] -- Up-to-date: /home/naitou/ros2_ws/install/person_msgs/share/person_msgs/environment/ament_prefix_path.sh
[2.038s] -- Up-to-date: /home/naitou/ros2_ws/install/person_msgs/share/person_msgs/environment/ament_prefix_path.dsv
[2.038s] -- Up-to-date: /home/naitou/ros2_ws/install/person_msgs/share/person_msgs/environment/path.sh
[2.039s] -- Up-to-date: /home/naitou/ros2_ws/install/person_msgs/share/person_msgs/environment/path.dsv
[2.039s] -- Up-to-date: /home/naitou/ros2_ws/install/person_msgs/share/person_msgs/local_setup.bash
[2.040s] -- Up-to-date: /home/naitou/ros2_ws/install/person_msgs/share/person_msgs/local_setup.sh
[2.040s] -- Up-to-date: /home/naitou/ros2_ws/install/person_msgs/share/person_msgs/local_setup.zsh
[2.041s] -- Up-to-date: /home/naitou/ros2_ws/install/person_msgs/share/person_msgs/local_setup.dsv
[2.041s] -- Installing: /home/naitou/ros2_ws/install/person_msgs/share/person_msgs/package.dsv
[2.042s] -- Up-to-date: /home/naitou/ros2_ws/install/person_msgs/share/ament_index/resource_index/packages/person_msgs
[2.043s] -- Up-to-date: /home/naitou/ros2_ws/install/person_msgs/share/person_msgs/cmake/export_person_msgs__rosidl_generator_cExport.cmake
[2.043s] -- Up-to-date: /home/naitou/ros2_ws/install/person_msgs/share/person_msgs/cmake/export_person_msgs__rosidl_generator_cExport-noconfig.cmake
[2.045s] -- Up-to-date: /home/naitou/ros2_ws/install/person_msgs/share/person_msgs/cmake/export_person_msgs__rosidl_typesupport_fastrtps_cExport.cmake
[2.045s] -- Up-to-date: /home/naitou/ros2_ws/install/person_msgs/share/person_msgs/cmake/export_person_msgs__rosidl_typesupport_fastrtps_cExport-noconfig.cmake
[2.048s] -- Up-to-date: /home/naitou/ros2_ws/install/person_msgs/share/person_msgs/cmake/person_msgs__rosidl_typesupport_introspection_cExport.cmake
[2.048s] -- Up-to-date: /home/naitou/ros2_ws/install/person_msgs/share/person_msgs/cmake/person_msgs__rosidl_typesupport_introspection_cExport-noconfig.cmake
[2.050s] -- Up-to-date: /home/naitou/ros2_ws/install/person_msgs/share/person_msgs/cmake/person_msgs__rosidl_typesupport_cExport.cmake
[2.050s] -- Up-to-date: /home/naitou/ros2_ws/install/person_msgs/share/person_msgs/cmake/person_msgs__rosidl_typesupport_cExport-noconfig.cmake
[2.053s] -- Up-to-date: /home/naitou/ros2_ws/install/person_msgs/share/person_msgs/cmake/export_person_msgs__rosidl_generator_cppExport.cmake
[2.055s] -- Up-to-date: /home/naitou/ros2_ws/install/person_msgs/share/person_msgs/cmake/export_person_msgs__rosidl_typesupport_fastrtps_cppExport.cmake
[2.056s] -- Up-to-date: /home/naitou/ros2_ws/install/person_msgs/share/person_msgs/cmake/export_person_msgs__rosidl_typesupport_fastrtps_cppExport-noconfig.cmake
[2.057s] -- Up-to-date: /home/naitou/ros2_ws/install/person_msgs/share/person_msgs/cmake/person_msgs__rosidl_typesupport_introspection_cppExport.cmake
[2.057s] -- Up-to-date: /home/naitou/ros2_ws/install/person_msgs/share/person_msgs/cmake/person_msgs__rosidl_typesupport_introspection_cppExport-noconfig.cmake
[2.059s] -- Up-to-date: /home/naitou/ros2_ws/install/person_msgs/share/person_msgs/cmake/person_msgs__rosidl_typesupport_cppExport.cmake
[2.060s] -- Up-to-date: /home/naitou/ros2_ws/install/person_msgs/share/person_msgs/cmake/person_msgs__rosidl_typesupport_cppExport-noconfig.cmake
[2.063s] -- Up-to-date: /home/naitou/ros2_ws/install/person_msgs/share/person_msgs/cmake/export_person_msgs__rosidl_generator_pyExport.cmake
[2.064s] -- Up-to-date: /home/naitou/ros2_ws/install/person_msgs/share/person_msgs/cmake/export_person_msgs__rosidl_generator_pyExport-noconfig.cmake
[2.064s] -- Up-to-date: /home/naitou/ros2_ws/install/person_msgs/share/person_msgs/cmake/rosidl_cmake-extras.cmake
[2.065s] -- Up-to-date: /home/naitou/ros2_ws/install/person_msgs/share/person_msgs/cmake/ament_cmake_export_include_directories-extras.cmake
[2.068s] -- Up-to-date: /home/naitou/ros2_ws/install/person_msgs/share/person_msgs/cmake/ament_cmake_export_libraries-extras.cmake
[2.069s] -- Up-to-date: /home/naitou/ros2_ws/install/person_msgs/share/person_msgs/cmake/ament_cmake_export_targets-extras.cmake
[2.069s] -- Up-to-date: /home/naitou/ros2_ws/install/person_msgs/share/person_msgs/cmake/rosidl_cmake_export_typesupport_targets-extras.cmake
[2.070s] -- Up-to-date: /home/naitou/ros2_ws/install/person_msgs/share/person_msgs/cmake/ament_cmake_export_dependencies-extras.cmake
[2.070s] -- Up-to-date: /home/naitou/ros2_ws/install/person_msgs/share/person_msgs/cmake/rosidl_cmake_export_typesupport_libraries-extras.cmake
[2.092s] -- Up-to-date: /home/naitou/ros2_ws/install/person_msgs/share/person_msgs/cmake/person_msgsConfig.cmake
[2.092s] -- Up-to-date: /home/naitou/ros2_ws/install/person_msgs/share/person_msgs/cmake/person_msgsConfig-version.cmake
[2.093s] -- Up-to-date: /home/naitou/ros2_ws/install/person_msgs/share/person_msgs/package.xml
[2.094s] Invoked command in '/home/naitou/ros2_ws/build/person_msgs' returned '0': CMAKE_PREFIX_PATH=${CMAKE_PREFIX_PATH}:/home/naitou/ros2_ws/install/mypkg:/opt/ros/humble CONDA_PROMPT_MODIFIER=(base) /usr/bin/cmake --install /home/naitou/ros2_ws/build/person_msgs
