[0.617s] DEBUG:colcon:Command line arguments: ['/usr/bin/colcon', 'build']
[0.618s] DEBUG:colcon:Parsed command line arguments: Namespace(log_base=None, log_level=None, verb_name='build', build_base='build', install_base='install', merge_install=False, symlink_install=False, test_result_base=None, continue_on_error=False, executor='parallel', parallel_workers=16, event_handlers=None, ignore_user_meta=False, metas=['./colcon.meta'], base_paths=['.'], packages_ignore=None, packages_ignore_regex=None, paths=None, packages_up_to=None, packages_up_to_regex=None, packages_above=None, packages_above_and_dependencies=None, packages_above_depth=None, packages_select_by_dep=None, packages_skip_by_dep=None, packages_skip_up_to=None, packages_select_build_failed=False, packages_skip_build_finished=False, packages_select_test_failures=False, packages_skip_test_passed=False, packages_select=None, packages_skip=None, packages_select_regex=None, packages_skip_regex=None, packages_start=None, packages_end=None, allow_overriding=[], cmake_args=None, cmake_target=None, cmake_target_skip_unavailable=False, cmake_clean_cache=False, cmake_clean_first=False, cmake_force_configure=False, ament_cmake_args=None, catkin_cmake_args=None, catkin_skip_building_tests=False, verb_parser=<colcon_defaults.argument_parser.defaults.DefaultArgumentsDecorator object at 0x7edc2e7cb4c0>, verb_extension=<colcon_core.verb.build.BuildVerb object at 0x7edc2e90c8e0>, main=<bound method BuildVerb.main of <colcon_core.verb.build.BuildVerb object at 0x7edc2e90c8e0>>)
[1.472s] Level 1:colcon.colcon_core.package_discovery:discover_packages(colcon_meta) check parameters
[1.472s] Level 1:colcon.colcon_core.package_discovery:discover_packages(recursive) check parameters
[1.472s] Level 1:colcon.colcon_core.package_discovery:discover_packages(ignore) check parameters
[1.472s] Level 1:colcon.colcon_core.package_discovery:discover_packages(path) check parameters
[1.472s] Level 1:colcon.colcon_core.package_discovery:discover_packages(colcon_meta) discover
[1.472s] Level 1:colcon.colcon_core.package_discovery:discover_packages(recursive) discover
[1.472s] INFO:colcon.colcon_core.package_discovery:Crawling recursively for packages in '/home/naitou/ros2_ws'
[1.473s] Level 1:colcon.colcon_core.package_identification:_identify(.) by extensions ['ignore', 'ignore_ament_install']
[1.474s] Level 1:colcon.colcon_core.package_identification:_identify(.) by extension 'ignore'
[1.474s] Level 1:colcon.colcon_core.package_identification:_identify(.) by extension 'ignore_ament_install'
[1.474s] Level 1:colcon.colcon_core.package_identification:_identify(.) by extensions ['colcon_pkg']
[1.474s] Level 1:colcon.colcon_core.package_identification:_identify(.) by extension 'colcon_pkg'
[1.474s] Level 1:colcon.colcon_core.package_identification:_identify(.) by extensions ['colcon_meta']
[1.474s] Level 1:colcon.colcon_core.package_identification:_identify(.) by extension 'colcon_meta'
[1.474s] Level 1:colcon.colcon_core.package_identification:_identify(.) by extensions ['ros']
[1.474s] Level 1:colcon.colcon_core.package_identification:_identify(.) by extension 'ros'
[1.507s] Level 1:colcon.colcon_core.package_identification:_identify(.) by extensions ['cmake', 'python']
[1.507s] Level 1:colcon.colcon_core.package_identification:_identify(.) by extension 'cmake'
[1.507s] Level 1:colcon.colcon_core.package_identification:_identify(.) by extension 'python'
[1.508s] Level 1:colcon.colcon_core.package_identification:_identify(.) by extensions ['python_setup_py']
[1.508s] Level 1:colcon.colcon_core.package_identification:_identify(.) by extension 'python_setup_py'
[1.509s] Level 1:colcon.colcon_core.package_identification:_identify(build) by extensions ['ignore', 'ignore_ament_install']
[1.509s] Level 1:colcon.colcon_core.package_identification:_identify(build) by extension 'ignore'
[1.509s] Level 1:colcon.colcon_core.package_identification:_identify(build) ignored
[1.509s] Level 1:colcon.colcon_core.package_identification:_identify(install) by extensions ['ignore', 'ignore_ament_install']
[1.509s] Level 1:colcon.colcon_core.package_identification:_identify(install) by extension 'ignore'
[1.510s] Level 1:colcon.colcon_core.package_identification:_identify(install) ignored
[1.510s] Level 1:colcon.colcon_core.package_identification:_identify(log) by extensions ['ignore', 'ignore_ament_install']
[1.510s] Level 1:colcon.colcon_core.package_identification:_identify(log) by extension 'ignore'
[1.510s] Level 1:colcon.colcon_core.package_identification:_identify(log) ignored
[1.511s] Level 1:colcon.colcon_core.package_identification:_identify(src) by extensions ['ignore', 'ignore_ament_install']
[1.511s] Level 1:colcon.colcon_core.package_identification:_identify(src) by extension 'ignore'
[1.511s] Level 1:colcon.colcon_core.package_identification:_identify(src) by extension 'ignore_ament_install'
[1.511s] Level 1:colcon.colcon_core.package_identification:_identify(src) by extensions ['colcon_pkg']
[1.511s] Level 1:colcon.colcon_core.package_identification:_identify(src) by extension 'colcon_pkg'
[1.511s] Level 1:colcon.colcon_core.package_identification:_identify(src) by extensions ['colcon_meta']
[1.511s] Level 1:colcon.colcon_core.package_identification:_identify(src) by extension 'colcon_meta'
[1.512s] Level 1:colcon.colcon_core.package_identification:_identify(src) by extensions ['ros']
[1.512s] Level 1:colcon.colcon_core.package_identification:_identify(src) by extension 'ros'
[1.514s] DEBUG:colcon.colcon_core.package_identification:Failed to parse potential ROS package manifest in'src': Error(s) in package 'src/package.xml':
The manifest contains invalid XML:
no element found: line 1, column 0
[1.515s] Level 1:colcon.colcon_core.package_identification:_identify(src) by extensions ['cmake', 'python']
[1.515s] Level 1:colcon.colcon_core.package_identification:_identify(src) by extension 'cmake'
[1.515s] Level 1:colcon.colcon_core.package_identification:_identify(src) by extension 'python'
[1.515s] Level 1:colcon.colcon_core.package_identification:_identify(src) by extensions ['python_setup_py']
[1.515s] Level 1:colcon.colcon_core.package_identification:_identify(src) by extension 'python_setup_py'
[1.516s] Level 1:colcon.colcon_core.package_identification:_identify(src/mypkg) by extensions ['ignore', 'ignore_ament_install']
[1.516s] Level 1:colcon.colcon_core.package_identification:_identify(src/mypkg) by extension 'ignore'
[1.516s] Level 1:colcon.colcon_core.package_identification:_identify(src/mypkg) by extension 'ignore_ament_install'
[1.516s] Level 1:colcon.colcon_core.package_identification:_identify(src/mypkg) by extensions ['colcon_pkg']
[1.516s] Level 1:colcon.colcon_core.package_identification:_identify(src/mypkg) by extension 'colcon_pkg'
[1.517s] Level 1:colcon.colcon_core.package_identification:_identify(src/mypkg) by extensions ['colcon_meta']
[1.517s] Level 1:colcon.colcon_core.package_identification:_identify(src/mypkg) by extension 'colcon_meta'
[1.517s] Level 1:colcon.colcon_core.package_identification:_identify(src/mypkg) by extensions ['ros']
[1.517s] Level 1:colcon.colcon_core.package_identification:_identify(src/mypkg) by extension 'ros'
[1.523s] DEBUG:colcon.colcon_core.package_identification:Package 'src/mypkg' with type 'ros.ament_python' and name 'mypkg'
[1.524s] Level 1:colcon.colcon_core.package_identification:_identify(src/person_msgs) by extensions ['ignore', 'ignore_ament_install']
[1.525s] Level 1:colcon.colcon_core.package_identification:_identify(src/person_msgs) by extension 'ignore'
[1.525s] Level 1:colcon.colcon_core.package_identification:_identify(src/person_msgs) by extension 'ignore_ament_install'
[1.525s] Level 1:colcon.colcon_core.package_identification:_identify(src/person_msgs) by extensions ['colcon_pkg']
[1.525s] Level 1:colcon.colcon_core.package_identification:_identify(src/person_msgs) by extension 'colcon_pkg'
[1.525s] Level 1:colcon.colcon_core.package_identification:_identify(src/person_msgs) by extensions ['colcon_meta']
[1.525s] Level 1:colcon.colcon_core.package_identification:_identify(src/person_msgs) by extension 'colcon_meta'
[1.525s] Level 1:colcon.colcon_core.package_identification:_identify(src/person_msgs) by extensions ['ros']
[1.525s] Level 1:colcon.colcon_core.package_identification:_identify(src/person_msgs) by extension 'ros'
[1.527s] DEBUG:colcon.colcon_core.package_identification:Package 'src/person_msgs' with type 'ros.ament_cmake' and name 'person_msgs'
[1.527s] Level 1:colcon.colcon_core.package_discovery:discover_packages(recursive) using defaults
[1.528s] Level 1:colcon.colcon_core.package_discovery:discover_packages(ignore) discover
[1.528s] Level 1:colcon.colcon_core.package_discovery:discover_packages(ignore) using defaults
[1.528s] Level 1:colcon.colcon_core.package_discovery:discover_packages(path) discover
[1.528s] Level 1:colcon.colcon_core.package_discovery:discover_packages(path) using defaults
[1.603s] Level 1:colcon.colcon_core.package_discovery:discover_packages(prefix_path) check parameters
[1.603s] Level 1:colcon.colcon_core.package_discovery:discover_packages(prefix_path) discover
[1.614s] DEBUG:colcon.colcon_installed_package_information.package_discovery:Found 2 installed packages in /home/naitou/ros2_ws/install
[1.617s] DEBUG:colcon.colcon_installed_package_information.package_discovery:Found 271 installed packages in /opt/ros/humble
[1.622s] Level 1:colcon.colcon_core.package_discovery:discover_packages(prefix_path) using defaults
[1.739s] Level 5:colcon.colcon_core.verb:set package 'mypkg' build argument 'cmake_args' from command line to 'None'
[1.740s] Level 5:colcon.colcon_core.verb:set package 'mypkg' build argument 'cmake_target' from command line to 'None'
[1.740s] Level 5:colcon.colcon_core.verb:set package 'mypkg' build argument 'cmake_target_skip_unavailable' from command line to 'False'
[1.740s] Level 5:colcon.colcon_core.verb:set package 'mypkg' build argument 'cmake_clean_cache' from command line to 'False'
[1.740s] Level 5:colcon.colcon_core.verb:set package 'mypkg' build argument 'cmake_clean_first' from command line to 'False'
[1.740s] Level 5:colcon.colcon_core.verb:set package 'mypkg' build argument 'cmake_force_configure' from command line to 'False'
[1.740s] Level 5:colcon.colcon_core.verb:set package 'mypkg' build argument 'ament_cmake_args' from command line to 'None'
[1.740s] Level 5:colcon.colcon_core.verb:set package 'mypkg' build argument 'catkin_cmake_args' from command line to 'None'
[1.740s] Level 5:colcon.colcon_core.verb:set package 'mypkg' build argument 'catkin_skip_building_tests' from command line to 'False'
[1.740s] DEBUG:colcon.colcon_core.verb:Building package 'mypkg' with the following arguments: {'ament_cmake_args': None, 'build_base': '/home/naitou/ros2_ws/build/mypkg', 'catkin_cmake_args': None, 'catkin_skip_building_tests': False, 'cmake_args': None, 'cmake_clean_cache': False, 'cmake_clean_first': False, 'cmake_force_configure': False, 'cmake_target': None, 'cmake_target_skip_unavailable': False, 'install_base': '/home/naitou/ros2_ws/install/mypkg', 'merge_install': False, 'path': '/home/naitou/ros2_ws/src/mypkg', 'symlink_install': False, 'test_result_base': None}
[1.741s] Level 5:colcon.colcon_core.verb:set package 'person_msgs' build argument 'cmake_args' from command line to 'None'
[1.741s] Level 5:colcon.colcon_core.verb:set package 'person_msgs' build argument 'cmake_target' from command line to 'None'
[1.741s] Level 5:colcon.colcon_core.verb:set package 'person_msgs' build argument 'cmake_target_skip_unavailable' from command line to 'False'
[1.741s] Level 5:colcon.colcon_core.verb:set package 'person_msgs' build argument 'cmake_clean_cache' from command line to 'False'
[1.741s] Level 5:colcon.colcon_core.verb:set package 'person_msgs' build argument 'cmake_clean_first' from command line to 'False'
[1.741s] Level 5:colcon.colcon_core.verb:set package 'person_msgs' build argument 'cmake_force_configure' from command line to 'False'
[1.741s] Level 5:colcon.colcon_core.verb:set package 'person_msgs' build argument 'ament_cmake_args' from command line to 'None'
[1.741s] Level 5:colcon.colcon_core.verb:set package 'person_msgs' build argument 'catkin_cmake_args' from command line to 'None'
[1.741s] Level 5:colcon.colcon_core.verb:set package 'person_msgs' build argument 'catkin_skip_building_tests' from command line to 'False'
[1.741s] DEBUG:colcon.colcon_core.verb:Building package 'person_msgs' with the following arguments: {'ament_cmake_args': None, 'build_base': '/home/naitou/ros2_ws/build/person_msgs', 'catkin_cmake_args': None, 'catkin_skip_building_tests': False, 'cmake_args': None, 'cmake_clean_cache': False, 'cmake_clean_first': False, 'cmake_force_configure': False, 'cmake_target': None, 'cmake_target_skip_unavailable': False, 'install_base': '/home/naitou/ros2_ws/install/person_msgs', 'merge_install': False, 'path': '/home/naitou/ros2_ws/src/person_msgs', 'symlink_install': False, 'test_result_base': None}
[1.742s] INFO:colcon.colcon_core.executor:Executing jobs using 'parallel' executor
[1.744s] DEBUG:colcon.colcon_parallel_executor.executor.parallel:run_until_complete
[1.745s] INFO:colcon.colcon_ros.task.ament_python.build:Building ROS package in '/home/naitou/ros2_ws/src/mypkg' with build type 'ament_python'
[1.746s] Level 1:colcon.colcon_core.shell:create_environment_hook('mypkg', 'ament_prefix_path')
[1.761s] INFO:colcon.colcon_core.plugin_system:Skipping extension 'colcon_core.shell.bat': Not used on non-Windows systems
[1.761s] INFO:colcon.colcon_core.shell:Creating environment hook '/home/naitou/ros2_ws/install/mypkg/share/mypkg/hook/ament_prefix_path.ps1'
[1.764s] INFO:colcon.colcon_core.shell:Creating environment descriptor '/home/naitou/ros2_ws/install/mypkg/share/mypkg/hook/ament_prefix_path.dsv'
[1.765s] INFO:colcon.colcon_core.shell:Creating environment hook '/home/naitou/ros2_ws/install/mypkg/share/mypkg/hook/ament_prefix_path.sh'
[1.768s] INFO:colcon.colcon_core.shell:Skip shell extension 'powershell' for command environment: Not usable outside of PowerShell
[1.768s] DEBUG:colcon.colcon_core.shell:Skip shell extension 'dsv' for command environment
[1.777s] INFO:colcon.colcon_ros.task.ament_cmake.build:Building ROS package in '/home/naitou/ros2_ws/src/person_msgs' with build type 'ament_cmake'
[1.778s] INFO:colcon.colcon_cmake.task.cmake.build:Building CMake package in '/home/naitou/ros2_ws/src/person_msgs'
[1.778s] INFO:colcon.colcon_core.shell:Skip shell extension 'powershell' for command environment: Not usable outside of PowerShell
[1.778s] DEBUG:colcon.colcon_core.shell:Skip shell extension 'dsv' for command environment
[2.380s] INFO:colcon.colcon_core.task.python.build:Building Python package in '/home/naitou/ros2_ws/src/mypkg'
[2.380s] INFO:colcon.colcon_core.shell:Skip shell extension 'powershell' for command environment: Not usable outside of PowerShell
[2.380s] DEBUG:colcon.colcon_core.shell:Skip shell extension 'dsv' for command environment
[2.407s] DEBUG:colcon.colcon_core.event_handler.log_command:Invoking command in '/home/naitou/ros2_ws/build/person_msgs': CMAKE_PREFIX_PATH=${CMAKE_PREFIX_PATH}:/home/naitou/ros2_ws/install/mypkg:/opt/ros/humble CONDA_PROMPT_MODIFIER=(base) /usr/bin/cmake --build /home/naitou/ros2_ws/build/person_msgs -- -j16 -l16
[3.449s] DEBUG:colcon.colcon_core.event_handler.log_command:Invoked command in '/home/naitou/ros2_ws/build/person_msgs' returned '0': CMAKE_PREFIX_PATH=${CMAKE_PREFIX_PATH}:/home/naitou/ros2_ws/install/mypkg:/opt/ros/humble CONDA_PROMPT_MODIFIER=(base) /usr/bin/cmake --build /home/naitou/ros2_ws/build/person_msgs -- -j16 -l16
[3.483s] DEBUG:colcon.colcon_core.event_handler.log_command:Invoking command in '/home/naitou/ros2_ws/build/person_msgs': CMAKE_PREFIX_PATH=${CMAKE_PREFIX_PATH}:/home/naitou/ros2_ws/install/mypkg:/opt/ros/humble CONDA_PROMPT_MODIFIER=(base) /usr/bin/cmake --install /home/naitou/ros2_ws/build/person_msgs
[3.675s] Level 1:colcon.colcon_core.environment:create_environment_scripts_only(person_msgs)
[3.677s] DEBUG:colcon.colcon_core.event_handler.log_command:Invoked command in '/home/naitou/ros2_ws/build/person_msgs' returned '0': CMAKE_PREFIX_PATH=${CMAKE_PREFIX_PATH}:/home/naitou/ros2_ws/install/mypkg:/opt/ros/humble CONDA_PROMPT_MODIFIER=(base) /usr/bin/cmake --install /home/naitou/ros2_ws/build/person_msgs
[3.694s] Level 1:colcon.colcon_core.environment:checking '/home/naitou/ros2_ws/install/person_msgs' for CMake module files
[3.696s] Level 1:colcon.colcon_core.environment:checking '/home/naitou/ros2_ws/install/person_msgs' for CMake config files
[3.702s] Level 1:colcon.colcon_core.shell:create_environment_hook('person_msgs', 'cmake_prefix_path')
[3.703s] INFO:colcon.colcon_core.shell:Creating environment hook '/home/naitou/ros2_ws/install/person_msgs/share/person_msgs/hook/cmake_prefix_path.ps1'
[3.705s] INFO:colcon.colcon_core.shell:Creating environment descriptor '/home/naitou/ros2_ws/install/person_msgs/share/person_msgs/hook/cmake_prefix_path.dsv'
[3.706s] INFO:colcon.colcon_core.shell:Creating environment hook '/home/naitou/ros2_ws/install/person_msgs/share/person_msgs/hook/cmake_prefix_path.sh'
[3.708s] Level 1:colcon.colcon_core.environment:checking '/home/naitou/ros2_ws/install/person_msgs/lib'
[3.709s] Level 1:colcon.colcon_core.shell:create_environment_hook('person_msgs', 'ld_library_path_lib')
[3.710s] INFO:colcon.colcon_core.shell:Creating environment hook '/home/naitou/ros2_ws/install/person_msgs/share/person_msgs/hook/ld_library_path_lib.ps1'
[3.711s] INFO:colcon.colcon_core.shell:Creating environment descriptor '/home/naitou/ros2_ws/install/person_msgs/share/person_msgs/hook/ld_library_path_lib.dsv'
[3.711s] INFO:colcon.colcon_core.shell:Creating environment hook '/home/naitou/ros2_ws/install/person_msgs/share/person_msgs/hook/ld_library_path_lib.sh'
[3.712s] Level 1:colcon.colcon_core.environment:checking '/home/naitou/ros2_ws/install/person_msgs/bin'
[3.712s] Level 1:colcon.colcon_core.environment:checking '/home/naitou/ros2_ws/install/person_msgs/lib/pkgconfig/person_msgs.pc'
[3.713s] Level 1:colcon.colcon_core.environment:checking '/home/naitou/ros2_ws/install/person_msgs/lib/python3.10/site-packages'
[3.714s] Level 1:colcon.colcon_core.environment:checking '/home/naitou/ros2_ws/install/person_msgs/bin'
[3.714s] INFO:colcon.colcon_core.shell:Creating package script '/home/naitou/ros2_ws/install/person_msgs/share/person_msgs/package.ps1'
[3.716s] INFO:colcon.colcon_core.shell:Creating package descriptor '/home/naitou/ros2_ws/install/person_msgs/share/person_msgs/package.dsv'
[3.718s] INFO:colcon.colcon_core.shell:Creating package script '/home/naitou/ros2_ws/install/person_msgs/share/person_msgs/package.sh'
[3.720s] INFO:colcon.colcon_core.shell:Creating package script '/home/naitou/ros2_ws/install/person_msgs/share/person_msgs/package.bash'
[3.723s] INFO:colcon.colcon_core.shell:Creating package script '/home/naitou/ros2_ws/install/person_msgs/share/person_msgs/package.zsh'
[3.725s] Level 1:colcon.colcon_core.environment:create_file_with_runtime_dependencies(/home/naitou/ros2_ws/install/person_msgs/share/colcon-core/packages/person_msgs)
[3.726s] Level 1:colcon.colcon_core.environment:create_environment_scripts_only(person_msgs)
[3.727s] Level 1:colcon.colcon_core.environment:checking '/home/naitou/ros2_ws/install/person_msgs' for CMake module files
[3.728s] Level 1:colcon.colcon_core.environment:checking '/home/naitou/ros2_ws/install/person_msgs' for CMake config files
[3.729s] Level 1:colcon.colcon_core.shell:create_environment_hook('person_msgs', 'cmake_prefix_path')
[3.729s] INFO:colcon.colcon_core.shell:Creating environment hook '/home/naitou/ros2_ws/install/person_msgs/share/person_msgs/hook/cmake_prefix_path.ps1'
[3.730s] INFO:colcon.colcon_core.shell:Creating environment descriptor '/home/naitou/ros2_ws/install/person_msgs/share/person_msgs/hook/cmake_prefix_path.dsv'
[3.731s] INFO:colcon.colcon_core.shell:Creating environment hook '/home/naitou/ros2_ws/install/person_msgs/share/person_msgs/hook/cmake_prefix_path.sh'
[3.732s] Level 1:colcon.colcon_core.environment:checking '/home/naitou/ros2_ws/install/person_msgs/lib'
[3.732s] Level 1:colcon.colcon_core.shell:create_environment_hook('person_msgs', 'ld_library_path_lib')
[3.733s] INFO:colcon.colcon_core.shell:Creating environment hook '/home/naitou/ros2_ws/install/person_msgs/share/person_msgs/hook/ld_library_path_lib.ps1'
[3.734s] INFO:colcon.colcon_core.shell:Creating environment descriptor '/home/naitou/ros2_ws/install/person_msgs/share/person_msgs/hook/ld_library_path_lib.dsv'
[3.734s] INFO:colcon.colcon_core.shell:Creating environment hook '/home/naitou/ros2_ws/install/person_msgs/share/person_msgs/hook/ld_library_path_lib.sh'
[3.735s] Level 1:colcon.colcon_core.environment:checking '/home/naitou/ros2_ws/install/person_msgs/bin'
[3.735s] Level 1:colcon.colcon_core.environment:checking '/home/naitou/ros2_ws/install/person_msgs/lib/pkgconfig/person_msgs.pc'
[3.736s] Level 1:colcon.colcon_core.environment:checking '/home/naitou/ros2_ws/install/person_msgs/lib/python3.10/site-packages'
[3.736s] Level 1:colcon.colcon_core.environment:checking '/home/naitou/ros2_ws/install/person_msgs/bin'
[3.737s] INFO:colcon.colcon_core.shell:Creating package script '/home/naitou/ros2_ws/install/person_msgs/share/person_msgs/package.ps1'
[3.738s] INFO:colcon.colcon_core.shell:Creating package descriptor '/home/naitou/ros2_ws/install/person_msgs/share/person_msgs/package.dsv'
[3.739s] INFO:colcon.colcon_core.shell:Creating package script '/home/naitou/ros2_ws/install/person_msgs/share/person_msgs/package.sh'
[3.740s] INFO:colcon.colcon_core.shell:Creating package script '/home/naitou/ros2_ws/install/person_msgs/share/person_msgs/package.bash'
[3.741s] INFO:colcon.colcon_core.shell:Creating package script '/home/naitou/ros2_ws/install/person_msgs/share/person_msgs/package.zsh'
[3.742s] Level 1:colcon.colcon_core.environment:create_file_with_runtime_dependencies(/home/naitou/ros2_ws/install/person_msgs/share/colcon-core/packages/person_msgs)
[3.753s] DEBUG:colcon.colcon_core.event_handler.log_command:Invoking command in '/home/naitou/ros2_ws/src/mypkg': CONDA_PROMPT_MODIFIER=(base) PYTHONPATH=/home/naitou/ros2_ws/build/mypkg/prefix_override:/usr/lib/python3/dist-packages/colcon_core/task/python/colcon_distutils_commands:/home/naitou/ros2_ws/install/mypkg/lib/python3.10/site-packages:${PYTHONPATH} /usr/bin/python3 -W ignore:setup.py install is deprecated -W ignore:easy_install command is deprecated setup.py egg_info --egg-base ../../build/mypkg build --build-base /home/naitou/ros2_ws/build/mypkg/build install --record /home/naitou/ros2_ws/build/mypkg/install.log --single-version-externally-managed install_data
[4.385s] Level 1:colcon.colcon_core.environment:checking '/home/naitou/ros2_ws/install/mypkg' for CMake module files
[4.386s] DEBUG:colcon.colcon_core.event_handler.log_command:Invoked command in '/home/naitou/ros2_ws/src/mypkg' returned '0': CONDA_PROMPT_MODIFIER=(base) PYTHONPATH=/home/naitou/ros2_ws/build/mypkg/prefix_override:/usr/lib/python3/dist-packages/colcon_core/task/python/colcon_distutils_commands:/home/naitou/ros2_ws/install/mypkg/lib/python3.10/site-packages:${PYTHONPATH} /usr/bin/python3 -W ignore:setup.py install is deprecated -W ignore:easy_install command is deprecated setup.py egg_info --egg-base ../../build/mypkg build --build-base /home/naitou/ros2_ws/build/mypkg/build install --record /home/naitou/ros2_ws/build/mypkg/install.log --single-version-externally-managed install_data
[4.388s] Level 1:colcon.colcon_core.environment:checking '/home/naitou/ros2_ws/install/mypkg' for CMake config files
[4.395s] Level 1:colcon.colcon_core.environment:checking '/home/naitou/ros2_ws/install/mypkg/lib'
[4.395s] Level 1:colcon.colcon_core.environment:checking '/home/naitou/ros2_ws/install/mypkg/bin'
[4.396s] Level 1:colcon.colcon_core.environment:checking '/home/naitou/ros2_ws/install/mypkg/lib/pkgconfig/mypkg.pc'
[4.396s] Level 1:colcon.colcon_core.environment:checking '/home/naitou/ros2_ws/install/mypkg/lib/python3.10/site-packages'
[4.396s] Level 1:colcon.colcon_core.shell:create_environment_hook('mypkg', 'pythonpath')
[4.396s] INFO:colcon.colcon_core.shell:Creating environment hook '/home/naitou/ros2_ws/install/mypkg/share/mypkg/hook/pythonpath.ps1'
[4.398s] INFO:colcon.colcon_core.shell:Creating environment descriptor '/home/naitou/ros2_ws/install/mypkg/share/mypkg/hook/pythonpath.dsv'
[4.398s] INFO:colcon.colcon_core.shell:Creating environment hook '/home/naitou/ros2_ws/install/mypkg/share/mypkg/hook/pythonpath.sh'
[4.400s] Level 1:colcon.colcon_core.environment:checking '/home/naitou/ros2_ws/install/mypkg/bin'
[4.400s] Level 1:colcon.colcon_core.environment:create_environment_scripts_only(mypkg)
[4.401s] INFO:colcon.colcon_core.shell:Creating package script '/home/naitou/ros2_ws/install/mypkg/share/mypkg/package.ps1'
[4.402s] INFO:colcon.colcon_core.shell:Creating package descriptor '/home/naitou/ros2_ws/install/mypkg/share/mypkg/package.dsv'
[4.403s] INFO:colcon.colcon_core.shell:Creating package script '/home/naitou/ros2_ws/install/mypkg/share/mypkg/package.sh'
[4.404s] INFO:colcon.colcon_core.shell:Creating package script '/home/naitou/ros2_ws/install/mypkg/share/mypkg/package.bash'
[4.405s] INFO:colcon.colcon_core.shell:Creating package script '/home/naitou/ros2_ws/install/mypkg/share/mypkg/package.zsh'
[4.406s] Level 1:colcon.colcon_core.environment:create_file_with_runtime_dependencies(/home/naitou/ros2_ws/install/mypkg/share/colcon-core/packages/mypkg)
[4.407s] DEBUG:colcon.colcon_parallel_executor.executor.parallel:closing loop
[4.408s] DEBUG:colcon.colcon_parallel_executor.executor.parallel:loop closed
[4.409s] DEBUG:colcon.colcon_parallel_executor.executor.parallel:run_until_complete finished with '0'
[4.409s] DEBUG:colcon.colcon_core.event_reactor:joining thread
[4.537s] INFO:colcon.colcon_core.plugin_system:Skipping extension 'colcon_notification.desktop_notification.notify_send': Could not find 'notify-send'
[4.537s] INFO:colcon.colcon_core.plugin_system:Skipping extension 'colcon_notification.desktop_notification.terminal_notifier': Not used on non-Darwin systems
[4.537s] INFO:colcon.colcon_core.plugin_system:Skipping extension 'colcon_notification.desktop_notification.win32': Not used on non-Windows systems
[4.537s] INFO:colcon.colcon_notification.desktop_notification:Sending desktop notification using 'notify2'
[4.542s] DEBUG:colcon.colcon_notification.desktop_notification.notify2:Failed to initialize notify2: org.freedesktop.DBus.Error.ServiceUnknown: The name org.freedesktop.Notifications was not provided by any .service files
[4.543s] DEBUG:colcon.colcon_core.event_reactor:joined thread
[4.543s] INFO:colcon.colcon_core.shell:Creating prefix script '/home/naitou/ros2_ws/install/local_setup.ps1'
[4.546s] INFO:colcon.colcon_core.shell:Creating prefix util module '/home/naitou/ros2_ws/install/_local_setup_util_ps1.py'
[4.550s] INFO:colcon.colcon_core.shell:Creating prefix chain script '/home/naitou/ros2_ws/install/setup.ps1'
[4.552s] INFO:colcon.colcon_core.shell:Creating prefix script '/home/naitou/ros2_ws/install/local_setup.sh'
[4.554s] INFO:colcon.colcon_core.shell:Creating prefix util module '/home/naitou/ros2_ws/install/_local_setup_util_sh.py'
[4.555s] INFO:colcon.colcon_core.shell:Creating prefix chain script '/home/naitou/ros2_ws/install/setup.sh'
[4.558s] INFO:colcon.colcon_core.shell:Creating prefix script '/home/naitou/ros2_ws/install/local_setup.bash'
[4.560s] INFO:colcon.colcon_core.shell:Creating prefix chain script '/home/naitou/ros2_ws/install/setup.bash'
[4.563s] INFO:colcon.colcon_core.shell:Creating prefix script '/home/naitou/ros2_ws/install/local_setup.zsh'
[4.565s] INFO:colcon.colcon_core.shell:Creating prefix chain script '/home/naitou/ros2_ws/install/setup.zsh'
