[2.243s] Invoking command in '/home/naitou/ros2_ws/src/mypkg': CONDA_PROMPT_MODIFIER=(base) PYTHONPATH=/home/naitou/ros2_ws/build/mypkg/prefix_override:/usr/lib/python3/dist-packages/colcon_core/task/python/colcon_distutils_commands:/home/naitou/ros2_ws/install/mypkg/lib/python3.10/site-packages:${PYTHONPATH} /usr/bin/python3 -W ignore:setup.py install is deprecated -W ignore:easy_install command is deprecated setup.py egg_info --egg-base ../../build/mypkg build --build-base /home/naitou/ros2_ws/build/mypkg/build install --record /home/naitou/ros2_ws/build/mypkg/install.log --single-version-externally-managed install_data
[2.834s] running egg_info
[2.836s] writing ../../build/mypkg/mypkg.egg-info/PKG-INFO
[2.837s] writing dependency_links to ../../build/mypkg/mypkg.egg-info/dependency_links.txt
[2.838s] writing entry points to ../../build/mypkg/mypkg.egg-info/entry_points.txt
[2.838s] writing requirements to ../../build/mypkg/mypkg.egg-info/requires.txt
[2.839s] writing top-level names to ../../build/mypkg/mypkg.egg-info/top_level.txt
[2.846s] reading manifest file '../../build/mypkg/mypkg.egg-info/SOURCES.txt'
[2.849s] writing manifest file '../../build/mypkg/mypkg.egg-info/SOURCES.txt'
[2.849s] running build
[2.849s] running build_py
[2.850s] running install
[2.851s] running install_lib
[2.855s] running install_data
[2.857s] running install_egg_info
[2.862s] removing '/home/naitou/ros2_ws/install/mypkg/lib/python3.10/site-packages/mypkg-0.0.0-py3.10.egg-info' (and everything under it)
[2.866s] Copying ../../build/mypkg/mypkg.egg-info to /home/naitou/ros2_ws/install/mypkg/lib/python3.10/site-packages/mypkg-0.0.0-py3.10.egg-info
[2.871s] running install_scripts
[2.921s] Installing listener script to /home/naitou/ros2_ws/install/mypkg/lib/mypkg
[2.922s] Installing talker script to /home/naitou/ros2_ws/install/mypkg/lib/mypkg
[2.923s] writing list of installed files to '/home/naitou/ros2_ws/build/mypkg/install.log'
[2.978s] Invoked command in '/home/naitou/ros2_ws/src/mypkg' returned '0': CONDA_PROMPT_MODIFIER=(base) PYTHONPATH=/home/naitou/ros2_ws/build/mypkg/prefix_override:/usr/lib/python3/dist-packages/colcon_core/task/python/colcon_distutils_commands:/home/naitou/ros2_ws/install/mypkg/lib/python3.10/site-packages:${PYTHONPATH} /usr/bin/python3 -W ignore:setup.py install is deprecated -W ignore:easy_install command is deprecated setup.py egg_info --egg-base ../../build/mypkg build --build-base /home/naitou/ros2_ws/build/mypkg/build install --record /home/naitou/ros2_ws/build/mypkg/install.log --single-version-externally-managed install_data
