[0.702s] Invoking command in '/home/naitou/ros2_ws/build/person_msgs': CMAKE_PREFIX_PATH=${CMAKE_PREFIX_PATH}:/home/naitou/ros2_ws/install/mypkg:/opt/ros/humble CONDA_PROMPT_MODIFIER=(base) /usr/bin/cmake --build /home/naitou/ros2_ws/build/person_msgs -- -j16 -l16
[1.113s] [ 12%] Built target person_msgs__rosidl_generator_c
[1.113s] [ 12%] Built target person_msgs__cpp
[1.163s] [ 12%] Built target ament_cmake_python_copy_person_msgs
[1.213s] [ 22%] Built target person_msgs__rosidl_typesupport_c
[1.223s] [ 32%] Built target person_msgs__rosidl_typesupport_introspection_c
[1.230s] [ 48%] Built target person_msgs__rosidl_typesupport_fastrtps_c
[1.230s] [ 70%] Built target person_msgs__rosidl_typesupport_cpp
[1.230s] [ 70%] Built target person_msgs__rosidl_typesupport_introspection_cpp
[1.230s] [ 70%] Built target person_msgs__rosidl_typesupport_fastrtps_cpp
[1.298s] [ 70%] Built target person_msgs
[1.367s] [ 74%] Built target person_msgs__py
[1.458s] [ 80%] Built target person_msgs__rosidl_generator_py
[1.545s] [ 87%] Built target person_msgs__rosidl_typesupport_fastrtps_c__pyext
[1.548s] [ 93%] Built target person_msgs__rosidl_typesupport_introspection_c__pyext
[1.549s] [100%] Built target person_msgs__rosidl_typesupport_c__pyext
[1.808s] running egg_info
[1.809s] writing person_msgs.egg-info/PKG-INFO
[1.811s] writing dependency_links to person_msgs.egg-info/dependency_links.txt
[1.812s] writing top-level names to person_msgs.egg-info/top_level.txt
[1.819s] reading manifest file 'person_msgs.egg-info/SOURCES.txt'
[1.821s] writing manifest file 'person_msgs.egg-info/SOURCES.txt'
[1.899s] [100%] Built target ament_cmake_python_build_person_msgs_egg
[1.940s] Invoked command in '/home/naitou/ros2_ws/build/person_msgs' returned '0': CMAKE_PREFIX_PATH=${CMAKE_PREFIX_PATH}:/home/naitou/ros2_ws/install/mypkg:/opt/ros/humble CONDA_PROMPT_MODIFIER=(base) /usr/bin/cmake --build /home/naitou/ros2_ws/build/person_msgs -- -j16 -l16
[1.981s] Invoking command in '/home/naitou/ros2_ws/build/person_msgs': CMAKE_PREFIX_PATH=${CMAKE_PREFIX_PATH}:/home/naitou/ros2_ws/install/mypkg:/opt/ros/humble CONDA_PROMPT_MODIFIER=(base) /usr/bin/cmake --install /home/naitou/ros2_ws/build/person_msgs
[2.005s] -- Install configuration: ""
[2.007s] -- Up-to-date: /home/naitou/ros2_ws/install/person_msgs/share/ament_index/resource_index/rosidl_interfaces/person_msgs
[2.007s] -- Up-to-date: /home/naitou/ros2_ws/install/person_msgs/include/person_msgs/person_msgs
[2.008s] -- Up-to-date: /home/naitou/ros2_ws/install/person_msgs/include/person_msgs/person_msgs/msg
[2.010s] -- Up-to-date: /home/naitou/ros2_ws/install/person_msgs/include/person_msgs/person_msgs/msg/detail
[2.011s] -- Up-to-date: /home/naitou/ros2_ws/install/person_msgs/include/person_msgs/person_msgs/msg/detail/person__functions.h
[2.011s] -- Up-to-date: /home/naitou/ros2_ws/install/person_msgs/include/person_msgs/person_msgs/msg/detail/person__struct.h
[2.012s] -- Up-to-date: /home/naitou/ros2_ws/install/person_msgs/include/person_msgs/person_msgs/msg/detail/person__type_support.h
[2.013s] -- Up-to-date: /home/naitou/ros2_ws/install/person_msgs/include/person_msgs/person_msgs/msg/detail/person__functions.c
[2.013s] -- Up-to-date: /home/naitou/ros2_ws/install/person_msgs/include/person_msgs/person_msgs/msg/person.h
[2.014s] -- Up-to-date: /home/naitou/ros2_ws/install/person_msgs/include/person_msgs/person_msgs/msg/rosidl_generator_c__visibility_control.h
[2.014s] -- Up-to-date: /home/naitou/ros2_ws/install/person_msgs/share/person_msgs/environment/library_path.sh
[2.014s] -- Up-to-date: /home/naitou/ros2_ws/install/person_msgs/share/person_msgs/environment/library_path.dsv
[2.017s] -- Up-to-date: /home/naitou/ros2_ws/install/person_msgs/lib/libperson_msgs__rosidl_generator_c.so
[2.017s] -- Up-to-date: /home/naitou/ros2_ws/install/person_msgs/include/person_msgs/person_msgs
[2.019s] -- Up-to-date: /home/naitou/ros2_ws/install/person_msgs/include/person_msgs/person_msgs/msg
[2.020s] -- Up-to-date: /home/naitou/ros2_ws/install/person_msgs/include/person_msgs/person_msgs/msg/detail
[2.021s] -- Up-to-date: /home/naitou/ros2_ws/install/person_msgs/include/person_msgs/person_msgs/msg/detail/person__rosidl_typesupport_fastrtps_c.h
[2.022s] -- Up-to-date: /home/naitou/ros2_ws/install/person_msgs/include/person_msgs/person_msgs/msg/rosidl_typesupport_fastrtps_c__visibility_control.h
[2.024s] -- Up-to-date: /home/naitou/ros2_ws/install/person_msgs/lib/libperson_msgs__rosidl_typesupport_fastrtps_c.so
[2.025s] -- Up-to-date: /home/naitou/ros2_ws/install/person_msgs/include/person_msgs/person_msgs
[2.026s] -- Up-to-date: /home/naitou/ros2_ws/install/person_msgs/include/person_msgs/person_msgs/msg
[2.028s] -- Up-to-date: /home/naitou/ros2_ws/install/person_msgs/include/person_msgs/person_msgs/msg/detail
[2.029s] -- Up-to-date: /home/naitou/ros2_ws/install/person_msgs/include/person_msgs/person_msgs/msg/detail/person__type_support.c
[2.029s] -- Up-to-date: /home/naitou/ros2_ws/install/person_msgs/include/person_msgs/person_msgs/msg/detail/person__rosidl_typesupport_introspection_c.h
[2.030s] -- Up-to-date: /home/naitou/ros2_ws/install/person_msgs/include/person_msgs/person_msgs/msg/rosidl_typesupport_introspection_c__visibility_control.h
[2.031s] -- Up-to-date: /home/naitou/ros2_ws/install/person_msgs/lib/libperson_msgs__rosidl_typesupport_introspection_c.so
[2.033s] -- Up-to-date: /home/naitou/ros2_ws/install/person_msgs/lib/libperson_msgs__rosidl_typesupport_c.so
[2.034s] -- Up-to-date: /home/naitou/ros2_ws/install/person_msgs/include/person_msgs/person_msgs
[2.035s] -- Up-to-date: /home/naitou/ros2_ws/install/person_msgs/include/person_msgs/person_msgs/msg
[2.036s] -- Up-to-date: /home/naitou/ros2_ws/install/person_msgs/include/person_msgs/person_msgs/msg/detail
[2.037s] -- Up-to-date: /home/naitou/ros2_ws/install/person_msgs/include/person_msgs/person_msgs/msg/detail/person__traits.hpp
[2.037s] -- Up-to-date: /home/naitou/ros2_ws/install/person_msgs/include/person_msgs/person_msgs/msg/detail/person__type_support.hpp
[2.038s] -- Up-to-date: /home/naitou/ros2_ws/install/person_msgs/include/person_msgs/person_msgs/msg/detail/person__builder.hpp
[2.038s] -- Up-to-date: /home/naitou/ros2_ws/install/person_msgs/include/person_msgs/person_msgs/msg/detail/person__struct.hpp
[2.038s] -- Up-to-date: /home/naitou/ros2_ws/install/person_msgs/include/person_msgs/person_msgs/msg/person.hpp
[2.038s] -- Up-to-date: /home/naitou/ros2_ws/install/person_msgs/include/person_msgs/person_msgs/msg/rosidl_generator_cpp__visibility_control.hpp
[2.038s] -- Up-to-date: /home/naitou/ros2_ws/install/person_msgs/include/person_msgs/person_msgs
[2.039s] -- Up-to-date: /home/naitou/ros2_ws/install/person_msgs/include/person_msgs/person_msgs/msg
[2.040s] -- Up-to-date: /home/naitou/ros2_ws/install/person_msgs/include/person_msgs/person_msgs/msg/detail
[2.041s] -- Up-to-date: /home/naitou/ros2_ws/install/person_msgs/include/person_msgs/person_msgs/msg/detail/person__rosidl_typesupport_fastrtps_cpp.hpp
[2.041s] -- Up-to-date: /home/naitou/ros2_ws/install/person_msgs/include/person_msgs/person_msgs/msg/detail/dds_fastrtps
[2.042s] -- Up-to-date: /home/naitou/ros2_ws/install/person_msgs/include/person_msgs/person_msgs/msg/rosidl_typesupport_fastrtps_cpp__visibility_control.h
[2.045s] -- Up-to-date: /home/naitou/ros2_ws/install/person_msgs/lib/libperson_msgs__rosidl_typesupport_fastrtps_cpp.so
[2.046s] -- Up-to-date: /home/naitou/ros2_ws/install/person_msgs/include/person_msgs/person_msgs
[2.047s] -- Up-to-date: /home/naitou/ros2_ws/install/person_msgs/include/person_msgs/person_msgs/msg
[2.048s] -- Up-to-date: /home/naitou/ros2_ws/install/person_msgs/include/person_msgs/person_msgs/msg/detail
[2.049s] -- Up-to-date: /home/naitou/ros2_ws/install/person_msgs/include/person_msgs/person_msgs/msg/detail/person__type_support.cpp
[2.049s] -- Up-to-date: /home/naitou/ros2_ws/install/person_msgs/include/person_msgs/person_msgs/msg/detail/person__rosidl_typesupport_introspection_cpp.hpp
[2.051s] -- Up-to-date: /home/naitou/ros2_ws/install/person_msgs/lib/libperson_msgs__rosidl_typesupport_introspection_cpp.so
[2.053s] -- Up-to-date: /home/naitou/ros2_ws/install/person_msgs/lib/libperson_msgs__rosidl_typesupport_cpp.so
[2.054s] -- Up-to-date: /home/naitou/ros2_ws/install/person_msgs/share/person_msgs/environment/pythonpath.sh
[2.054s] -- Up-to-date: /home/naitou/ros2_ws/install/person_msgs/share/person_msgs/environment/pythonpath.dsv
[2.054s] -- Up-to-date: /home/naitou/ros2_ws/install/person_msgs/local/lib/python3.10/dist-packages/person_msgs-0.0.0-py3.10.egg-info
[2.055s] -- Installing: /home/naitou/ros2_ws/install/person_msgs/local/lib/python3.10/dist-packages/person_msgs-0.0.0-py3.10.egg-info/PKG-INFO
[2.055s] -- Installing: /home/naitou/ros2_ws/install/person_msgs/local/lib/python3.10/dist-packages/person_msgs-0.0.0-py3.10.egg-info/dependency_links.txt
[2.056s] -- Installing: /home/naitou/ros2_ws/install/person_msgs/local/lib/python3.10/dist-packages/person_msgs-0.0.0-py3.10.egg-info/SOURCES.txt
[2.057s] -- Installing: /home/naitou/ros2_ws/install/person_msgs/local/lib/python3.10/dist-packages/person_msgs-0.0.0-py3.10.egg-info/top_level.txt
[2.058s] -- Up-to-date: /home/naitou/ros2_ws/install/person_msgs/local/lib/python3.10/dist-packages/person_msgs
[2.059s] -- Up-to-date: /home/naitou/ros2_ws/install/person_msgs/local/lib/python3.10/dist-packages/person_msgs/_person_msgs_s.ep.rosidl_typesupport_fastrtps_c.c
[2.060s] -- Up-to-date: /home/naitou/ros2_ws/install/person_msgs/local/lib/python3.10/dist-packages/person_msgs/person_msgs_s__rosidl_typesupport_introspection_c.cpython-310-x86_64-linux-gnu.so
[2.060s] -- Up-to-date: /home/naitou/ros2_ws/install/person_msgs/local/lib/python3.10/dist-packages/person_msgs/_person_msgs_s.ep.rosidl_typesupport_c.c
[2.061s] -- Up-to-date: /home/naitou/ros2_ws/install/person_msgs/local/lib/python3.10/dist-packages/person_msgs/__init__.py
[2.062s] -- Up-to-date: /home/naitou/ros2_ws/install/person_msgs/local/lib/python3.10/dist-packages/person_msgs/_person_msgs_s.ep.rosidl_typesupport_introspection_c.c
[2.062s] -- Up-to-date: /home/naitou/ros2_ws/install/person_msgs/local/lib/python3.10/dist-packages/person_msgs/person_msgs_s__rosidl_typesupport_fastrtps_c.cpython-310-x86_64-linux-gnu.so
[2.063s] -- Up-to-date: /home/naitou/ros2_ws/install/person_msgs/local/lib/python3.10/dist-packages/person_msgs/person_msgs_s__rosidl_typesupport_c.cpython-310-x86_64-linux-gnu.so
[2.063s] -- Up-to-date: /home/naitou/ros2_ws/install/person_msgs/local/lib/python3.10/dist-packages/person_msgs/msg
[2.063s] -- Up-to-date: /home/naitou/ros2_ws/install/person_msgs/local/lib/python3.10/dist-packages/person_msgs/msg/_person_s.c
[2.064s] -- Up-to-date: /home/naitou/ros2_ws/install/person_msgs/local/lib/python3.10/dist-packages/person_msgs/msg/__init__.py
[2.064s] -- Up-to-date: /home/naitou/ros2_ws/install/person_msgs/local/lib/python3.10/dist-packages/person_msgs/msg/_person.py
[2.064s] -- Up-to-date: /home/naitou/ros2_ws/install/person_msgs/local/lib/python3.10/dist-packages/person_msgs/libperson_msgs__rosidl_generator_py.so
[2.151s] Listing '/home/naitou/ros2_ws/install/person_msgs/local/lib/python3.10/dist-packages/person_msgs'...
[2.151s] Listing '/home/naitou/ros2_ws/install/person_msgs/local/lib/python3.10/dist-packages/person_msgs/msg'...
[2.164s] -- Up-to-date: /home/naitou/ros2_ws/install/person_msgs/local/lib/python3.10/dist-packages/person_msgs/person_msgs_s__rosidl_typesupport_fastrtps_c.cpython-310-x86_64-linux-gnu.so
[2.166s] -- Up-to-date: /home/naitou/ros2_ws/install/person_msgs/local/lib/python3.10/dist-packages/person_msgs/person_msgs_s__rosidl_typesupport_introspection_c.cpython-310-x86_64-linux-gnu.so
[2.169s] -- Up-to-date: /home/naitou/ros2_ws/install/person_msgs/local/lib/python3.10/dist-packages/person_msgs/person_msgs_s__rosidl_typesupport_c.cpython-310-x86_64-linux-gnu.so
[2.171s] -- Up-to-date: /home/naitou/ros2_ws/install/person_msgs/lib/libperson_msgs__rosidl_generator_py.so
[2.172s] -- Up-to-date: /home/naitou/ros2_ws/install/person_msgs/share/person_msgs/msg/Person.idl
[2.173s] -- Up-to-date: /home/naitou/ros2_ws/install/person_msgs/share/person_msgs/msg/Person.msg
[2.174s] -- Up-to-date: /home/naitou/ros2_ws/install/person_msgs/share/ament_index/resource_index/package_run_dependencies/person_msgs
[2.174s] -- Up-to-date: /home/naitou/ros2_ws/install/person_msgs/share/ament_index/resource_index/parent_prefix_path/person_msgs
[2.174s] -- Up-to-date: /home/naitou/ros2_ws/install/person_msgs/share/person_msgs/environment/ament_prefix_path.sh
[2.175s] -- Up-to-date: /home/naitou/ros2_ws/install/person_msgs/share/person_msgs/environment/ament_prefix_path.dsv
[2.175s] -- Up-to-date: /home/naitou/ros2_ws/install/person_msgs/share/person_msgs/environment/path.sh
[2.176s] -- Up-to-date: /home/naitou/ros2_ws/install/person_msgs/share/person_msgs/environment/path.dsv
[2.176s] -- Up-to-date: /home/naitou/ros2_ws/install/person_msgs/share/person_msgs/local_setup.bash
[2.176s] -- Up-to-date: /home/naitou/ros2_ws/install/person_msgs/share/person_msgs/local_setup.sh
[2.176s] -- Up-to-date: /home/naitou/ros2_ws/install/person_msgs/share/person_msgs/local_setup.zsh
[2.176s] -- Up-to-date: /home/naitou/ros2_ws/install/person_msgs/share/person_msgs/local_setup.dsv
[2.177s] -- Installing: /home/naitou/ros2_ws/install/person_msgs/share/person_msgs/package.dsv
[2.178s] -- Up-to-date: /home/naitou/ros2_ws/install/person_msgs/share/ament_index/resource_index/packages/person_msgs
[2.180s] -- Up-to-date: /home/naitou/ros2_ws/install/person_msgs/share/person_msgs/cmake/export_person_msgs__rosidl_generator_cExport.cmake
[2.180s] -- Up-to-date: /home/naitou/ros2_ws/install/person_msgs/share/person_msgs/cmake/export_person_msgs__rosidl_generator_cExport-noconfig.cmake
[2.182s] -- Up-to-date: /home/naitou/ros2_ws/install/person_msgs/share/person_msgs/cmake/export_person_msgs__rosidl_typesupport_fastrtps_cExport.cmake
[2.183s] -- Up-to-date: /home/naitou/ros2_ws/install/person_msgs/share/person_msgs/cmake/export_person_msgs__rosidl_typesupport_fastrtps_cExport-noconfig.cmake
[2.185s] -- Up-to-date: /home/naitou/ros2_ws/install/person_msgs/share/person_msgs/cmake/person_msgs__rosidl_typesupport_introspection_cExport.cmake
[2.185s] -- Up-to-date: /home/naitou/ros2_ws/install/person_msgs/share/person_msgs/cmake/person_msgs__rosidl_typesupport_introspection_cExport-noconfig.cmake
[2.187s] -- Up-to-date: /home/naitou/ros2_ws/install/person_msgs/share/person_msgs/cmake/person_msgs__rosidl_typesupport_cExport.cmake
[2.187s] -- Up-to-date: /home/naitou/ros2_ws/install/person_msgs/share/person_msgs/cmake/person_msgs__rosidl_typesupport_cExport-noconfig.cmake
[2.189s] -- Up-to-date: /home/naitou/ros2_ws/install/person_msgs/share/person_msgs/cmake/export_person_msgs__rosidl_generator_cppExport.cmake
[2.192s] -- Up-to-date: /home/naitou/ros2_ws/install/person_msgs/share/person_msgs/cmake/export_person_msgs__rosidl_typesupport_fastrtps_cppExport.cmake
[2.192s] -- Up-to-date: /home/naitou/ros2_ws/install/person_msgs/share/person_msgs/cmake/export_person_msgs__rosidl_typesupport_fastrtps_cppExport-noconfig.cmake
[2.194s] -- Up-to-date: /home/naitou/ros2_ws/install/person_msgs/share/person_msgs/cmake/person_msgs__rosidl_typesupport_introspection_cppExport.cmake
[2.195s] -- Up-to-date: /home/naitou/ros2_ws/install/person_msgs/share/person_msgs/cmake/person_msgs__rosidl_typesupport_introspection_cppExport-noconfig.cmake
[2.196s] -- Up-to-date: /home/naitou/ros2_ws/install/person_msgs/share/person_msgs/cmake/person_msgs__rosidl_typesupport_cppExport.cmake
[2.196s] -- Up-to-date: /home/naitou/ros2_ws/install/person_msgs/share/person_msgs/cmake/person_msgs__rosidl_typesupport_cppExport-noconfig.cmake
[2.199s] -- Up-to-date: /home/naitou/ros2_ws/install/person_msgs/share/person_msgs/cmake/export_person_msgs__rosidl_generator_pyExport.cmake
[2.200s] -- Up-to-date: /home/naitou/ros2_ws/install/person_msgs/share/person_msgs/cmake/export_person_msgs__rosidl_generator_pyExport-noconfig.cmake
[2.200s] -- Up-to-date: /home/naitou/ros2_ws/install/person_msgs/share/person_msgs/cmake/rosidl_cmake-extras.cmake
[2.201s] -- Up-to-date: /home/naitou/ros2_ws/install/person_msgs/share/person_msgs/cmake/ament_cmake_export_include_directories-extras.cmake
[2.201s] -- Up-to-date: /home/naitou/ros2_ws/install/person_msgs/share/person_msgs/cmake/ament_cmake_export_libraries-extras.cmake
[2.202s] -- Up-to-date: /home/naitou/ros2_ws/install/person_msgs/share/person_msgs/cmake/ament_cmake_export_targets-extras.cmake
[2.202s] -- Up-to-date: /home/naitou/ros2_ws/install/person_msgs/share/person_msgs/cmake/rosidl_cmake_export_typesupport_targets-extras.cmake
[2.202s] -- Up-to-date: /home/naitou/ros2_ws/install/person_msgs/share/person_msgs/cmake/ament_cmake_export_dependencies-extras.cmake
[2.202s] -- Up-to-date: /home/naitou/ros2_ws/install/person_msgs/share/person_msgs/cmake/rosidl_cmake_export_typesupport_libraries-extras.cmake
[2.202s] -- Up-to-date: /home/naitou/ros2_ws/install/person_msgs/share/person_msgs/cmake/person_msgsConfig.cmake
[2.202s] -- Up-to-date: /home/naitou/ros2_ws/install/person_msgs/share/person_msgs/cmake/person_msgsConfig-version.cmake
[2.203s] -- Up-to-date: /home/naitou/ros2_ws/install/person_msgs/share/person_msgs/package.xml
[2.211s] Invoked command in '/home/naitou/ros2_ws/build/person_msgs' returned '0': CMAKE_PREFIX_PATH=${CMAKE_PREFIX_PATH}:/home/naitou/ros2_ws/install/mypkg:/opt/ros/humble CONDA_PROMPT_MODIFIER=(base) /usr/bin/cmake --install /home/naitou/ros2_ws/build/person_msgs
