[2.340s] Invoking command in '/home/naitou/ros2_ws/src/mypkg': CONDA_PROMPT_MODIFIER=(base) PYTHONPATH=/home/naitou/ros2_ws/build/mypkg/prefix_override:/usr/lib/python3/dist-packages/colcon_core/task/python/colcon_distutils_commands:/home/naitou/ros2_ws/install/mypkg/lib/python3.10/site-packages:${PYTHONPATH} /usr/bin/python3 -W ignore:setup.py install is deprecated -W ignore:easy_install command is deprecated setup.py egg_info --egg-base ../../build/mypkg build --build-base /home/naitou/ros2_ws/build/mypkg/build install --record /home/naitou/ros2_ws/build/mypkg/install.log --single-version-externally-managed install_data
[2.896s] running egg_info
[2.898s] writing ../../build/mypkg/mypkg.egg-info/PKG-INFO
[2.899s] writing dependency_links to ../../build/mypkg/mypkg.egg-info/dependency_links.txt
[2.899s] writing entry points to ../../build/mypkg/mypkg.egg-info/entry_points.txt
[2.900s] writing requirements to ../../build/mypkg/mypkg.egg-info/requires.txt
[2.900s] writing top-level names to ../../build/mypkg/mypkg.egg-info/top_level.txt
[2.905s] reading manifest file '../../build/mypkg/mypkg.egg-info/SOURCES.txt'
[2.909s] writing manifest file '../../build/mypkg/mypkg.egg-info/SOURCES.txt'
[2.910s] running build
[2.910s] running build_py
[2.910s] copying mypkg/talker.py -> /home/naitou/ros2_ws/build/mypkg/build/lib/mypkg
[2.912s] running install
[2.913s] running install_lib
[2.916s] copying /home/naitou/ros2_ws/build/mypkg/build/lib/mypkg/talker.py -> /home/naitou/ros2_ws/install/mypkg/lib/python3.10/site-packages/mypkg
[2.919s] byte-compiling /home/naitou/ros2_ws/install/mypkg/lib/python3.10/site-packages/mypkg/talker.py to talker.cpython-310.pyc
[2.921s] running install_data
[2.921s] copying package.xml -> /home/naitou/ros2_ws/install/mypkg/share/mypkg
[2.923s] copying launch/talk_listen.launch.py -> /home/naitou/ros2_ws/install/mypkg/share/mypkg
[2.924s] running install_egg_info
[2.929s] removing '/home/naitou/ros2_ws/install/mypkg/lib/python3.10/site-packages/mypkg-0.0.0-py3.10.egg-info' (and everything under it)
[2.932s] Copying ../../build/mypkg/mypkg.egg-info to /home/naitou/ros2_ws/install/mypkg/lib/python3.10/site-packages/mypkg-0.0.0-py3.10.egg-info
[2.937s] running install_scripts
[2.982s] Installing listener script to /home/naitou/ros2_ws/install/mypkg/lib/mypkg
[2.983s] Installing talker script to /home/naitou/ros2_ws/install/mypkg/lib/mypkg
[2.983s] writing list of installed files to '/home/naitou/ros2_ws/build/mypkg/install.log'
[3.035s] Invoked command in '/home/naitou/ros2_ws/src/mypkg' returned '0': CONDA_PROMPT_MODIFIER=(base) PYTHONPATH=/home/naitou/ros2_ws/build/mypkg/prefix_override:/usr/lib/python3/dist-packages/colcon_core/task/python/colcon_distutils_commands:/home/naitou/ros2_ws/install/mypkg/lib/python3.10/site-packages:${PYTHONPATH} /usr/bin/python3 -W ignore:setup.py install is deprecated -W ignore:easy_install command is deprecated setup.py egg_info --egg-base ../../build/mypkg build --build-base /home/naitou/ros2_ws/build/mypkg/build install --record /home/naitou/ros2_ws/build/mypkg/install.log --single-version-externally-managed install_data
