[2.155s] Invoking command in '/home/naitou/ros2_ws/src/mypkg': CONDA_PROMPT_MODIFIER=(base) PYTHONPATH=/home/naitou/ros2_ws/build/mypkg/prefix_override:/usr/lib/python3/dist-packages/colcon_core/task/python/colcon_distutils_commands:/home/naitou/ros2_ws/install/mypkg/lib/python3.10/site-packages:${PYTHONPATH} /usr/bin/python3 -W ignore:setup.py install is deprecated -W ignore:easy_install command is deprecated setup.py egg_info --egg-base ../../build/mypkg build --build-base /home/naitou/ros2_ws/build/mypkg/build install --record /home/naitou/ros2_ws/build/mypkg/install.log --single-version-externally-managed install_data
[2.702s] running egg_info
[2.704s] writing ../../build/mypkg/mypkg.egg-info/PKG-INFO
[2.707s] writing dependency_links to ../../build/mypkg/mypkg.egg-info/dependency_links.txt
[2.708s] writing entry points to ../../build/mypkg/mypkg.egg-info/entry_points.txt
[2.708s] writing requirements to ../../build/mypkg/mypkg.egg-info/requires.txt
[2.709s] writing top-level names to ../../build/mypkg/mypkg.egg-info/top_level.txt
[2.715s] reading manifest file '../../build/mypkg/mypkg.egg-info/SOURCES.txt'
[2.717s] writing manifest file '../../build/mypkg/mypkg.egg-info/SOURCES.txt'
[2.717s] running build
[2.718s] running build_py
[2.720s] copying mypkg/talker.py -> /home/naitou/ros2_ws/build/mypkg/build/lib/mypkg
[2.723s] copying mypkg/listener.py -> /home/naitou/ros2_ws/build/mypkg/build/lib/mypkg
[2.724s] running install
[2.725s] running install_lib
[2.732s] copying /home/naitou/ros2_ws/build/mypkg/build/lib/mypkg/talker.py -> /home/naitou/ros2_ws/install/mypkg/lib/python3.10/site-packages/mypkg
[2.733s] copying /home/naitou/ros2_ws/build/mypkg/build/lib/mypkg/listener.py -> /home/naitou/ros2_ws/install/mypkg/lib/python3.10/site-packages/mypkg
[2.735s] byte-compiling /home/naitou/ros2_ws/install/mypkg/lib/python3.10/site-packages/mypkg/talker.py to talker.cpython-310.pyc
[2.737s] byte-compiling /home/naitou/ros2_ws/install/mypkg/lib/python3.10/site-packages/mypkg/listener.py to listener.cpython-310.pyc
[2.739s] running install_data
[2.740s] running install_egg_info
[2.745s] removing '/home/naitou/ros2_ws/install/mypkg/lib/python3.10/site-packages/mypkg-0.0.0-py3.10.egg-info' (and everything under it)
[2.746s] Copying ../../build/mypkg/mypkg.egg-info to /home/naitou/ros2_ws/install/mypkg/lib/python3.10/site-packages/mypkg-0.0.0-py3.10.egg-info
[2.751s] running install_scripts
[2.797s] Installing listener script to /home/naitou/ros2_ws/install/mypkg/lib/mypkg
[2.799s] Installing talker script to /home/naitou/ros2_ws/install/mypkg/lib/mypkg
[2.800s] writing list of installed files to '/home/naitou/ros2_ws/build/mypkg/install.log'
[2.855s] Invoked command in '/home/naitou/ros2_ws/src/mypkg' returned '0': CONDA_PROMPT_MODIFIER=(base) PYTHONPATH=/home/naitou/ros2_ws/build/mypkg/prefix_override:/usr/lib/python3/dist-packages/colcon_core/task/python/colcon_distutils_commands:/home/naitou/ros2_ws/install/mypkg/lib/python3.10/site-packages:${PYTHONPATH} /usr/bin/python3 -W ignore:setup.py install is deprecated -W ignore:easy_install command is deprecated setup.py egg_info --egg-base ../../build/mypkg build --build-base /home/naitou/ros2_ws/build/mypkg/build install --record /home/naitou/ros2_ws/build/mypkg/install.log --single-version-externally-managed install_data
