[2.068s] Invoking command in '/home/naitou/ros2_ws/src/mypkg': CONDA_PROMPT_MODIFIER=(base) PYTHONPATH=/home/naitou/ros2_ws/src/mypkg/build/mypkg/prefix_override:/usr/lib/python3/dist-packages/colcon_core/task/python/colcon_distutils_commands:/home/naitou/ros2_ws/src/mypkg/install/mypkg/lib/python3.10/site-packages:${PYTHONPATH} /usr/bin/python3 -W ignore:setup.py install is deprecated -W ignore:easy_install command is deprecated setup.py egg_info --egg-base build/mypkg build --build-base /home/naitou/ros2_ws/src/mypkg/build/mypkg/build install --record /home/naitou/ros2_ws/src/mypkg/build/mypkg/install.log --single-version-externally-managed install_data
[2.616s] running egg_info
[2.617s] creating build/mypkg/mypkg.egg-info
[2.618s] writing build/mypkg/mypkg.egg-info/PKG-INFO
[2.619s] writing dependency_links to build/mypkg/mypkg.egg-info/dependency_links.txt
[2.619s] writing entry points to build/mypkg/mypkg.egg-info/entry_points.txt
[2.620s] writing requirements to build/mypkg/mypkg.egg-info/requires.txt
[2.621s] writing top-level names to build/mypkg/mypkg.egg-info/top_level.txt
[2.621s] writing manifest file 'build/mypkg/mypkg.egg-info/SOURCES.txt'
[2.624s] reading manifest file 'build/mypkg/mypkg.egg-info/SOURCES.txt'
[2.626s] writing manifest file 'build/mypkg/mypkg.egg-info/SOURCES.txt'
[2.627s] running build
[2.627s] running build_py
[2.627s] creating /home/naitou/ros2_ws/src/mypkg/build/mypkg/build
[2.629s] creating /home/naitou/ros2_ws/src/mypkg/build/mypkg/build/lib
[2.629s] creating /home/naitou/ros2_ws/src/mypkg/build/mypkg/build/lib/mypkg
[2.631s] copying mypkg/__init__.py -> /home/naitou/ros2_ws/src/mypkg/build/mypkg/build/lib/mypkg
[2.631s] running install
[2.632s] running install_lib
[2.633s] creating /home/naitou/ros2_ws/src/mypkg/install/mypkg/lib/python3.10/site-packages/mypkg
[2.635s] copying /home/naitou/ros2_ws/src/mypkg/build/mypkg/build/lib/mypkg/__init__.py -> /home/naitou/ros2_ws/src/mypkg/install/mypkg/lib/python3.10/site-packages/mypkg
[2.636s] byte-compiling /home/naitou/ros2_ws/src/mypkg/install/mypkg/lib/python3.10/site-packages/mypkg/__init__.py to __init__.cpython-310.pyc
[2.638s] running install_data
[2.638s] creating /home/naitou/ros2_ws/src/mypkg/install/mypkg/share/ament_index
[2.639s] creating /home/naitou/ros2_ws/src/mypkg/install/mypkg/share/ament_index/resource_index
[2.640s] creating /home/naitou/ros2_ws/src/mypkg/install/mypkg/share/ament_index/resource_index/packages
[2.641s] copying resource/mypkg -> /home/naitou/ros2_ws/src/mypkg/install/mypkg/share/ament_index/resource_index/packages
[2.642s] copying package.xml -> /home/naitou/ros2_ws/src/mypkg/install/mypkg/share/mypkg
[2.642s] running install_egg_info
[2.646s] Copying build/mypkg/mypkg.egg-info to /home/naitou/ros2_ws/src/mypkg/install/mypkg/lib/python3.10/site-packages/mypkg-0.0.0-py3.10.egg-info
[2.650s] running install_scripts
[2.691s] writing list of installed files to '/home/naitou/ros2_ws/src/mypkg/build/mypkg/install.log'
[2.741s] Invoked command in '/home/naitou/ros2_ws/src/mypkg' returned '0': CONDA_PROMPT_MODIFIER=(base) PYTHONPATH=/home/naitou/ros2_ws/src/mypkg/build/mypkg/prefix_override:/usr/lib/python3/dist-packages/colcon_core/task/python/colcon_distutils_commands:/home/naitou/ros2_ws/src/mypkg/install/mypkg/lib/python3.10/site-packages:${PYTHONPATH} /usr/bin/python3 -W ignore:setup.py install is deprecated -W ignore:easy_install command is deprecated setup.py egg_info --egg-base build/mypkg build --build-base /home/naitou/ros2_ws/src/mypkg/build/mypkg/build install --record /home/naitou/ros2_ws/src/mypkg/build/mypkg/install.log --single-version-externally-managed install_data
