[0.540s] Invoking command in '/home/naitou/ros2_ws/build/person_msgs': CMAKE_PREFIX_PATH=${CMAKE_PREFIX_PATH}:/home/naitou/ros2_ws/install/mypkg:/opt/ros/humble CONDA_PROMPT_MODIFIER=(base) /usr/bin/cmake --build /home/naitou/ros2_ws/build/person_msgs -- -j16 -l16
[0.835s] [  3%] Built target person_msgs__cpp
[0.839s] [ 12%] Built target person_msgs__rosidl_generator_c
[0.875s] [ 12%] Built target ament_cmake_python_copy_person_msgs
[0.907s] [ 22%] Built target person_msgs__rosidl_typesupport_cpp
[0.909s] [ 32%] Built target person_msgs__rosidl_typesupport_introspection_c
[0.913s] [ 48%] Built target person_msgs__rosidl_typesupport_c
[0.913s] [ 51%] Built target person_msgs__rosidl_typesupport_fastrtps_cpp
[0.916s] [ 61%] Built target person_msgs__rosidl_typesupport_introspection_cpp
[0.920s] [ 70%] Built target person_msgs__rosidl_typesupport_fastrtps_c
[0.973s] [ 70%] Built target person_msgs
[1.030s] [ 74%] Built target person_msgs__py
[1.098s] [ 80%] Built target person_msgs__rosidl_generator_py
[1.160s] [ 87%] Built target person_msgs__rosidl_typesupport_c__pyext
[1.160s] [ 93%] Built target person_msgs__rosidl_typesupport_fastrtps_c__pyext
[1.161s] [100%] Built target person_msgs__rosidl_typesupport_introspection_c__pyext
[1.354s] running egg_info
[1.355s] writing person_msgs.egg-info/PKG-INFO
[1.357s] writing dependency_links to person_msgs.egg-info/dependency_links.txt
[1.358s] writing top-level names to person_msgs.egg-info/top_level.txt
[1.363s] reading manifest file 'person_msgs.egg-info/SOURCES.txt'
[1.364s] writing manifest file 'person_msgs.egg-info/SOURCES.txt'
[1.419s] [100%] Built target ament_cmake_python_build_person_msgs_egg
[1.450s] Invoked command in '/home/naitou/ros2_ws/build/person_msgs' returned '0': CMAKE_PREFIX_PATH=${CMAKE_PREFIX_PATH}:/home/naitou/ros2_ws/install/mypkg:/opt/ros/humble CONDA_PROMPT_MODIFIER=(base) /usr/bin/cmake --build /home/naitou/ros2_ws/build/person_msgs -- -j16 -l16
[1.481s] Invoking command in '/home/naitou/ros2_ws/build/person_msgs': CMAKE_PREFIX_PATH=${CMAKE_PREFIX_PATH}:/home/naitou/ros2_ws/install/mypkg:/opt/ros/humble CONDA_PROMPT_MODIFIER=(base) /usr/bin/cmake --install /home/naitou/ros2_ws/build/person_msgs
[1.500s] -- Install configuration: ""
[1.501s] -- Up-to-date: /home/naitou/ros2_ws/install/person_msgs/share/ament_index/resource_index/rosidl_interfaces/person_msgs
[1.502s] -- Up-to-date: /home/naitou/ros2_ws/install/person_msgs/include/person_msgs/person_msgs
[1.502s] -- Up-to-date: /home/naitou/ros2_ws/install/person_msgs/include/person_msgs/person_msgs/msg
[1.503s] -- Up-to-date: /home/naitou/ros2_ws/install/person_msgs/include/person_msgs/person_msgs/msg/detail
[1.504s] -- Up-to-date: /home/naitou/ros2_ws/install/person_msgs/include/person_msgs/person_msgs/msg/detail/person__functions.h
[1.504s] -- Up-to-date: /home/naitou/ros2_ws/install/person_msgs/include/person_msgs/person_msgs/msg/detail/person__struct.h
[1.505s] -- Up-to-date: /home/naitou/ros2_ws/install/person_msgs/include/person_msgs/person_msgs/msg/detail/person__type_support.h
[1.505s] -- Up-to-date: /home/naitou/ros2_ws/install/person_msgs/include/person_msgs/person_msgs/msg/detail/person__functions.c
[1.505s] -- Up-to-date: /home/naitou/ros2_ws/install/person_msgs/include/person_msgs/person_msgs/msg/person.h
[1.506s] -- Up-to-date: /home/naitou/ros2_ws/install/person_msgs/include/person_msgs/person_msgs/msg/rosidl_generator_c__visibility_control.h
[1.506s] -- Up-to-date: /home/naitou/ros2_ws/install/person_msgs/share/person_msgs/environment/library_path.sh
[1.506s] -- Up-to-date: /home/naitou/ros2_ws/install/person_msgs/share/person_msgs/environment/library_path.dsv
[1.507s] -- Up-to-date: /home/naitou/ros2_ws/install/person_msgs/lib/libperson_msgs__rosidl_generator_c.so
[1.508s] -- Up-to-date: /home/naitou/ros2_ws/install/person_msgs/include/person_msgs/person_msgs
[1.508s] -- Up-to-date: /home/naitou/ros2_ws/install/person_msgs/include/person_msgs/person_msgs/msg
[1.509s] -- Up-to-date: /home/naitou/ros2_ws/install/person_msgs/include/person_msgs/person_msgs/msg/detail
[1.510s] -- Up-to-date: /home/naitou/ros2_ws/install/person_msgs/include/person_msgs/person_msgs/msg/detail/person__rosidl_typesupport_fastrtps_c.h
[1.510s] -- Up-to-date: /home/naitou/ros2_ws/install/person_msgs/include/person_msgs/person_msgs/msg/rosidl_typesupport_fastrtps_c__visibility_control.h
[1.512s] -- Up-to-date: /home/naitou/ros2_ws/install/person_msgs/lib/libperson_msgs__rosidl_typesupport_fastrtps_c.so
[1.512s] -- Up-to-date: /home/naitou/ros2_ws/install/person_msgs/include/person_msgs/person_msgs
[1.513s] -- Up-to-date: /home/naitou/ros2_ws/install/person_msgs/include/person_msgs/person_msgs/msg
[1.514s] -- Up-to-date: /home/naitou/ros2_ws/install/person_msgs/include/person_msgs/person_msgs/msg/detail
[1.514s] -- Up-to-date: /home/naitou/ros2_ws/install/person_msgs/include/person_msgs/person_msgs/msg/detail/person__type_support.c
[1.515s] -- Up-to-date: /home/naitou/ros2_ws/install/person_msgs/include/person_msgs/person_msgs/msg/detail/person__rosidl_typesupport_introspection_c.h
[1.515s] -- Up-to-date: /home/naitou/ros2_ws/install/person_msgs/include/person_msgs/person_msgs/msg/rosidl_typesupport_introspection_c__visibility_control.h
[1.516s] -- Up-to-date: /home/naitou/ros2_ws/install/person_msgs/lib/libperson_msgs__rosidl_typesupport_introspection_c.so
[1.517s] -- Up-to-date: /home/naitou/ros2_ws/install/person_msgs/lib/libperson_msgs__rosidl_typesupport_c.so
[1.518s] -- Up-to-date: /home/naitou/ros2_ws/install/person_msgs/include/person_msgs/person_msgs
[1.518s] -- Up-to-date: /home/naitou/ros2_ws/install/person_msgs/include/person_msgs/person_msgs/msg
[1.519s] -- Up-to-date: /home/naitou/ros2_ws/install/person_msgs/include/person_msgs/person_msgs/msg/detail
[1.519s] -- Up-to-date: /home/naitou/ros2_ws/install/person_msgs/include/person_msgs/person_msgs/msg/detail/person__traits.hpp
[1.520s] -- Up-to-date: /home/naitou/ros2_ws/install/person_msgs/include/person_msgs/person_msgs/msg/detail/person__type_support.hpp
[1.520s] -- Up-to-date: /home/naitou/ros2_ws/install/person_msgs/include/person_msgs/person_msgs/msg/detail/person__builder.hpp
[1.520s] -- Up-to-date: /home/naitou/ros2_ws/install/person_msgs/include/person_msgs/person_msgs/msg/detail/person__struct.hpp
[1.520s] -- Up-to-date: /home/naitou/ros2_ws/install/person_msgs/include/person_msgs/person_msgs/msg/person.hpp
[1.521s] -- Up-to-date: /home/naitou/ros2_ws/install/person_msgs/include/person_msgs/person_msgs/msg/rosidl_generator_cpp__visibility_control.hpp
[1.521s] -- Up-to-date: /home/naitou/ros2_ws/install/person_msgs/include/person_msgs/person_msgs
[1.521s] -- Up-to-date: /home/naitou/ros2_ws/install/person_msgs/include/person_msgs/person_msgs/msg
[1.521s] -- Up-to-date: /home/naitou/ros2_ws/install/person_msgs/include/person_msgs/person_msgs/msg/detail
[1.522s] -- Up-to-date: /home/naitou/ros2_ws/install/person_msgs/include/person_msgs/person_msgs/msg/detail/person__rosidl_typesupport_fastrtps_cpp.hpp
[1.522s] -- Up-to-date: /home/naitou/ros2_ws/install/person_msgs/include/person_msgs/person_msgs/msg/detail/dds_fastrtps
[1.523s] -- Up-to-date: /home/naitou/ros2_ws/install/person_msgs/include/person_msgs/person_msgs/msg/rosidl_typesupport_fastrtps_cpp__visibility_control.h
[1.525s] -- Up-to-date: /home/naitou/ros2_ws/install/person_msgs/lib/libperson_msgs__rosidl_typesupport_fastrtps_cpp.so
[1.525s] -- Up-to-date: /home/naitou/ros2_ws/install/person_msgs/include/person_msgs/person_msgs
[1.526s] -- Up-to-date: /home/naitou/ros2_ws/install/person_msgs/include/person_msgs/person_msgs/msg
[1.527s] -- Up-to-date: /home/naitou/ros2_ws/install/person_msgs/include/person_msgs/person_msgs/msg/detail
[1.527s] -- Up-to-date: /home/naitou/ros2_ws/install/person_msgs/include/person_msgs/person_msgs/msg/detail/person__type_support.cpp
[1.527s] -- Up-to-date: /home/naitou/ros2_ws/install/person_msgs/include/person_msgs/person_msgs/msg/detail/person__rosidl_typesupport_introspection_cpp.hpp
[1.529s] -- Up-to-date: /home/naitou/ros2_ws/install/person_msgs/lib/libperson_msgs__rosidl_typesupport_introspection_cpp.so
[1.530s] -- Up-to-date: /home/naitou/ros2_ws/install/person_msgs/lib/libperson_msgs__rosidl_typesupport_cpp.so
[1.531s] -- Up-to-date: /home/naitou/ros2_ws/install/person_msgs/share/person_msgs/environment/pythonpath.sh
[1.531s] -- Up-to-date: /home/naitou/ros2_ws/install/person_msgs/share/person_msgs/environment/pythonpath.dsv
[1.531s] -- Up-to-date: /home/naitou/ros2_ws/install/person_msgs/local/lib/python3.10/dist-packages/person_msgs-0.0.0-py3.10.egg-info
[1.532s] -- Installing: /home/naitou/ros2_ws/install/person_msgs/local/lib/python3.10/dist-packages/person_msgs-0.0.0-py3.10.egg-info/PKG-INFO
[1.532s] -- Installing: /home/naitou/ros2_ws/install/person_msgs/local/lib/python3.10/dist-packages/person_msgs-0.0.0-py3.10.egg-info/dependency_links.txt
[1.533s] -- Installing: /home/naitou/ros2_ws/install/person_msgs/local/lib/python3.10/dist-packages/person_msgs-0.0.0-py3.10.egg-info/SOURCES.txt
[1.534s] -- Installing: /home/naitou/ros2_ws/install/person_msgs/local/lib/python3.10/dist-packages/person_msgs-0.0.0-py3.10.egg-info/top_level.txt
[1.534s] -- Up-to-date: /home/naitou/ros2_ws/install/person_msgs/local/lib/python3.10/dist-packages/person_msgs
[1.535s] -- Up-to-date: /home/naitou/ros2_ws/install/person_msgs/local/lib/python3.10/dist-packages/person_msgs/_person_msgs_s.ep.rosidl_typesupport_fastrtps_c.c
[1.535s] -- Up-to-date: /home/naitou/ros2_ws/install/person_msgs/local/lib/python3.10/dist-packages/person_msgs/person_msgs_s__rosidl_typesupport_introspection_c.cpython-310-x86_64-linux-gnu.so
[1.536s] -- Up-to-date: /home/naitou/ros2_ws/install/person_msgs/local/lib/python3.10/dist-packages/person_msgs/_person_msgs_s.ep.rosidl_typesupport_c.c
[1.536s] -- Up-to-date: /home/naitou/ros2_ws/install/person_msgs/local/lib/python3.10/dist-packages/person_msgs/__init__.py
[1.536s] -- Up-to-date: /home/naitou/ros2_ws/install/person_msgs/local/lib/python3.10/dist-packages/person_msgs/_person_msgs_s.ep.rosidl_typesupport_introspection_c.c
[1.536s] -- Up-to-date: /home/naitou/ros2_ws/install/person_msgs/local/lib/python3.10/dist-packages/person_msgs/person_msgs_s__rosidl_typesupport_fastrtps_c.cpython-310-x86_64-linux-gnu.so
[1.537s] -- Up-to-date: /home/naitou/ros2_ws/install/person_msgs/local/lib/python3.10/dist-packages/person_msgs/person_msgs_s__rosidl_typesupport_c.cpython-310-x86_64-linux-gnu.so
[1.537s] -- Up-to-date: /home/naitou/ros2_ws/install/person_msgs/local/lib/python3.10/dist-packages/person_msgs/msg
[1.537s] -- Up-to-date: /home/naitou/ros2_ws/install/person_msgs/local/lib/python3.10/dist-packages/person_msgs/msg/_person_s.c
[1.538s] -- Up-to-date: /home/naitou/ros2_ws/install/person_msgs/local/lib/python3.10/dist-packages/person_msgs/msg/__init__.py
[1.538s] -- Up-to-date: /home/naitou/ros2_ws/install/person_msgs/local/lib/python3.10/dist-packages/person_msgs/msg/_person.py
[1.538s] -- Up-to-date: /home/naitou/ros2_ws/install/person_msgs/local/lib/python3.10/dist-packages/person_msgs/libperson_msgs__rosidl_generator_py.so
[1.606s] Listing '/home/naitou/ros2_ws/install/person_msgs/local/lib/python3.10/dist-packages/person_msgs'...
[1.606s] Listing '/home/naitou/ros2_ws/install/person_msgs/local/lib/python3.10/dist-packages/person_msgs/msg'...
[1.615s] -- Up-to-date: /home/naitou/ros2_ws/install/person_msgs/local/lib/python3.10/dist-packages/person_msgs/person_msgs_s__rosidl_typesupport_fastrtps_c.cpython-310-x86_64-linux-gnu.so
[1.617s] -- Up-to-date: /home/naitou/ros2_ws/install/person_msgs/local/lib/python3.10/dist-packages/person_msgs/person_msgs_s__rosidl_typesupport_introspection_c.cpython-310-x86_64-linux-gnu.so
[1.619s] -- Up-to-date: /home/naitou/ros2_ws/install/person_msgs/local/lib/python3.10/dist-packages/person_msgs/person_msgs_s__rosidl_typesupport_c.cpython-310-x86_64-linux-gnu.so
[1.620s] -- Up-to-date: /home/naitou/ros2_ws/install/person_msgs/lib/libperson_msgs__rosidl_generator_py.so
[1.621s] -- Up-to-date: /home/naitou/ros2_ws/install/person_msgs/share/person_msgs/msg/Person.idl
[1.621s] -- Up-to-date: /home/naitou/ros2_ws/install/person_msgs/share/person_msgs/msg/Person.msg
[1.622s] -- Up-to-date: /home/naitou/ros2_ws/install/person_msgs/share/ament_index/resource_index/package_run_dependencies/person_msgs
[1.622s] -- Up-to-date: /home/naitou/ros2_ws/install/person_msgs/share/ament_index/resource_index/parent_prefix_path/person_msgs
[1.622s] -- Up-to-date: /home/naitou/ros2_ws/install/person_msgs/share/person_msgs/environment/ament_prefix_path.sh
[1.623s] -- Up-to-date: /home/naitou/ros2_ws/install/person_msgs/share/person_msgs/environment/ament_prefix_path.dsv
[1.623s] -- Up-to-date: /home/naitou/ros2_ws/install/person_msgs/share/person_msgs/environment/path.sh
[1.624s] -- Up-to-date: /home/naitou/ros2_ws/install/person_msgs/share/person_msgs/environment/path.dsv
[1.624s] -- Up-to-date: /home/naitou/ros2_ws/install/person_msgs/share/person_msgs/local_setup.bash
[1.624s] -- Up-to-date: /home/naitou/ros2_ws/install/person_msgs/share/person_msgs/local_setup.sh
[1.624s] -- Up-to-date: /home/naitou/ros2_ws/install/person_msgs/share/person_msgs/local_setup.zsh
[1.625s] -- Up-to-date: /home/naitou/ros2_ws/install/person_msgs/share/person_msgs/local_setup.dsv
[1.625s] -- Installing: /home/naitou/ros2_ws/install/person_msgs/share/person_msgs/package.dsv
[1.626s] -- Up-to-date: /home/naitou/ros2_ws/install/person_msgs/share/ament_index/resource_index/packages/person_msgs
[1.627s] -- Up-to-date: /home/naitou/ros2_ws/install/person_msgs/share/person_msgs/cmake/export_person_msgs__rosidl_generator_cExport.cmake
[1.628s] -- Up-to-date: /home/naitou/ros2_ws/install/person_msgs/share/person_msgs/cmake/export_person_msgs__rosidl_generator_cExport-noconfig.cmake
[1.629s] -- Up-to-date: /home/naitou/ros2_ws/install/person_msgs/share/person_msgs/cmake/export_person_msgs__rosidl_typesupport_fastrtps_cExport.cmake
[1.629s] -- Up-to-date: /home/naitou/ros2_ws/install/person_msgs/share/person_msgs/cmake/export_person_msgs__rosidl_typesupport_fastrtps_cExport-noconfig.cmake
[1.631s] -- Up-to-date: /home/naitou/ros2_ws/install/person_msgs/share/person_msgs/cmake/person_msgs__rosidl_typesupport_introspection_cExport.cmake
[1.631s] -- Up-to-date: /home/naitou/ros2_ws/install/person_msgs/share/person_msgs/cmake/person_msgs__rosidl_typesupport_introspection_cExport-noconfig.cmake
[1.632s] -- Up-to-date: /home/naitou/ros2_ws/install/person_msgs/share/person_msgs/cmake/person_msgs__rosidl_typesupport_cExport.cmake
[1.632s] -- Up-to-date: /home/naitou/ros2_ws/install/person_msgs/share/person_msgs/cmake/person_msgs__rosidl_typesupport_cExport-noconfig.cmake
[1.634s] -- Up-to-date: /home/naitou/ros2_ws/install/person_msgs/share/person_msgs/cmake/export_person_msgs__rosidl_generator_cppExport.cmake
[1.635s] -- Up-to-date: /home/naitou/ros2_ws/install/person_msgs/share/person_msgs/cmake/export_person_msgs__rosidl_typesupport_fastrtps_cppExport.cmake
[1.636s] -- Up-to-date: /home/naitou/ros2_ws/install/person_msgs/share/person_msgs/cmake/export_person_msgs__rosidl_typesupport_fastrtps_cppExport-noconfig.cmake
[1.637s] -- Up-to-date: /home/naitou/ros2_ws/install/person_msgs/share/person_msgs/cmake/person_msgs__rosidl_typesupport_introspection_cppExport.cmake
[1.637s] -- Up-to-date: /home/naitou/ros2_ws/install/person_msgs/share/person_msgs/cmake/person_msgs__rosidl_typesupport_introspection_cppExport-noconfig.cmake
[1.638s] -- Up-to-date: /home/naitou/ros2_ws/install/person_msgs/share/person_msgs/cmake/person_msgs__rosidl_typesupport_cppExport.cmake
[1.639s] -- Up-to-date: /home/naitou/ros2_ws/install/person_msgs/share/person_msgs/cmake/person_msgs__rosidl_typesupport_cppExport-noconfig.cmake
[1.639s] -- Up-to-date: /home/naitou/ros2_ws/install/person_msgs/share/person_msgs/cmake/export_person_msgs__rosidl_generator_pyExport.cmake
[1.640s] -- Up-to-date: /home/naitou/ros2_ws/install/person_msgs/share/person_msgs/cmake/export_person_msgs__rosidl_generator_pyExport-noconfig.cmake
[1.640s] -- Up-to-date: /home/naitou/ros2_ws/install/person_msgs/share/person_msgs/cmake/rosidl_cmake-extras.cmake
[1.640s] -- Up-to-date: /home/naitou/ros2_ws/install/person_msgs/share/person_msgs/cmake/ament_cmake_export_include_directories-extras.cmake
[1.641s] -- Up-to-date: /home/naitou/ros2_ws/install/person_msgs/share/person_msgs/cmake/ament_cmake_export_libraries-extras.cmake
[1.641s] -- Up-to-date: /home/naitou/ros2_ws/install/person_msgs/share/person_msgs/cmake/ament_cmake_export_targets-extras.cmake
[1.641s] -- Up-to-date: /home/naitou/ros2_ws/install/person_msgs/share/person_msgs/cmake/rosidl_cmake_export_typesupport_targets-extras.cmake
[1.642s] -- Up-to-date: /home/naitou/ros2_ws/install/person_msgs/share/person_msgs/cmake/ament_cmake_export_dependencies-extras.cmake
[1.642s] -- Up-to-date: /home/naitou/ros2_ws/install/person_msgs/share/person_msgs/cmake/rosidl_cmake_export_typesupport_libraries-extras.cmake
[1.642s] -- Up-to-date: /home/naitou/ros2_ws/install/person_msgs/share/person_msgs/cmake/person_msgsConfig.cmake
[1.642s] -- Up-to-date: /home/naitou/ros2_ws/install/person_msgs/share/person_msgs/cmake/person_msgsConfig-version.cmake
[1.642s] -- Up-to-date: /home/naitou/ros2_ws/install/person_msgs/share/person_msgs/package.xml
[1.648s] Invoked command in '/home/naitou/ros2_ws/build/person_msgs' returned '0': CMAKE_PREFIX_PATH=${CMAKE_PREFIX_PATH}:/home/naitou/ros2_ws/install/mypkg:/opt/ros/humble CONDA_PROMPT_MODIFIER=(base) /usr/bin/cmake --install /home/naitou/ros2_ws/build/person_msgs
