[0.519s] Invoking command in '/home/naitou/ros2_ws/build/person_msgs': CMAKE_PREFIX_PATH=${CMAKE_PREFIX_PATH}:/home/naitou/ros2_ws/install/mypkg:/opt/ros/humble CONDA_PROMPT_MODIFIER=(base) /usr/bin/cmake --build /home/naitou/ros2_ws/build/person_msgs -- -j16 -l16
[0.721s] [  9%] Built target person_msgs__cpp
[0.722s] [ 12%] Built target person_msgs__rosidl_generator_c
[0.759s] [ 12%] Built target ament_cmake_python_copy_person_msgs
[0.781s] [ 22%] Built target person_msgs__rosidl_typesupport_c
[0.791s] [ 41%] Built target person_msgs__rosidl_typesupport_introspection_c
[0.791s] [ 45%] Built target person_msgs__rosidl_typesupport_introspection_cpp
[0.793s] [ 51%] Built target person_msgs__rosidl_typesupport_cpp
[0.794s] [ 61%] Built target person_msgs__rosidl_typesupport_fastrtps_cpp
[0.795s] [ 70%] Built target person_msgs__rosidl_typesupport_fastrtps_c
[0.849s] [ 70%] Built target person_msgs
[0.901s] [ 74%] Built target person_msgs__py
[0.961s] [ 80%] Built target person_msgs__rosidl_generator_py
[1.022s] [100%] Built target person_msgs__rosidl_typesupport_fastrtps_c__pyext
[1.023s] [100%] Built target person_msgs__rosidl_typesupport_c__pyext
[1.023s] [100%] Built target person_msgs__rosidl_typesupport_introspection_c__pyext
[1.264s] running egg_info
[1.265s] writing person_msgs.egg-info/PKG-INFO
[1.266s] writing dependency_links to person_msgs.egg-info/dependency_links.txt
[1.267s] writing top-level names to person_msgs.egg-info/top_level.txt
[1.271s] reading manifest file 'person_msgs.egg-info/SOURCES.txt'
[1.272s] writing manifest file 'person_msgs.egg-info/SOURCES.txt'
[1.328s] [100%] Built target ament_cmake_python_build_person_msgs_egg
[1.358s] Invoked command in '/home/naitou/ros2_ws/build/person_msgs' returned '0': CMAKE_PREFIX_PATH=${CMAKE_PREFIX_PATH}:/home/naitou/ros2_ws/install/mypkg:/opt/ros/humble CONDA_PROMPT_MODIFIER=(base) /usr/bin/cmake --build /home/naitou/ros2_ws/build/person_msgs -- -j16 -l16
[1.384s] Invoking command in '/home/naitou/ros2_ws/build/person_msgs': CMAKE_PREFIX_PATH=${CMAKE_PREFIX_PATH}:/home/naitou/ros2_ws/install/mypkg:/opt/ros/humble CONDA_PROMPT_MODIFIER=(base) /usr/bin/cmake --install /home/naitou/ros2_ws/build/person_msgs
[1.405s] -- Install configuration: ""
[1.406s] -- Up-to-date: /home/naitou/ros2_ws/install/person_msgs/share/ament_index/resource_index/rosidl_interfaces/person_msgs
[1.406s] -- Up-to-date: /home/naitou/ros2_ws/install/person_msgs/include/person_msgs/person_msgs
[1.406s] -- Up-to-date: /home/naitou/ros2_ws/install/person_msgs/include/person_msgs/person_msgs/msg
[1.407s] -- Up-to-date: /home/naitou/ros2_ws/install/person_msgs/include/person_msgs/person_msgs/msg/detail
[1.408s] -- Up-to-date: /home/naitou/ros2_ws/install/person_msgs/include/person_msgs/person_msgs/msg/detail/person__functions.h
[1.409s] -- Up-to-date: /home/naitou/ros2_ws/install/person_msgs/include/person_msgs/person_msgs/msg/detail/person__struct.h
[1.409s] -- Up-to-date: /home/naitou/ros2_ws/install/person_msgs/include/person_msgs/person_msgs/msg/detail/person__type_support.h
[1.409s] -- Up-to-date: /home/naitou/ros2_ws/install/person_msgs/include/person_msgs/person_msgs/msg/detail/person__functions.c
[1.410s] -- Up-to-date: /home/naitou/ros2_ws/install/person_msgs/include/person_msgs/person_msgs/msg/person.h
[1.410s] -- Up-to-date: /home/naitou/ros2_ws/install/person_msgs/include/person_msgs/person_msgs/msg/rosidl_generator_c__visibility_control.h
[1.410s] -- Up-to-date: /home/naitou/ros2_ws/install/person_msgs/share/person_msgs/environment/library_path.sh
[1.410s] -- Up-to-date: /home/naitou/ros2_ws/install/person_msgs/share/person_msgs/environment/library_path.dsv
[1.411s] -- Up-to-date: /home/naitou/ros2_ws/install/person_msgs/lib/libperson_msgs__rosidl_generator_c.so
[1.412s] -- Up-to-date: /home/naitou/ros2_ws/install/person_msgs/include/person_msgs/person_msgs
[1.412s] -- Up-to-date: /home/naitou/ros2_ws/install/person_msgs/include/person_msgs/person_msgs/msg
[1.413s] -- Up-to-date: /home/naitou/ros2_ws/install/person_msgs/include/person_msgs/person_msgs/msg/detail
[1.413s] -- Up-to-date: /home/naitou/ros2_ws/install/person_msgs/include/person_msgs/person_msgs/msg/detail/person__rosidl_typesupport_fastrtps_c.h
[1.414s] -- Up-to-date: /home/naitou/ros2_ws/install/person_msgs/include/person_msgs/person_msgs/msg/rosidl_typesupport_fastrtps_c__visibility_control.h
[1.415s] -- Up-to-date: /home/naitou/ros2_ws/install/person_msgs/lib/libperson_msgs__rosidl_typesupport_fastrtps_c.so
[1.416s] -- Up-to-date: /home/naitou/ros2_ws/install/person_msgs/include/person_msgs/person_msgs
[1.416s] -- Up-to-date: /home/naitou/ros2_ws/install/person_msgs/include/person_msgs/person_msgs/msg
[1.417s] -- Up-to-date: /home/naitou/ros2_ws/install/person_msgs/include/person_msgs/person_msgs/msg/detail
[1.417s] -- Up-to-date: /home/naitou/ros2_ws/install/person_msgs/include/person_msgs/person_msgs/msg/detail/person__type_support.c
[1.418s] -- Up-to-date: /home/naitou/ros2_ws/install/person_msgs/include/person_msgs/person_msgs/msg/detail/person__rosidl_typesupport_introspection_c.h
[1.418s] -- Up-to-date: /home/naitou/ros2_ws/install/person_msgs/include/person_msgs/person_msgs/msg/rosidl_typesupport_introspection_c__visibility_control.h
[1.419s] -- Up-to-date: /home/naitou/ros2_ws/install/person_msgs/lib/libperson_msgs__rosidl_typesupport_introspection_c.so
[1.420s] -- Up-to-date: /home/naitou/ros2_ws/install/person_msgs/lib/libperson_msgs__rosidl_typesupport_c.so
[1.421s] -- Up-to-date: /home/naitou/ros2_ws/install/person_msgs/include/person_msgs/person_msgs
[1.421s] -- Up-to-date: /home/naitou/ros2_ws/install/person_msgs/include/person_msgs/person_msgs/msg
[1.422s] -- Up-to-date: /home/naitou/ros2_ws/install/person_msgs/include/person_msgs/person_msgs/msg/detail
[1.423s] -- Up-to-date: /home/naitou/ros2_ws/install/person_msgs/include/person_msgs/person_msgs/msg/detail/person__traits.hpp
[1.423s] -- Up-to-date: /home/naitou/ros2_ws/install/person_msgs/include/person_msgs/person_msgs/msg/detail/person__type_support.hpp
[1.424s] -- Up-to-date: /home/naitou/ros2_ws/install/person_msgs/include/person_msgs/person_msgs/msg/detail/person__builder.hpp
[1.424s] -- Up-to-date: /home/naitou/ros2_ws/install/person_msgs/include/person_msgs/person_msgs/msg/detail/person__struct.hpp
[1.424s] -- Up-to-date: /home/naitou/ros2_ws/install/person_msgs/include/person_msgs/person_msgs/msg/person.hpp
[1.424s] -- Up-to-date: /home/naitou/ros2_ws/install/person_msgs/include/person_msgs/person_msgs/msg/rosidl_generator_cpp__visibility_control.hpp
[1.425s] -- Up-to-date: /home/naitou/ros2_ws/install/person_msgs/include/person_msgs/person_msgs
[1.425s] -- Up-to-date: /home/naitou/ros2_ws/install/person_msgs/include/person_msgs/person_msgs/msg
[1.426s] -- Up-to-date: /home/naitou/ros2_ws/install/person_msgs/include/person_msgs/person_msgs/msg/detail
[1.426s] -- Up-to-date: /home/naitou/ros2_ws/install/person_msgs/include/person_msgs/person_msgs/msg/detail/person__rosidl_typesupport_fastrtps_cpp.hpp
[1.426s] -- Up-to-date: /home/naitou/ros2_ws/install/person_msgs/include/person_msgs/person_msgs/msg/detail/dds_fastrtps
[1.426s] -- Up-to-date: /home/naitou/ros2_ws/install/person_msgs/include/person_msgs/person_msgs/msg/rosidl_typesupport_fastrtps_cpp__visibility_control.h
[1.428s] -- Up-to-date: /home/naitou/ros2_ws/install/person_msgs/lib/libperson_msgs__rosidl_typesupport_fastrtps_cpp.so
[1.428s] -- Up-to-date: /home/naitou/ros2_ws/install/person_msgs/include/person_msgs/person_msgs
[1.429s] -- Up-to-date: /home/naitou/ros2_ws/install/person_msgs/include/person_msgs/person_msgs/msg
[1.429s] -- Up-to-date: /home/naitou/ros2_ws/install/person_msgs/include/person_msgs/person_msgs/msg/detail
[1.430s] -- Up-to-date: /home/naitou/ros2_ws/install/person_msgs/include/person_msgs/person_msgs/msg/detail/person__type_support.cpp
[1.430s] -- Up-to-date: /home/naitou/ros2_ws/install/person_msgs/include/person_msgs/person_msgs/msg/detail/person__rosidl_typesupport_introspection_cpp.hpp
[1.431s] -- Up-to-date: /home/naitou/ros2_ws/install/person_msgs/lib/libperson_msgs__rosidl_typesupport_introspection_cpp.so
[1.433s] -- Up-to-date: /home/naitou/ros2_ws/install/person_msgs/lib/libperson_msgs__rosidl_typesupport_cpp.so
[1.433s] -- Up-to-date: /home/naitou/ros2_ws/install/person_msgs/share/person_msgs/environment/pythonpath.sh
[1.434s] -- Up-to-date: /home/naitou/ros2_ws/install/person_msgs/share/person_msgs/environment/pythonpath.dsv
[1.434s] -- Up-to-date: /home/naitou/ros2_ws/install/person_msgs/local/lib/python3.10/dist-packages/person_msgs-0.0.0-py3.10.egg-info
[1.434s] -- Installing: /home/naitou/ros2_ws/install/person_msgs/local/lib/python3.10/dist-packages/person_msgs-0.0.0-py3.10.egg-info/PKG-INFO
[1.434s] -- Installing: /home/naitou/ros2_ws/install/person_msgs/local/lib/python3.10/dist-packages/person_msgs-0.0.0-py3.10.egg-info/dependency_links.txt
[1.435s] -- Installing: /home/naitou/ros2_ws/install/person_msgs/local/lib/python3.10/dist-packages/person_msgs-0.0.0-py3.10.egg-info/SOURCES.txt
[1.435s] -- Installing: /home/naitou/ros2_ws/install/person_msgs/local/lib/python3.10/dist-packages/person_msgs-0.0.0-py3.10.egg-info/top_level.txt
[1.436s] -- Up-to-date: /home/naitou/ros2_ws/install/person_msgs/local/lib/python3.10/dist-packages/person_msgs
[1.436s] -- Up-to-date: /home/naitou/ros2_ws/install/person_msgs/local/lib/python3.10/dist-packages/person_msgs/_person_msgs_s.ep.rosidl_typesupport_fastrtps_c.c
[1.436s] -- Up-to-date: /home/naitou/ros2_ws/install/person_msgs/local/lib/python3.10/dist-packages/person_msgs/person_msgs_s__rosidl_typesupport_introspection_c.cpython-310-x86_64-linux-gnu.so
[1.437s] -- Up-to-date: /home/naitou/ros2_ws/install/person_msgs/local/lib/python3.10/dist-packages/person_msgs/_person_msgs_s.ep.rosidl_typesupport_c.c
[1.437s] -- Up-to-date: /home/naitou/ros2_ws/install/person_msgs/local/lib/python3.10/dist-packages/person_msgs/__init__.py
[1.437s] -- Up-to-date: /home/naitou/ros2_ws/install/person_msgs/local/lib/python3.10/dist-packages/person_msgs/_person_msgs_s.ep.rosidl_typesupport_introspection_c.c
[1.438s] -- Up-to-date: /home/naitou/ros2_ws/install/person_msgs/local/lib/python3.10/dist-packages/person_msgs/person_msgs_s__rosidl_typesupport_fastrtps_c.cpython-310-x86_64-linux-gnu.so
[1.438s] -- Up-to-date: /home/naitou/ros2_ws/install/person_msgs/local/lib/python3.10/dist-packages/person_msgs/person_msgs_s__rosidl_typesupport_c.cpython-310-x86_64-linux-gnu.so
[1.438s] -- Up-to-date: /home/naitou/ros2_ws/install/person_msgs/local/lib/python3.10/dist-packages/person_msgs/msg
[1.438s] -- Up-to-date: /home/naitou/ros2_ws/install/person_msgs/local/lib/python3.10/dist-packages/person_msgs/msg/_person_s.c
[1.438s] -- Up-to-date: /home/naitou/ros2_ws/install/person_msgs/local/lib/python3.10/dist-packages/person_msgs/msg/__init__.py
[1.438s] -- Up-to-date: /home/naitou/ros2_ws/install/person_msgs/local/lib/python3.10/dist-packages/person_msgs/msg/_person.py
[1.438s] -- Up-to-date: /home/naitou/ros2_ws/install/person_msgs/local/lib/python3.10/dist-packages/person_msgs/libperson_msgs__rosidl_generator_py.so
[1.509s] Listing '/home/naitou/ros2_ws/install/person_msgs/local/lib/python3.10/dist-packages/person_msgs'...
[1.509s] Listing '/home/naitou/ros2_ws/install/person_msgs/local/lib/python3.10/dist-packages/person_msgs/msg'...
[1.519s] -- Up-to-date: /home/naitou/ros2_ws/install/person_msgs/local/lib/python3.10/dist-packages/person_msgs/person_msgs_s__rosidl_typesupport_fastrtps_c.cpython-310-x86_64-linux-gnu.so
[1.521s] -- Up-to-date: /home/naitou/ros2_ws/install/person_msgs/local/lib/python3.10/dist-packages/person_msgs/person_msgs_s__rosidl_typesupport_introspection_c.cpython-310-x86_64-linux-gnu.so
[1.522s] -- Up-to-date: /home/naitou/ros2_ws/install/person_msgs/local/lib/python3.10/dist-packages/person_msgs/person_msgs_s__rosidl_typesupport_c.cpython-310-x86_64-linux-gnu.so
[1.524s] -- Up-to-date: /home/naitou/ros2_ws/install/person_msgs/lib/libperson_msgs__rosidl_generator_py.so
[1.525s] -- Up-to-date: /home/naitou/ros2_ws/install/person_msgs/share/person_msgs/msg/Person.idl
[1.525s] -- Up-to-date: /home/naitou/ros2_ws/install/person_msgs/share/person_msgs/msg/Person.msg
[1.525s] -- Up-to-date: /home/naitou/ros2_ws/install/person_msgs/share/ament_index/resource_index/package_run_dependencies/person_msgs
[1.526s] -- Up-to-date: /home/naitou/ros2_ws/install/person_msgs/share/ament_index/resource_index/parent_prefix_path/person_msgs
[1.526s] -- Up-to-date: /home/naitou/ros2_ws/install/person_msgs/share/person_msgs/environment/ament_prefix_path.sh
[1.526s] -- Up-to-date: /home/naitou/ros2_ws/install/person_msgs/share/person_msgs/environment/ament_prefix_path.dsv
[1.527s] -- Up-to-date: /home/naitou/ros2_ws/install/person_msgs/share/person_msgs/environment/path.sh
[1.527s] -- Up-to-date: /home/naitou/ros2_ws/install/person_msgs/share/person_msgs/environment/path.dsv
[1.527s] -- Up-to-date: /home/naitou/ros2_ws/install/person_msgs/share/person_msgs/local_setup.bash
[1.527s] -- Up-to-date: /home/naitou/ros2_ws/install/person_msgs/share/person_msgs/local_setup.sh
[1.527s] -- Up-to-date: /home/naitou/ros2_ws/install/person_msgs/share/person_msgs/local_setup.zsh
[1.528s] -- Up-to-date: /home/naitou/ros2_ws/install/person_msgs/share/person_msgs/local_setup.dsv
[1.528s] -- Installing: /home/naitou/ros2_ws/install/person_msgs/share/person_msgs/package.dsv
[1.528s] -- Up-to-date: /home/naitou/ros2_ws/install/person_msgs/share/ament_index/resource_index/packages/person_msgs
[1.529s] -- Up-to-date: /home/naitou/ros2_ws/install/person_msgs/share/person_msgs/cmake/export_person_msgs__rosidl_generator_cExport.cmake
[1.530s] -- Up-to-date: /home/naitou/ros2_ws/install/person_msgs/share/person_msgs/cmake/export_person_msgs__rosidl_generator_cExport-noconfig.cmake
[1.530s] -- Up-to-date: /home/naitou/ros2_ws/install/person_msgs/share/person_msgs/cmake/export_person_msgs__rosidl_typesupport_fastrtps_cExport.cmake
[1.531s] -- Up-to-date: /home/naitou/ros2_ws/install/person_msgs/share/person_msgs/cmake/export_person_msgs__rosidl_typesupport_fastrtps_cExport-noconfig.cmake
[1.532s] -- Up-to-date: /home/naitou/ros2_ws/install/person_msgs/share/person_msgs/cmake/person_msgs__rosidl_typesupport_introspection_cExport.cmake
[1.532s] -- Up-to-date: /home/naitou/ros2_ws/install/person_msgs/share/person_msgs/cmake/person_msgs__rosidl_typesupport_introspection_cExport-noconfig.cmake
[1.533s] -- Up-to-date: /home/naitou/ros2_ws/install/person_msgs/share/person_msgs/cmake/person_msgs__rosidl_typesupport_cExport.cmake
[1.534s] -- Up-to-date: /home/naitou/ros2_ws/install/person_msgs/share/person_msgs/cmake/person_msgs__rosidl_typesupport_cExport-noconfig.cmake
[1.535s] -- Up-to-date: /home/naitou/ros2_ws/install/person_msgs/share/person_msgs/cmake/export_person_msgs__rosidl_generator_cppExport.cmake
[1.536s] -- Up-to-date: /home/naitou/ros2_ws/install/person_msgs/share/person_msgs/cmake/export_person_msgs__rosidl_typesupport_fastrtps_cppExport.cmake
[1.536s] -- Up-to-date: /home/naitou/ros2_ws/install/person_msgs/share/person_msgs/cmake/export_person_msgs__rosidl_typesupport_fastrtps_cppExport-noconfig.cmake
[1.537s] -- Up-to-date: /home/naitou/ros2_ws/install/person_msgs/share/person_msgs/cmake/person_msgs__rosidl_typesupport_introspection_cppExport.cmake
[1.538s] -- Up-to-date: /home/naitou/ros2_ws/install/person_msgs/share/person_msgs/cmake/person_msgs__rosidl_typesupport_introspection_cppExport-noconfig.cmake
[1.539s] -- Up-to-date: /home/naitou/ros2_ws/install/person_msgs/share/person_msgs/cmake/person_msgs__rosidl_typesupport_cppExport.cmake
[1.539s] -- Up-to-date: /home/naitou/ros2_ws/install/person_msgs/share/person_msgs/cmake/person_msgs__rosidl_typesupport_cppExport-noconfig.cmake
[1.540s] -- Up-to-date: /home/naitou/ros2_ws/install/person_msgs/share/person_msgs/cmake/export_person_msgs__rosidl_generator_pyExport.cmake
[1.540s] -- Up-to-date: /home/naitou/ros2_ws/install/person_msgs/share/person_msgs/cmake/export_person_msgs__rosidl_generator_pyExport-noconfig.cmake
[1.541s] -- Up-to-date: /home/naitou/ros2_ws/install/person_msgs/share/person_msgs/cmake/rosidl_cmake-extras.cmake
[1.541s] -- Up-to-date: /home/naitou/ros2_ws/install/person_msgs/share/person_msgs/cmake/ament_cmake_export_include_directories-extras.cmake
[1.541s] -- Up-to-date: /home/naitou/ros2_ws/install/person_msgs/share/person_msgs/cmake/ament_cmake_export_libraries-extras.cmake
[1.541s] -- Up-to-date: /home/naitou/ros2_ws/install/person_msgs/share/person_msgs/cmake/ament_cmake_export_targets-extras.cmake
[1.542s] -- Up-to-date: /home/naitou/ros2_ws/install/person_msgs/share/person_msgs/cmake/rosidl_cmake_export_typesupport_targets-extras.cmake
[1.542s] -- Up-to-date: /home/naitou/ros2_ws/install/person_msgs/share/person_msgs/cmake/ament_cmake_export_dependencies-extras.cmake
[1.543s] -- Up-to-date: /home/naitou/ros2_ws/install/person_msgs/share/person_msgs/cmake/rosidl_cmake_export_typesupport_libraries-extras.cmake
[1.543s] -- Up-to-date: /home/naitou/ros2_ws/install/person_msgs/share/person_msgs/cmake/person_msgsConfig.cmake
[1.543s] -- Up-to-date: /home/naitou/ros2_ws/install/person_msgs/share/person_msgs/cmake/person_msgsConfig-version.cmake
[1.543s] -- Up-to-date: /home/naitou/ros2_ws/install/person_msgs/share/person_msgs/package.xml
[1.549s] Invoked command in '/home/naitou/ros2_ws/build/person_msgs' returned '0': CMAKE_PREFIX_PATH=${CMAKE_PREFIX_PATH}:/home/naitou/ros2_ws/install/mypkg:/opt/ros/humble CONDA_PROMPT_MODIFIER=(base) /usr/bin/cmake --install /home/naitou/ros2_ws/build/person_msgs
