[0.786s] DEBUG:colcon:Command line arguments: ['/usr/bin/colcon', 'build']
[0.786s] DEBUG:colcon:Parsed command line arguments: Namespace(log_base=None, log_level=None, verb_name='build', build_base='build', install_base='install', merge_install=False, symlink_install=False, test_result_base=None, continue_on_error=False, executor='parallel', parallel_workers=16, event_handlers=None, ignore_user_meta=False, metas=['./colcon.meta'], base_paths=['.'], packages_ignore=None, packages_ignore_regex=None, paths=None, packages_up_to=None, packages_up_to_regex=None, packages_above=None, packages_above_and_dependencies=None, packages_above_depth=None, packages_select_by_dep=None, packages_skip_by_dep=None, packages_skip_up_to=None, packages_select_build_failed=False, packages_skip_build_finished=False, packages_select_test_failures=False, packages_skip_test_passed=False, packages_select=None, packages_skip=None, packages_select_regex=None, packages_skip_regex=None, packages_start=None, packages_end=None, allow_overriding=[], cmake_args=None, cmake_target=None, cmake_target_skip_unavailable=False, cmake_clean_cache=False, cmake_clean_first=False, cmake_force_configure=False, ament_cmake_args=None, catkin_cmake_args=None, catkin_skip_building_tests=False, verb_parser=<colcon_defaults.argument_parser.defaults.DefaultArgumentsDecorator object at 0x751734cc34c0>, verb_extension=<colcon_core.verb.build.BuildVerb object at 0x751734e048e0>, main=<bound method BuildVerb.main of <colcon_core.verb.build.BuildVerb object at 0x751734e048e0>>)
[1.635s] Level 1:colcon.colcon_core.package_discovery:discover_packages(colcon_meta) check parameters
[1.635s] Level 1:colcon.colcon_core.package_discovery:discover_packages(recursive) check parameters
[1.636s] Level 1:colcon.colcon_core.package_discovery:discover_packages(ignore) check parameters
[1.636s] Level 1:colcon.colcon_core.package_discovery:discover_packages(path) check parameters
[1.636s] Level 1:colcon.colcon_core.package_discovery:discover_packages(colcon_meta) discover
[1.636s] Level 1:colcon.colcon_core.package_discovery:discover_packages(recursive) discover
[1.636s] INFO:colcon.colcon_core.package_discovery:Crawling recursively for packages in '/home/naitou/ros2_ws'
[1.637s] Level 1:colcon.colcon_core.package_identification:_identify(.) by extensions ['ignore', 'ignore_ament_install']
[1.637s] Level 1:colcon.colcon_core.package_identification:_identify(.) by extension 'ignore'
[1.637s] Level 1:colcon.colcon_core.package_identification:_identify(.) by extension 'ignore_ament_install'
[1.637s] Level 1:colcon.colcon_core.package_identification:_identify(.) by extensions ['colcon_pkg']
[1.637s] Level 1:colcon.colcon_core.package_identification:_identify(.) by extension 'colcon_pkg'
[1.637s] Level 1:colcon.colcon_core.package_identification:_identify(.) by extensions ['colcon_meta']
[1.637s] Level 1:colcon.colcon_core.package_identification:_identify(.) by extension 'colcon_meta'
[1.637s] Level 1:colcon.colcon_core.package_identification:_identify(.) by extensions ['ros']
[1.637s] Level 1:colcon.colcon_core.package_identification:_identify(.) by extension 'ros'
[1.677s] Level 1:colcon.colcon_core.package_identification:_identify(.) by extensions ['cmake', 'python']
[1.677s] Level 1:colcon.colcon_core.package_identification:_identify(.) by extension 'cmake'
[1.677s] Level 1:colcon.colcon_core.package_identification:_identify(.) by extension 'python'
[1.677s] Level 1:colcon.colcon_core.package_identification:_identify(.) by extensions ['python_setup_py']
[1.677s] Level 1:colcon.colcon_core.package_identification:_identify(.) by extension 'python_setup_py'
[1.678s] Level 1:colcon.colcon_core.package_identification:_identify(build) by extensions ['ignore', 'ignore_ament_install']
[1.678s] Level 1:colcon.colcon_core.package_identification:_identify(build) by extension 'ignore'
[1.679s] Level 1:colcon.colcon_core.package_identification:_identify(build) ignored
[1.679s] Level 1:colcon.colcon_core.package_identification:_identify(install) by extensions ['ignore', 'ignore_ament_install']
[1.680s] Level 1:colcon.colcon_core.package_identification:_identify(install) by extension 'ignore'
[1.680s] Level 1:colcon.colcon_core.package_identification:_identify(install) ignored
[1.680s] Level 1:colcon.colcon_core.package_identification:_identify(log) by extensions ['ignore', 'ignore_ament_install']
[1.680s] Level 1:colcon.colcon_core.package_identification:_identify(log) by extension 'ignore'
[1.680s] Level 1:colcon.colcon_core.package_identification:_identify(log) ignored
[1.681s] Level 1:colcon.colcon_core.package_identification:_identify(src) by extensions ['ignore', 'ignore_ament_install']
[1.681s] Level 1:colcon.colcon_core.package_identification:_identify(src) by extension 'ignore'
[1.681s] Level 1:colcon.colcon_core.package_identification:_identify(src) by extension 'ignore_ament_install'
[1.681s] Level 1:colcon.colcon_core.package_identification:_identify(src) by extensions ['colcon_pkg']
[1.681s] Level 1:colcon.colcon_core.package_identification:_identify(src) by extension 'colcon_pkg'
[1.682s] Level 1:colcon.colcon_core.package_identification:_identify(src) by extensions ['colcon_meta']
[1.682s] Level 1:colcon.colcon_core.package_identification:_identify(src) by extension 'colcon_meta'
[1.682s] Level 1:colcon.colcon_core.package_identification:_identify(src) by extensions ['ros']
[1.682s] Level 1:colcon.colcon_core.package_identification:_identify(src) by extension 'ros'
[1.685s] DEBUG:colcon.colcon_core.package_identification:Failed to parse potential ROS package manifest in'src': Error(s) in package 'src/package.xml':
The manifest contains invalid XML:
no element found: line 1, column 0
[1.685s] Level 1:colcon.colcon_core.package_identification:_identify(src) by extensions ['cmake', 'python']
[1.685s] Level 1:colcon.colcon_core.package_identification:_identify(src) by extension 'cmake'
[1.685s] Level 1:colcon.colcon_core.package_identification:_identify(src) by extension 'python'
[1.685s] Level 1:colcon.colcon_core.package_identification:_identify(src) by extensions ['python_setup_py']
[1.685s] Level 1:colcon.colcon_core.package_identification:_identify(src) by extension 'python_setup_py'
[1.686s] Level 1:colcon.colcon_core.package_identification:_identify(src/mypkg) by extensions ['ignore', 'ignore_ament_install']
[1.687s] Level 1:colcon.colcon_core.package_identification:_identify(src/mypkg) by extension 'ignore'
[1.687s] Level 1:colcon.colcon_core.package_identification:_identify(src/mypkg) by extension 'ignore_ament_install'
[1.687s] Level 1:colcon.colcon_core.package_identification:_identify(src/mypkg) by extensions ['colcon_pkg']
[1.687s] Level 1:colcon.colcon_core.package_identification:_identify(src/mypkg) by extension 'colcon_pkg'
[1.687s] Level 1:colcon.colcon_core.package_identification:_identify(src/mypkg) by extensions ['colcon_meta']
[1.687s] Level 1:colcon.colcon_core.package_identification:_identify(src/mypkg) by extension 'colcon_meta'
[1.687s] Level 1:colcon.colcon_core.package_identification:_identify(src/mypkg) by extensions ['ros']
[1.687s] Level 1:colcon.colcon_core.package_identification:_identify(src/mypkg) by extension 'ros'
[1.693s] DEBUG:colcon.colcon_core.package_identification:Package 'src/mypkg' with type 'ros.ament_python' and name 'mypkg'
[1.694s] Level 1:colcon.colcon_core.package_identification:_identify(src/person_msgs) by extensions ['ignore', 'ignore_ament_install']
[1.694s] Level 1:colcon.colcon_core.package_identification:_identify(src/person_msgs) by extension 'ignore'
[1.694s] Level 1:colcon.colcon_core.package_identification:_identify(src/person_msgs) by extension 'ignore_ament_install'
[1.695s] Level 1:colcon.colcon_core.package_identification:_identify(src/person_msgs) by extensions ['colcon_pkg']
[1.695s] Level 1:colcon.colcon_core.package_identification:_identify(src/person_msgs) by extension 'colcon_pkg'
[1.695s] Level 1:colcon.colcon_core.package_identification:_identify(src/person_msgs) by extensions ['colcon_meta']
[1.695s] Level 1:colcon.colcon_core.package_identification:_identify(src/person_msgs) by extension 'colcon_meta'
[1.695s] Level 1:colcon.colcon_core.package_identification:_identify(src/person_msgs) by extensions ['ros']
[1.695s] Level 1:colcon.colcon_core.package_identification:_identify(src/person_msgs) by extension 'ros'
[1.697s] DEBUG:colcon.colcon_core.package_identification:Package 'src/person_msgs' with type 'ros.ament_cmake' and name 'person_msgs'
[1.697s] Level 1:colcon.colcon_core.package_discovery:discover_packages(recursive) using defaults
[1.697s] Level 1:colcon.colcon_core.package_discovery:discover_packages(ignore) discover
[1.697s] Level 1:colcon.colcon_core.package_discovery:discover_packages(ignore) using defaults
[1.697s] Level 1:colcon.colcon_core.package_discovery:discover_packages(path) discover
[1.697s] Level 1:colcon.colcon_core.package_discovery:discover_packages(path) using defaults
[1.779s] Level 1:colcon.colcon_core.package_discovery:discover_packages(prefix_path) check parameters
[1.779s] Level 1:colcon.colcon_core.package_discovery:discover_packages(prefix_path) discover
[1.791s] DEBUG:colcon.colcon_installed_package_information.package_discovery:Found 2 installed packages in /home/naitou/ros2_ws/install
[1.796s] DEBUG:colcon.colcon_installed_package_information.package_discovery:Found 271 installed packages in /opt/ros/humble
[1.801s] Level 1:colcon.colcon_core.package_discovery:discover_packages(prefix_path) using defaults
[2.061s] Level 5:colcon.colcon_core.verb:set package 'mypkg' build argument 'cmake_args' from command line to 'None'
[2.061s] Level 5:colcon.colcon_core.verb:set package 'mypkg' build argument 'cmake_target' from command line to 'None'
[2.061s] Level 5:colcon.colcon_core.verb:set package 'mypkg' build argument 'cmake_target_skip_unavailable' from command line to 'False'
[2.061s] Level 5:colcon.colcon_core.verb:set package 'mypkg' build argument 'cmake_clean_cache' from command line to 'False'
[2.061s] Level 5:colcon.colcon_core.verb:set package 'mypkg' build argument 'cmake_clean_first' from command line to 'False'
[2.061s] Level 5:colcon.colcon_core.verb:set package 'mypkg' build argument 'cmake_force_configure' from command line to 'False'
[2.061s] Level 5:colcon.colcon_core.verb:set package 'mypkg' build argument 'ament_cmake_args' from command line to 'None'
[2.061s] Level 5:colcon.colcon_core.verb:set package 'mypkg' build argument 'catkin_cmake_args' from command line to 'None'
[2.061s] Level 5:colcon.colcon_core.verb:set package 'mypkg' build argument 'catkin_skip_building_tests' from command line to 'False'
[2.061s] DEBUG:colcon.colcon_core.verb:Building package 'mypkg' with the following arguments: {'ament_cmake_args': None, 'build_base': '/home/naitou/ros2_ws/build/mypkg', 'catkin_cmake_args': None, 'catkin_skip_building_tests': False, 'cmake_args': None, 'cmake_clean_cache': False, 'cmake_clean_first': False, 'cmake_force_configure': False, 'cmake_target': None, 'cmake_target_skip_unavailable': False, 'install_base': '/home/naitou/ros2_ws/install/mypkg', 'merge_install': False, 'path': '/home/naitou/ros2_ws/src/mypkg', 'symlink_install': False, 'test_result_base': None}
[2.062s] Level 5:colcon.colcon_core.verb:set package 'person_msgs' build argument 'cmake_args' from command line to 'None'
[2.062s] Level 5:colcon.colcon_core.verb:set package 'person_msgs' build argument 'cmake_target' from command line to 'None'
[2.062s] Level 5:colcon.colcon_core.verb:set package 'person_msgs' build argument 'cmake_target_skip_unavailable' from command line to 'False'
[2.062s] Level 5:colcon.colcon_core.verb:set package 'person_msgs' build argument 'cmake_clean_cache' from command line to 'False'
[2.063s] Level 5:colcon.colcon_core.verb:set package 'person_msgs' build argument 'cmake_clean_first' from command line to 'False'
[2.063s] Level 5:colcon.colcon_core.verb:set package 'person_msgs' build argument 'cmake_force_configure' from command line to 'False'
[2.063s] Level 5:colcon.colcon_core.verb:set package 'person_msgs' build argument 'ament_cmake_args' from command line to 'None'
[2.063s] Level 5:colcon.colcon_core.verb:set package 'person_msgs' build argument 'catkin_cmake_args' from command line to 'None'
[2.063s] Level 5:colcon.colcon_core.verb:set package 'person_msgs' build argument 'catkin_skip_building_tests' from command line to 'False'
[2.064s] DEBUG:colcon.colcon_core.verb:Building package 'person_msgs' with the following arguments: {'ament_cmake_args': None, 'build_base': '/home/naitou/ros2_ws/build/person_msgs', 'catkin_cmake_args': None, 'catkin_skip_building_tests': False, 'cmake_args': None, 'cmake_clean_cache': False, 'cmake_clean_first': False, 'cmake_force_configure': False, 'cmake_target': None, 'cmake_target_skip_unavailable': False, 'install_base': '/home/naitou/ros2_ws/install/person_msgs', 'merge_install': False, 'path': '/home/naitou/ros2_ws/src/person_msgs', 'symlink_install': False, 'test_result_base': None}
[2.064s] INFO:colcon.colcon_core.executor:Executing jobs using 'parallel' executor
[2.068s] DEBUG:colcon.colcon_parallel_executor.executor.parallel:run_until_complete
[2.069s] INFO:colcon.colcon_ros.task.ament_python.build:Building ROS package in '/home/naitou/ros2_ws/src/mypkg' with build type 'ament_python'
[2.069s] Level 1:colcon.colcon_core.shell:create_environment_hook('mypkg', 'ament_prefix_path')
[2.085s] INFO:colcon.colcon_core.plugin_system:Skipping extension 'colcon_core.shell.bat': Not used on non-Windows systems
[2.086s] INFO:colcon.colcon_core.shell:Creating environment hook '/home/naitou/ros2_ws/install/mypkg/share/mypkg/hook/ament_prefix_path.ps1'
[2.089s] INFO:colcon.colcon_core.shell:Creating environment descriptor '/home/naitou/ros2_ws/install/mypkg/share/mypkg/hook/ament_prefix_path.dsv'
[2.091s] INFO:colcon.colcon_core.shell:Creating environment hook '/home/naitou/ros2_ws/install/mypkg/share/mypkg/hook/ament_prefix_path.sh'
[2.093s] INFO:colcon.colcon_core.shell:Skip shell extension 'powershell' for command environment: Not usable outside of PowerShell
[2.094s] DEBUG:colcon.colcon_core.shell:Skip shell extension 'dsv' for command environment
[2.103s] INFO:colcon.colcon_ros.task.ament_cmake.build:Building ROS package in '/home/naitou/ros2_ws/src/person_msgs' with build type 'ament_cmake'
[2.103s] INFO:colcon.colcon_cmake.task.cmake.build:Building CMake package in '/home/naitou/ros2_ws/src/person_msgs'
[2.104s] INFO:colcon.colcon_core.shell:Skip shell extension 'powershell' for command environment: Not usable outside of PowerShell
[2.104s] DEBUG:colcon.colcon_core.shell:Skip shell extension 'dsv' for command environment
[2.774s] INFO:colcon.colcon_core.task.python.build:Building Python package in '/home/naitou/ros2_ws/src/mypkg'
[2.775s] INFO:colcon.colcon_core.shell:Skip shell extension 'powershell' for command environment: Not usable outside of PowerShell
[2.775s] DEBUG:colcon.colcon_core.shell:Skip shell extension 'dsv' for command environment
[2.802s] DEBUG:colcon.colcon_core.event_handler.log_command:Invoking command in '/home/naitou/ros2_ws/build/person_msgs': CMAKE_PREFIX_PATH=${CMAKE_PREFIX_PATH}:/home/naitou/ros2_ws/install/mypkg:/opt/ros/humble CONDA_PROMPT_MODIFIER=(base) /usr/bin/cmake --build /home/naitou/ros2_ws/build/person_msgs -- -j16 -l16
[3.921s] DEBUG:colcon.colcon_core.event_handler.log_command:Invoked command in '/home/naitou/ros2_ws/build/person_msgs' returned '0': CMAKE_PREFIX_PATH=${CMAKE_PREFIX_PATH}:/home/naitou/ros2_ws/install/mypkg:/opt/ros/humble CONDA_PROMPT_MODIFIER=(base) /usr/bin/cmake --build /home/naitou/ros2_ws/build/person_msgs -- -j16 -l16
[3.964s] DEBUG:colcon.colcon_core.event_handler.log_command:Invoking command in '/home/naitou/ros2_ws/build/person_msgs': CMAKE_PREFIX_PATH=${CMAKE_PREFIX_PATH}:/home/naitou/ros2_ws/install/mypkg:/opt/ros/humble CONDA_PROMPT_MODIFIER=(base) /usr/bin/cmake --install /home/naitou/ros2_ws/build/person_msgs
[4.170s] Level 1:colcon.colcon_core.environment:create_environment_scripts_only(person_msgs)
[4.172s] DEBUG:colcon.colcon_core.event_handler.log_command:Invoked command in '/home/naitou/ros2_ws/build/person_msgs' returned '0': CMAKE_PREFIX_PATH=${CMAKE_PREFIX_PATH}:/home/naitou/ros2_ws/install/mypkg:/opt/ros/humble CONDA_PROMPT_MODIFIER=(base) /usr/bin/cmake --install /home/naitou/ros2_ws/build/person_msgs
[4.189s] Level 1:colcon.colcon_core.environment:checking '/home/naitou/ros2_ws/install/person_msgs' for CMake module files
[4.191s] Level 1:colcon.colcon_core.environment:checking '/home/naitou/ros2_ws/install/person_msgs' for CMake config files
[4.199s] Level 1:colcon.colcon_core.shell:create_environment_hook('person_msgs', 'cmake_prefix_path')
[4.199s] INFO:colcon.colcon_core.shell:Creating environment hook '/home/naitou/ros2_ws/install/person_msgs/share/person_msgs/hook/cmake_prefix_path.ps1'
[4.201s] INFO:colcon.colcon_core.shell:Creating environment descriptor '/home/naitou/ros2_ws/install/person_msgs/share/person_msgs/hook/cmake_prefix_path.dsv'
[4.203s] INFO:colcon.colcon_core.shell:Creating environment hook '/home/naitou/ros2_ws/install/person_msgs/share/person_msgs/hook/cmake_prefix_path.sh'
[4.205s] Level 1:colcon.colcon_core.environment:checking '/home/naitou/ros2_ws/install/person_msgs/lib'
[4.206s] Level 1:colcon.colcon_core.shell:create_environment_hook('person_msgs', 'ld_library_path_lib')
[4.206s] INFO:colcon.colcon_core.shell:Creating environment hook '/home/naitou/ros2_ws/install/person_msgs/share/person_msgs/hook/ld_library_path_lib.ps1'
[4.207s] INFO:colcon.colcon_core.shell:Creating environment descriptor '/home/naitou/ros2_ws/install/person_msgs/share/person_msgs/hook/ld_library_path_lib.dsv'
[4.208s] INFO:colcon.colcon_core.shell:Creating environment hook '/home/naitou/ros2_ws/install/person_msgs/share/person_msgs/hook/ld_library_path_lib.sh'
[4.209s] Level 1:colcon.colcon_core.environment:checking '/home/naitou/ros2_ws/install/person_msgs/bin'
[4.209s] Level 1:colcon.colcon_core.environment:checking '/home/naitou/ros2_ws/install/person_msgs/lib/pkgconfig/person_msgs.pc'
[4.210s] Level 1:colcon.colcon_core.environment:checking '/home/naitou/ros2_ws/install/person_msgs/lib/python3.10/site-packages'
[4.211s] Level 1:colcon.colcon_core.environment:checking '/home/naitou/ros2_ws/install/person_msgs/bin'
[4.212s] INFO:colcon.colcon_core.shell:Creating package script '/home/naitou/ros2_ws/install/person_msgs/share/person_msgs/package.ps1'
[4.214s] INFO:colcon.colcon_core.shell:Creating package descriptor '/home/naitou/ros2_ws/install/person_msgs/share/person_msgs/package.dsv'
[4.216s] INFO:colcon.colcon_core.shell:Creating package script '/home/naitou/ros2_ws/install/person_msgs/share/person_msgs/package.sh'
[4.219s] INFO:colcon.colcon_core.shell:Creating package script '/home/naitou/ros2_ws/install/person_msgs/share/person_msgs/package.bash'
[4.222s] INFO:colcon.colcon_core.shell:Creating package script '/home/naitou/ros2_ws/install/person_msgs/share/person_msgs/package.zsh'
[4.225s] Level 1:colcon.colcon_core.environment:create_file_with_runtime_dependencies(/home/naitou/ros2_ws/install/person_msgs/share/colcon-core/packages/person_msgs)
[4.226s] Level 1:colcon.colcon_core.environment:create_environment_scripts_only(person_msgs)
[4.227s] Level 1:colcon.colcon_core.environment:checking '/home/naitou/ros2_ws/install/person_msgs' for CMake module files
[4.228s] Level 1:colcon.colcon_core.environment:checking '/home/naitou/ros2_ws/install/person_msgs' for CMake config files
[4.229s] Level 1:colcon.colcon_core.shell:create_environment_hook('person_msgs', 'cmake_prefix_path')
[4.229s] INFO:colcon.colcon_core.shell:Creating environment hook '/home/naitou/ros2_ws/install/person_msgs/share/person_msgs/hook/cmake_prefix_path.ps1'
[4.230s] INFO:colcon.colcon_core.shell:Creating environment descriptor '/home/naitou/ros2_ws/install/person_msgs/share/person_msgs/hook/cmake_prefix_path.dsv'
[4.231s] INFO:colcon.colcon_core.shell:Creating environment hook '/home/naitou/ros2_ws/install/person_msgs/share/person_msgs/hook/cmake_prefix_path.sh'
[4.232s] Level 1:colcon.colcon_core.environment:checking '/home/naitou/ros2_ws/install/person_msgs/lib'
[4.233s] Level 1:colcon.colcon_core.shell:create_environment_hook('person_msgs', 'ld_library_path_lib')
[4.233s] INFO:colcon.colcon_core.shell:Creating environment hook '/home/naitou/ros2_ws/install/person_msgs/share/person_msgs/hook/ld_library_path_lib.ps1'
[4.234s] INFO:colcon.colcon_core.shell:Creating environment descriptor '/home/naitou/ros2_ws/install/person_msgs/share/person_msgs/hook/ld_library_path_lib.dsv'
[4.235s] INFO:colcon.colcon_core.shell:Creating environment hook '/home/naitou/ros2_ws/install/person_msgs/share/person_msgs/hook/ld_library_path_lib.sh'
[4.236s] Level 1:colcon.colcon_core.environment:checking '/home/naitou/ros2_ws/install/person_msgs/bin'
[4.237s] Level 1:colcon.colcon_core.environment:checking '/home/naitou/ros2_ws/install/person_msgs/lib/pkgconfig/person_msgs.pc'
[4.238s] Level 1:colcon.colcon_core.environment:checking '/home/naitou/ros2_ws/install/person_msgs/lib/python3.10/site-packages'
[4.238s] Level 1:colcon.colcon_core.environment:checking '/home/naitou/ros2_ws/install/person_msgs/bin'
[4.239s] INFO:colcon.colcon_core.shell:Creating package script '/home/naitou/ros2_ws/install/person_msgs/share/person_msgs/package.ps1'
[4.240s] INFO:colcon.colcon_core.shell:Creating package descriptor '/home/naitou/ros2_ws/install/person_msgs/share/person_msgs/package.dsv'
[4.242s] INFO:colcon.colcon_core.shell:Creating package script '/home/naitou/ros2_ws/install/person_msgs/share/person_msgs/package.sh'
[4.243s] INFO:colcon.colcon_core.shell:Creating package script '/home/naitou/ros2_ws/install/person_msgs/share/person_msgs/package.bash'
[4.244s] INFO:colcon.colcon_core.shell:Creating package script '/home/naitou/ros2_ws/install/person_msgs/share/person_msgs/package.zsh'
[4.245s] Level 1:colcon.colcon_core.environment:create_file_with_runtime_dependencies(/home/naitou/ros2_ws/install/person_msgs/share/colcon-core/packages/person_msgs)
[4.258s] DEBUG:colcon.colcon_core.event_handler.log_command:Invoking command in '/home/naitou/ros2_ws/src/mypkg': CONDA_PROMPT_MODIFIER=(base) PYTHONPATH=/home/naitou/ros2_ws/build/mypkg/prefix_override:/usr/lib/python3/dist-packages/colcon_core/task/python/colcon_distutils_commands:/home/naitou/ros2_ws/install/mypkg/lib/python3.10/site-packages:${PYTHONPATH} /usr/bin/python3 -W ignore:setup.py install is deprecated -W ignore:easy_install command is deprecated setup.py egg_info --egg-base ../../build/mypkg build --build-base /home/naitou/ros2_ws/build/mypkg/build install --record /home/naitou/ros2_ws/build/mypkg/install.log --single-version-externally-managed install_data
[4.926s] Level 1:colcon.colcon_core.environment:checking '/home/naitou/ros2_ws/install/mypkg' for CMake module files
[4.928s] DEBUG:colcon.colcon_core.event_handler.log_command:Invoked command in '/home/naitou/ros2_ws/src/mypkg' returned '0': CONDA_PROMPT_MODIFIER=(base) PYTHONPATH=/home/naitou/ros2_ws/build/mypkg/prefix_override:/usr/lib/python3/dist-packages/colcon_core/task/python/colcon_distutils_commands:/home/naitou/ros2_ws/install/mypkg/lib/python3.10/site-packages:${PYTHONPATH} /usr/bin/python3 -W ignore:setup.py install is deprecated -W ignore:easy_install command is deprecated setup.py egg_info --egg-base ../../build/mypkg build --build-base /home/naitou/ros2_ws/build/mypkg/build install --record /home/naitou/ros2_ws/build/mypkg/install.log --single-version-externally-managed install_data
[4.930s] Level 1:colcon.colcon_core.environment:checking '/home/naitou/ros2_ws/install/mypkg' for CMake config files
[4.938s] Level 1:colcon.colcon_core.environment:checking '/home/naitou/ros2_ws/install/mypkg/lib'
[4.938s] Level 1:colcon.colcon_core.environment:checking '/home/naitou/ros2_ws/install/mypkg/bin'
[4.938s] Level 1:colcon.colcon_core.environment:checking '/home/naitou/ros2_ws/install/mypkg/lib/pkgconfig/mypkg.pc'
[4.939s] Level 1:colcon.colcon_core.environment:checking '/home/naitou/ros2_ws/install/mypkg/lib/python3.10/site-packages'
[4.939s] Level 1:colcon.colcon_core.shell:create_environment_hook('mypkg', 'pythonpath')
[4.939s] INFO:colcon.colcon_core.shell:Creating environment hook '/home/naitou/ros2_ws/install/mypkg/share/mypkg/hook/pythonpath.ps1'
[4.940s] INFO:colcon.colcon_core.shell:Creating environment descriptor '/home/naitou/ros2_ws/install/mypkg/share/mypkg/hook/pythonpath.dsv'
[4.942s] INFO:colcon.colcon_core.shell:Creating environment hook '/home/naitou/ros2_ws/install/mypkg/share/mypkg/hook/pythonpath.sh'
[4.943s] Level 1:colcon.colcon_core.environment:checking '/home/naitou/ros2_ws/install/mypkg/bin'
[4.943s] Level 1:colcon.colcon_core.environment:create_environment_scripts_only(mypkg)
[4.944s] INFO:colcon.colcon_core.shell:Creating package script '/home/naitou/ros2_ws/install/mypkg/share/mypkg/package.ps1'
[4.945s] INFO:colcon.colcon_core.shell:Creating package descriptor '/home/naitou/ros2_ws/install/mypkg/share/mypkg/package.dsv'
[4.946s] INFO:colcon.colcon_core.shell:Creating package script '/home/naitou/ros2_ws/install/mypkg/share/mypkg/package.sh'
[4.948s] INFO:colcon.colcon_core.shell:Creating package script '/home/naitou/ros2_ws/install/mypkg/share/mypkg/package.bash'
[4.949s] INFO:colcon.colcon_core.shell:Creating package script '/home/naitou/ros2_ws/install/mypkg/share/mypkg/package.zsh'
[4.950s] Level 1:colcon.colcon_core.environment:create_file_with_runtime_dependencies(/home/naitou/ros2_ws/install/mypkg/share/colcon-core/packages/mypkg)
[4.951s] DEBUG:colcon.colcon_parallel_executor.executor.parallel:closing loop
[4.952s] DEBUG:colcon.colcon_parallel_executor.executor.parallel:loop closed
[4.952s] DEBUG:colcon.colcon_parallel_executor.executor.parallel:run_until_complete finished with '0'
[4.953s] DEBUG:colcon.colcon_core.event_reactor:joining thread
[5.087s] INFO:colcon.colcon_core.plugin_system:Skipping extension 'colcon_notification.desktop_notification.notify_send': Could not find 'notify-send'
[5.088s] INFO:colcon.colcon_core.plugin_system:Skipping extension 'colcon_notification.desktop_notification.terminal_notifier': Not used on non-Darwin systems
[5.088s] INFO:colcon.colcon_core.plugin_system:Skipping extension 'colcon_notification.desktop_notification.win32': Not used on non-Windows systems
[5.088s] INFO:colcon.colcon_notification.desktop_notification:Sending desktop notification using 'notify2'
[5.093s] DEBUG:colcon.colcon_notification.desktop_notification.notify2:Failed to initialize notify2: org.freedesktop.DBus.Error.ServiceUnknown: The name org.freedesktop.Notifications was not provided by any .service files
[5.094s] DEBUG:colcon.colcon_core.event_reactor:joined thread
[5.094s] INFO:colcon.colcon_core.shell:Creating prefix script '/home/naitou/ros2_ws/install/local_setup.ps1'
[5.097s] INFO:colcon.colcon_core.shell:Creating prefix util module '/home/naitou/ros2_ws/install/_local_setup_util_ps1.py'
[5.100s] INFO:colcon.colcon_core.shell:Creating prefix chain script '/home/naitou/ros2_ws/install/setup.ps1'
[5.104s] INFO:colcon.colcon_core.shell:Creating prefix script '/home/naitou/ros2_ws/install/local_setup.sh'
[5.106s] INFO:colcon.colcon_core.shell:Creating prefix util module '/home/naitou/ros2_ws/install/_local_setup_util_sh.py'
[5.108s] INFO:colcon.colcon_core.shell:Creating prefix chain script '/home/naitou/ros2_ws/install/setup.sh'
[5.110s] INFO:colcon.colcon_core.shell:Creating prefix script '/home/naitou/ros2_ws/install/local_setup.bash'
[5.112s] INFO:colcon.colcon_core.shell:Creating prefix chain script '/home/naitou/ros2_ws/install/setup.bash'
[5.115s] INFO:colcon.colcon_core.shell:Creating prefix script '/home/naitou/ros2_ws/install/local_setup.zsh'
[5.117s] INFO:colcon.colcon_core.shell:Creating prefix chain script '/home/naitou/ros2_ws/install/setup.zsh'
